2025-09-08 04:08:31,242 - 🚀SS級GPU-MFDFA🚀 - INFO - 🚀 SS級GPU-MFDFA環境初期化開始 🚀
2025-09-08 04:08:31,243 - 🚀SS級GPU-MFDFA🚀 - INFO - init
2025-09-08 04:21:03,475 - 🚀SS級GPU-MFDFA🚀 - INFO - 🚀 SS級GPU-MFDFA環境初期化開始 🚀
2025-09-08 04:21:03,475 - 🚀SS級GPU-MFDFA🚀 - INFO - init
2025-09-08 04:21:41,878 - 🚀SS級GPU-MFDFA🚀 - INFO - 🚀 SS級GPU-MFDFA環境初期化開始 🚀
2025-09-08 04:21:41,878 - 🚀SS級GPU-MFDFA🚀 - INFO - init
2025-09-08 04:25:26,431 - 🚀SS級GPU-MFDFA🚀 - INFO - 🚀 SS級GPU-MFDFA環境初期化開始 🚀
2025-09-08 04:25:26,431 - 🚀SS級GPU-MFDFA🚀 - INFO - init
2025-09-08 04:29:23,096 - 🚀SS級GPU-MFDFA🚀 - INFO - 🚀 SS級GPU-MFDFA環境初期化開始 🚀
2025-09-08 04:29:23,096 - 🚀SS級GPU-MFDFA🚀 - INFO - init
2025-09-08 04:31:23,217 - 🚀SS級GPU-MFDFA🚀 - INFO - 🚀 SS級GPU-MFDFA環境初期化開始 🚀
2025-09-08 04:31:23,217 - 🚀SS級GPU-MFDFA🚀 - INFO - init
2025-09-08 04:31:23,385 - 🚀SS級GPU-MFDFA🚀 - INFO - GPU初期化完了: NVIDIA GeForce RTX 3060
2025-09-08 04:31:23,385 - 🚀SS級GPU-MFDFA🚀 - INFO - VRAM使用可能: 11.0GB / 12.0GB
2025-09-08 04:31:23,385 - 🚀SS級GPU-MFDFA🚀 - INFO - Dask-CUDAクラスター初期化中... (デバイスメモリ制限: 7GB)
2025-09-08 04:31:26,500 - 🚀SS級GPU-MFDFA🚀 - INFO - Dask-CUDAクラスター起動完了: 1ワーカー
2025-09-08 04:31:26,500 - 🚀SS級GPU-MFDFA🚀 - INFO - ダッシュボードURL: http://localhost:8787
2025-09-08 04:31:26,501 - 🚀SS級GPU-MFDFA🚀 - INFO - 🎯 GPU構成:
2025-09-08 04:31:26,501 - 🚀SS級GPU-MFDFA🚀 - INFO -   デバイス: NVIDIA GeForce RTX 3060
2025-09-08 04:31:26,501 - 🚀SS級GPU-MFDFA🚀 - INFO -   計算能力: (8, 6)
2025-09-08 04:31:26,501 - 🚀SS級GPU-MFDFA🚀 - INFO -   VRAM: 12.0GB
2025-09-08 04:31:26,501 - 🚀SS級GPU-MFDFA🚀 - INFO -   SM数: 28
2025-09-08 04:31:26,501 - 🚀SS級GPU-MFDFA🚀 - INFO -   メモリ帯域: 0.0GB/s
2025-09-08 04:31:26,502 - 🚀SS級GPU-MFDFA🚀 - INFO - 🔗 Dask-CUDA: active (1ワーカー)
2025-09-08 04:31:26,502 - 🚀SS級GPU-MFDFA🚀 - INFO - ✅ SS級GPU-MFDFA環境初期化完了
2025-09-08 04:31:26,806 - 🚀SS級GPU-MFDFA🚀 - INFO - Dask-CUDAクラスタークリーンアップ完了
2025-09-08 04:32:57,642 - 🚀SS級GPU-MFDFA🚀 - INFO - 🚀 SS級GPU-MFDFA環境初期化開始 🚀
2025-09-08 04:32:57,642 - 🚀SS級GPU-MFDFA🚀 - INFO - init
2025-09-08 04:32:57,801 - 🚀SS級GPU-MFDFA🚀 - INFO - GPU初期化完了: NVIDIA GeForce RTX 3060
2025-09-08 04:32:57,801 - 🚀SS級GPU-MFDFA🚀 - INFO - VRAM使用可能: 11.0GB / 12.0GB
2025-09-08 04:32:57,801 - 🚀SS級GPU-MFDFA🚀 - INFO - Dask-CUDAクラスター初期化中... (デバイスメモリ制限: 7GB)
2025-09-08 04:33:00,523 - 🚀SS級GPU-MFDFA🚀 - INFO - Dask-CUDAクラスター起動完了: 1ワーカー
2025-09-08 04:33:00,523 - 🚀SS級GPU-MFDFA🚀 - INFO - ダッシュボードURL: http://localhost:8787
2025-09-08 04:33:00,523 - 🚀SS級GPU-MFDFA🚀 - INFO - 🎯 GPU構成:
2025-09-08 04:33:00,523 - 🚀SS級GPU-MFDFA🚀 - INFO -   デバイス: NVIDIA GeForce RTX 3060
2025-09-08 04:33:00,523 - 🚀SS級GPU-MFDFA🚀 - INFO -   計算能力: (8, 6)
2025-09-08 04:33:00,524 - 🚀SS級GPU-MFDFA🚀 - INFO -   VRAM: 12.0GB
2025-09-08 04:33:00,524 - 🚀SS級GPU-MFDFA🚀 - INFO -   SM数: 28
2025-09-08 04:33:00,524 - 🚀SS級GPU-MFDFA🚀 - INFO -   メモリ帯域: 0.0GB/s
2025-09-08 04:33:00,524 - 🚀SS級GPU-MFDFA🚀 - INFO - 🔗 Dask-CUDA: active (1ワーカー)
2025-09-08 04:33:00,525 - 🚀SS級GPU-MFDFA🚀 - INFO - ✅ SS級GPU-MFDFA環境初期化完了
2025-09-08 04:33:00,823 - 🚀SS級GPU-MFDFA🚀 - INFO - Dask-CUDAクラスタークリーンアップ完了
2025-09-08 05:30:45,006 - 🚀SS級GPU-MFDFA🚀 - INFO - 🚀 SS級GPU-MFDFA環境初期化開始 🚀
2025-09-08 05:30:45,007 - 🚀SS級GPU-MFDFA🚀 - INFO - init
2025-09-08 05:30:45,214 - 🚀SS級GPU-MFDFA🚀 - INFO - GPU初期化完了: NVIDIA GeForce RTX 3060
2025-09-08 05:30:45,214 - 🚀SS級GPU-MFDFA🚀 - INFO - VRAM使用可能: 11.0GB / 12.0GB
2025-09-08 05:30:45,214 - 🚀SS級GPU-MFDFA🚀 - INFO - Dask-CUDAクラスター初期化中... (デバイスメモリ制限: 7GB)
2025-09-08 05:30:48,174 - 🚀SS級GPU-MFDFA🚀 - INFO - Dask-CUDAクラスター起動完了: 1ワーカー
2025-09-08 05:30:48,174 - 🚀SS級GPU-MFDFA🚀 - INFO - ダッシュボードURL: http://localhost:8787
2025-09-08 05:30:48,174 - 🚀SS級GPU-MFDFA🚀 - INFO - 🎯 GPU構成:
2025-09-08 05:30:48,174 - 🚀SS級GPU-MFDFA🚀 - INFO -   デバイス: NVIDIA GeForce RTX 3060
2025-09-08 05:30:48,174 - 🚀SS級GPU-MFDFA🚀 - INFO -   計算能力: (8, 6)
2025-09-08 05:30:48,174 - 🚀SS級GPU-MFDFA🚀 - INFO -   VRAM: 12.0GB
2025-09-08 05:30:48,174 - 🚀SS級GPU-MFDFA🚀 - INFO -   SM数: 28
2025-09-08 05:30:48,174 - 🚀SS級GPU-MFDFA🚀 - INFO -   メモリ帯域: 0.0GB/s
2025-09-08 05:30:48,175 - 🚀SS級GPU-MFDFA🚀 - INFO - 🔗 Dask-CUDA: active (1ワーカー)
2025-09-08 05:30:48,175 - 🚀SS級GPU-MFDFA🚀 - INFO - ✅ SS級GPU-MFDFA環境初期化完了
2025-09-08 05:30:48,578 - 🚀SS級GPU-MFDFA🚀 - INFO - Dask-CUDAクラスタークリーンアップ完了
2025-09-08 05:37:54,388 - 🚀SS級GPU-MFDFA🚀 - INFO - 🚀 SS級GPU-MFDFA環境初期化開始 🚀
2025-09-08 05:37:54,389 - 🚀SS級GPU-MFDFA🚀 - INFO - GPU初期化完了: NVIDIA GeForce RTX 3060
2025-09-08 05:37:54,389 - 🚀SS級GPU-MFDFA🚀 - INFO - VRAM使用可能: 11.0GB / 12.0GB
2025-09-08 05:37:54,389 - 🚀SS級GPU-MFDFA🚀 - INFO - Dask-CUDAクラスター初期化中... (デバイスメモリ制限: 7GB)
2025-09-08 05:37:56,733 - 🚀SS級GPU-MFDFA🚀 - INFO - Dask-CUDAクラスター起動完了: 1ワーカー
2025-09-08 05:37:56,733 - 🚀SS級GPU-MFDFA🚀 - INFO - ダッシュボードURL: http://localhost:8787
2025-09-08 05:37:56,734 - 🚀SS級GPU-MFDFA🚀 - INFO - 🎯 GPU構成:
2025-09-08 05:37:56,734 - 🚀SS級GPU-MFDFA🚀 - INFO -   デバイス: NVIDIA GeForce RTX 3060
2025-09-08 05:37:56,734 - 🚀SS級GPU-MFDFA🚀 - INFO -   計算能力: (8, 6)
2025-09-08 05:37:56,734 - 🚀SS級GPU-MFDFA🚀 - INFO -   VRAM: 12.0GB
2025-09-08 05:37:56,734 - 🚀SS級GPU-MFDFA🚀 - INFO -   SM数: 28
2025-09-08 05:37:56,734 - 🚀SS級GPU-MFDFA🚀 - INFO -   メモリ帯域: 0.0GB/s
2025-09-08 05:37:56,735 - 🚀SS級GPU-MFDFA🚀 - INFO - 🔗 Dask-CUDA: active (1ワーカー)
2025-09-08 05:37:56,735 - 🚀SS級GPU-MFDFA🚀 - INFO - ✅ SS級GPU-MFDFA環境初期化完了
2025-09-08 05:37:56,735 - 🚀SS級GPU-MFDFA🚀 - INFO - 🚀 SS級GPU-MFDFA環境初期化開始 🚀
2025-09-08 05:37:56,736 - 🚀SS級GPU-MFDFA🚀 - INFO - GPU初期化完了: NVIDIA GeForce RTX 3060
2025-09-08 05:37:56,736 - 🚀SS級GPU-MFDFA🚀 - INFO - VRAM使用可能: 11.0GB / 12.0GB
2025-09-08 05:37:56,736 - 🚀SS級GPU-MFDFA🚀 - INFO - Dask-CUDAクラスター初期化中... (デバイスメモリ制限: 7GB)
2025-09-08 05:37:58,970 - 🚀SS級GPU-MFDFA🚀 - INFO - Dask-CUDAクラスター起動完了: 1ワーカー
2025-09-08 05:37:58,970 - 🚀SS級GPU-MFDFA🚀 - INFO - ダッシュボードURL: http://localhost:8787
2025-09-08 05:37:58,970 - 🚀SS級GPU-MFDFA🚀 - INFO - 🎯 GPU構成:
2025-09-08 05:37:58,970 - 🚀SS級GPU-MFDFA🚀 - INFO -   デバイス: NVIDIA GeForce RTX 3060
2025-09-08 05:37:58,970 - 🚀SS級GPU-MFDFA🚀 - INFO -   計算能力: (8, 6)
2025-09-08 05:37:58,970 - 🚀SS級GPU-MFDFA🚀 - INFO -   VRAM: 12.0GB
2025-09-08 05:37:58,971 - 🚀SS級GPU-MFDFA🚀 - INFO -   SM数: 28
2025-09-08 05:37:58,971 - 🚀SS級GPU-MFDFA🚀 - INFO -   メモリ帯域: 0.0GB/s
2025-09-08 05:37:58,971 - 🚀SS級GPU-MFDFA🚀 - INFO - 🔗 Dask-CUDA: active (1ワーカー)
2025-09-08 05:37:58,972 - 🚀SS級GPU-MFDFA🚀 - INFO - ✅ SS級GPU-MFDFA環境初期化完了
2025-09-08 05:37:59,284 - 🚀SS級GPU-MFDFA🚀 - INFO - Dask-CUDAクラスタークリーンアップ完了
2025-09-08 05:37:59,286 - 🚀SS級GPU-MFDFA🚀 - ERROR - 実行エラー: integer division or modulo by zero
