2025-10-21 13:31:53,225 - INFO - ファイルを修復します: features_e1c_tick_atr_only_tick.parquet (チャンクサイズ: 1,000,000 行)
2025-10-21 13:31:53,225 - INFO - 入力ファイルを開いています (pyarrow): /workspace/data/XAUUSD/stratum_2_features/features_e1c_tick_atr_only_tick.parquet
2025-10-21 13:31:53,264 - INFO - ファイル情報: 総行数=146,112,180, 行グループ数=147
2025-10-21 13:31:53,264 - INFO - チャンクサイズ: 1,000,000 行
2025-10-21 13:31:55,508 - INFO - チャンク 1/147 を処理中 (行数: 1,000,000)...
2025-10-21 13:31:55,581 - INFO - タイムスタンプ列 'datetime' を 'us' 単位に設定しました。
2025-10-21 13:31:55,581 - INFO - 最初のチャンクからスキーマを取得し、ParquetWriter を開きます: /workspace/data/XAUUSD/stratum_2_features_fixed/features_e1c_tick_atr_only_tick_fixed.parquet
2025-10-21 13:32:00,268 - ERROR - チャンク処理中にエラー: cannot access local variable 'gc' where it is not associated with a value
Traceback (most recent call last):
  File "/workspace/validation/fix_parquet_files.py", line 161, in convert_parquet_file_chunked
    gc.collect()  # ガベージコレクションを強制
    ^^
UnboundLocalError: cannot access local variable 'gc' where it is not associated with a value
2025-10-21 13:32:00,277 - INFO - エラー発生後、ParquetWriterを閉じました。
2025-10-21 13:32:00,303 - ERROR - 修復完了: 失敗 1件
2025-10-21 13:33:26,969 - INFO - ファイルを修復します: features_e1c_tick_atr_only_tick.parquet (チャンクサイズ: 1,000,000 行)
2025-10-21 13:33:26,970 - INFO - 入力ファイルを開いています (pyarrow): /workspace/data/XAUUSD/stratum_2_features/features_e1c_tick_atr_only_tick.parquet
2025-10-21 13:33:27,005 - INFO - ファイル情報: 総行数=146,112,180, 行グループ数=147
2025-10-21 13:33:27,005 - INFO - チャンクサイズ: 1,000,000 行
2025-10-21 13:33:29,097 - INFO - チャンク 1/147 を処理中 (行数: 1,000,000)...
2025-10-21 13:33:29,135 - INFO - タイムスタンプ列 'datetime' を 'us' 単位に設定しました。
2025-10-21 13:33:29,135 - INFO - 最初のチャンクからスキーマを取得し、ParquetWriter を開きます: /workspace/data/XAUUSD/stratum_2_features_fixed/features_e1c_tick_atr_only_tick_fixed.parquet
2025-10-21 13:33:34,252 - ERROR - チャンク処理中にエラー: cannot access local variable 'gc' where it is not associated with a value
Traceback (most recent call last):
  File "/workspace/validation/fix_parquet_files.py", line 162, in convert_parquet_file_chunked
    gc.collect()  # ガベージコレクションを強制
    ^^
UnboundLocalError: cannot access local variable 'gc' where it is not associated with a value
2025-10-21 13:33:34,260 - INFO - エラー発生後、ParquetWriterを閉じました。
2025-10-21 13:33:34,286 - ERROR - 修復完了: 失敗 1件
2025-10-21 13:35:51,616 - INFO - ファイルを修復します: features_e1c_tick_atr_only_tick.parquet (チャンクサイズ: 1,000,000 行)
2025-10-21 13:35:51,616 - INFO - 入力ファイルを開いています (pyarrow): /workspace/data/XAUUSD/stratum_2_features/features_e1c_tick_atr_only_tick.parquet
2025-10-21 13:35:51,645 - INFO - ファイル情報: 総行数=146,112,180, 行グループ数=147
2025-10-21 13:35:51,646 - INFO - チャンクサイズ: 1,000,000 行
2025-10-21 13:35:53,327 - INFO - チャンク 1/147 を処理中 (行数: 1,000,000)...
2025-10-21 13:35:53,370 - INFO - タイムスタンプ列 'datetime' を 'us' 単位に設定しました。
2025-10-21 13:35:53,371 - INFO - 最初のチャンクからスキーマを取得し、ParquetWriter を開きます: /workspace/data/XAUUSD/stratum_2_features_fixed/features_e1c_tick_atr_only_tick_fixed.parquet
2025-10-21 13:35:57,381 - INFO - チャンク 1/147 処理完了 (4.05秒)。 1,000,000行を追記。
2025-10-21 13:35:58,187 - INFO - チャンク 2/147 を処理中 (行数: 1,000,000)...
2025-10-21 13:36:01,855 - INFO - チャンク 2/147 処理完了 (3.67秒)。 1,000,000行を追記。
2025-10-21 13:36:02,784 - INFO - チャンク 3/147 を処理中 (行数: 1,000,000)...
2025-10-21 13:36:06,605 - INFO - チャンク 3/147 処理完了 (3.82秒)。 1,000,000行を追記。
2025-10-21 13:36:07,402 - INFO - チャンク 4/147 を処理中 (行数: 1,000,000)...
2025-10-21 13:36:11,215 - INFO - チャンク 4/147 処理完了 (3.81秒)。 1,000,000行を追記。
2025-10-21 13:36:11,905 - INFO - チャンク 5/147 を処理中 (行数: 1,000,000)...
2025-10-21 13:36:15,688 - INFO - チャンク 5/147 処理完了 (3.78秒)。 1,000,000行を追記。
2025-10-21 13:36:16,491 - INFO - チャンク 6/147 を処理中 (行数: 1,000,000)...
2025-10-21 13:36:20,302 - INFO - チャンク 6/147 処理完了 (3.81秒)。 1,000,000行を追記。
2025-10-21 13:36:21,170 - INFO - チャンク 7/147 を処理中 (行数: 1,000,000)...
2025-10-21 13:36:25,164 - INFO - チャンク 7/147 処理完了 (3.99秒)。 1,000,000行を追記。
2025-10-21 13:36:26,014 - INFO - チャンク 8/147 を処理中 (行数: 1,000,000)...
2025-10-21 13:36:29,819 - INFO - チャンク 8/147 処理完了 (3.81秒)。 1,000,000行を追記。
2025-10-21 13:36:30,686 - INFO - チャンク 9/147 を処理中 (行数: 1,000,000)...
2025-10-21 13:36:34,457 - INFO - チャンク 9/147 処理完了 (3.77秒)。 1,000,000行を追記。
2025-10-21 13:36:35,077 - INFO - チャンク 10/147 を処理中 (行数: 1,000,000)...
2025-10-21 13:36:39,056 - INFO - チャンク 10/147 処理完了 (3.98秒)。 1,000,000行を追記。
2025-10-21 13:36:39,867 - INFO - チャンク 11/147 を処理中 (行数: 1,000,000)...
2025-10-21 13:36:43,728 - INFO - チャンク 11/147 処理完了 (3.86秒)。 1,000,000行を追記。
2025-10-21 13:36:44,591 - INFO - チャンク 12/147 を処理中 (行数: 1,000,000)...
2025-10-21 13:36:48,394 - INFO - チャンク 12/147 処理完了 (3.80秒)。 1,000,000行を追記。
2025-10-21 13:36:49,206 - INFO - チャンク 13/147 を処理中 (行数: 1,000,000)...
2025-10-21 13:36:53,085 - INFO - チャンク 13/147 処理完了 (3.88秒)。 1,000,000行を追記。
2025-10-21 13:36:53,962 - INFO - チャンク 14/147 を処理中 (行数: 1,000,000)...
2025-10-21 13:36:57,858 - INFO - チャンク 14/147 処理完了 (3.90秒)。 1,000,000行を追記。
2025-10-21 13:36:58,570 - INFO - チャンク 15/147 を処理中 (行数: 1,000,000)...
2025-10-21 13:37:02,473 - INFO - チャンク 15/147 処理完了 (3.90秒)。 1,000,000行を追記。
2025-10-21 13:37:03,280 - INFO - チャンク 16/147 を処理中 (行数: 1,000,000)...
2025-10-21 13:37:07,171 - INFO - チャンク 16/147 処理完了 (3.89秒)。 1,000,000行を追記。
2025-10-21 13:37:08,081 - INFO - チャンク 17/147 を処理中 (行数: 1,000,000)...
2025-10-21 13:37:11,931 - INFO - チャンク 17/147 処理完了 (3.85秒)。 1,000,000行を追記。
2025-10-21 13:37:12,786 - INFO - チャンク 18/147 を処理中 (行数: 1,000,000)...
2025-10-21 13:37:16,494 - INFO - チャンク 18/147 処理完了 (3.71秒)。 1,000,000行を追記。
2025-10-21 13:37:17,339 - INFO - チャンク 19/147 を処理中 (行数: 1,000,000)...
2025-10-21 13:37:21,260 - INFO - チャンク 19/147 処理完了 (3.92秒)。 1,000,000行を追記。
2025-10-21 13:37:21,900 - INFO - チャンク 20/147 を処理中 (行数: 1,000,000)...
2025-10-21 13:37:25,802 - INFO - チャンク 20/147 処理完了 (3.90秒)。 1,000,000行を追記。
2025-10-21 13:37:26,615 - INFO - チャンク 21/147 を処理中 (行数: 1,000,000)...
2025-10-21 13:37:30,567 - INFO - チャンク 21/147 処理完了 (3.95秒)。 1,000,000行を追記。
2025-10-21 13:37:31,418 - INFO - チャンク 22/147 を処理中 (行数: 1,000,000)...
2025-10-21 13:37:35,324 - INFO - チャンク 22/147 処理完了 (3.91秒)。 1,000,000行を追記。
2025-10-21 13:37:36,180 - INFO - チャンク 23/147 を処理中 (行数: 1,000,000)...
2025-10-21 13:37:40,045 - INFO - チャンク 23/147 処理完了 (3.86秒)。 1,000,000行を追記。
2025-10-21 13:37:40,915 - INFO - チャンク 24/147 を処理中 (行数: 1,000,000)...
2025-10-21 13:37:44,857 - INFO - チャンク 24/147 処理完了 (3.94秒)。 1,000,000行を追記。
2025-10-21 13:37:45,468 - INFO - チャンク 25/147 を処理中 (行数: 1,000,000)...
2025-10-21 13:37:49,318 - INFO - チャンク 25/147 処理完了 (3.85秒)。 1,000,000行を追記。
2025-10-21 13:37:50,134 - INFO - チャンク 26/147 を処理中 (行数: 1,000,000)...
2025-10-21 13:37:54,036 - INFO - チャンク 26/147 処理完了 (3.90秒)。 1,000,000行を追記。
2025-10-21 13:37:54,834 - INFO - チャンク 27/147 を処理中 (行数: 1,000,000)...
2025-10-21 13:37:58,730 - INFO - チャンク 27/147 処理完了 (3.90秒)。 1,000,000行を追記。
2025-10-21 13:37:59,574 - INFO - チャンク 28/147 を処理中 (行数: 1,000,000)...
2025-10-21 13:38:03,433 - INFO - チャンク 28/147 処理完了 (3.86秒)。 1,000,000行を追記。
2025-10-21 13:38:04,269 - INFO - チャンク 29/147 を処理中 (行数: 1,000,000)...
2025-10-21 13:38:08,276 - INFO - チャンク 29/147 処理完了 (4.01秒)。 1,000,000行を追記。
2025-10-21 13:38:08,898 - INFO - チャンク 30/147 を処理中 (行数: 1,000,000)...
2025-10-21 13:38:12,872 - INFO - チャンク 30/147 処理完了 (3.97秒)。 1,000,000行を追記。
2025-10-21 13:38:13,687 - INFO - チャンク 31/147 を処理中 (行数: 1,000,000)...
2025-10-21 13:38:17,652 - INFO - チャンク 31/147 処理完了 (3.96秒)。 1,000,000行を追記。
2025-10-21 13:38:18,504 - INFO - チャンク 32/147 を処理中 (行数: 1,000,000)...
2025-10-21 13:38:22,450 - INFO - チャンク 32/147 処理完了 (3.95秒)。 1,000,000行を追記。
2025-10-21 13:38:23,278 - INFO - チャンク 33/147 を処理中 (行数: 1,000,000)...
2025-10-21 13:38:27,179 - INFO - チャンク 33/147 処理完了 (3.90秒)。 1,000,000行を追記。
2025-10-21 13:38:27,999 - INFO - チャンク 34/147 を処理中 (行数: 1,000,000)...
2025-10-21 13:38:31,868 - INFO - チャンク 34/147 処理完了 (3.87秒)。 1,000,000行を追記。
2025-10-21 13:38:32,485 - INFO - チャンク 35/147 を処理中 (行数: 1,000,000)...
2025-10-21 13:38:36,270 - INFO - チャンク 35/147 処理完了 (3.78秒)。 1,000,000行を追記。
2025-10-21 13:38:37,054 - INFO - チャンク 36/147 を処理中 (行数: 1,000,000)...
2025-10-21 13:38:40,917 - INFO - チャンク 36/147 処理完了 (3.86秒)。 1,000,000行を追記。
2025-10-21 13:38:41,710 - INFO - チャンク 37/147 を処理中 (行数: 1,000,000)...
2025-10-21 13:38:45,814 - INFO - チャンク 37/147 処理完了 (4.10秒)。 1,000,000行を追記。
2025-10-21 13:38:46,639 - INFO - チャンク 38/147 を処理中 (行数: 1,000,000)...
2025-10-21 13:38:50,702 - INFO - チャンク 38/147 処理完了 (4.06秒)。 1,000,000行を追記。
2025-10-21 13:38:51,522 - INFO - チャンク 39/147 を処理中 (行数: 1,000,000)...
2025-10-21 13:38:55,581 - INFO - チャンク 39/147 処理完了 (4.06秒)。 1,000,000行を追記。
2025-10-21 13:38:56,235 - INFO - チャンク 40/147 を処理中 (行数: 1,000,000)...
2025-10-21 13:39:00,052 - INFO - チャンク 40/147 処理完了 (3.82秒)。 1,000,000行を追記。
2025-10-21 13:39:00,870 - INFO - チャンク 41/147 を処理中 (行数: 1,000,000)...
2025-10-21 13:39:04,848 - INFO - チャンク 41/147 処理完了 (3.98秒)。 1,000,000行を追記。
2025-10-21 13:39:05,699 - INFO - チャンク 42/147 を処理中 (行数: 1,000,000)...
2025-10-21 13:39:09,707 - INFO - チャンク 42/147 処理完了 (4.01秒)。 1,000,000行を追記。
2025-10-21 13:39:10,533 - INFO - チャンク 43/147 を処理中 (行数: 1,000,000)...
2025-10-21 13:39:14,388 - INFO - チャンク 43/147 処理完了 (3.86秒)。 1,000,000行を追記。
2025-10-21 13:39:15,216 - INFO - チャンク 44/147 を処理中 (行数: 1,000,000)...
2025-10-21 13:39:19,388 - INFO - チャンク 44/147 処理完了 (4.17秒)。 1,000,000行を追記。
2025-10-21 13:39:20,057 - INFO - チャンク 45/147 を処理中 (行数: 1,000,000)...
2025-10-21 13:39:23,979 - INFO - チャンク 45/147 処理完了 (3.92秒)。 1,000,000行を追記。
2025-10-21 13:39:24,817 - INFO - チャンク 46/147 を処理中 (行数: 1,000,000)...
2025-10-21 13:39:28,790 - INFO - チャンク 46/147 処理完了 (3.97秒)。 1,000,000行を追記。
2025-10-21 13:39:29,692 - INFO - チャンク 47/147 を処理中 (行数: 1,000,000)...
2025-10-21 13:39:33,814 - INFO - チャンク 47/147 処理完了 (4.12秒)。 1,000,000行を追記。
2025-10-21 13:39:34,624 - INFO - チャンク 48/147 を処理中 (行数: 1,000,000)...
2025-10-21 13:39:38,412 - INFO - チャンク 48/147 処理完了 (3.79秒)。 1,000,000行を追記。
2025-10-21 13:39:39,300 - INFO - チャンク 49/147 を処理中 (行数: 1,000,000)...
2025-10-21 13:39:43,200 - INFO - チャンク 49/147 処理完了 (3.90秒)。 1,000,000行を追記。
2025-10-21 13:39:43,820 - INFO - チャンク 50/147 を処理中 (行数: 1,000,000)...
2025-10-21 13:39:47,726 - INFO - チャンク 50/147 処理完了 (3.91秒)。 1,000,000行を追記。
2025-10-21 13:39:48,522 - INFO - チャンク 51/147 を処理中 (行数: 1,000,000)...
2025-10-21 13:39:52,526 - INFO - チャンク 51/147 処理完了 (4.00秒)。 1,000,000行を追記。
2025-10-21 13:39:53,324 - INFO - チャンク 52/147 を処理中 (行数: 1,000,000)...
2025-10-21 13:39:57,290 - INFO - チャンク 52/147 処理完了 (3.97秒)。 1,000,000行を追記。
2025-10-21 13:39:58,138 - INFO - チャンク 53/147 を処理中 (行数: 1,000,000)...
2025-10-21 13:40:02,108 - INFO - チャンク 53/147 処理完了 (3.97秒)。 1,000,000行を追記。
2025-10-21 13:40:02,869 - INFO - チャンク 54/147 を処理中 (行数: 1,000,000)...
2025-10-21 13:40:06,909 - INFO - チャンク 54/147 処理完了 (4.04秒)。 1,000,000行を追記。
2025-10-21 13:40:07,565 - INFO - チャンク 55/147 を処理中 (行数: 1,000,000)...
2025-10-21 13:40:11,554 - INFO - チャンク 55/147 処理完了 (3.99秒)。 1,000,000行を追記。
2025-10-21 13:40:12,441 - INFO - チャンク 56/147 を処理中 (行数: 1,000,000)...
2025-10-21 13:40:16,447 - INFO - チャンク 56/147 処理完了 (4.01秒)。 1,000,000行を追記。
2025-10-21 13:40:17,237 - INFO - チャンク 57/147 を処理中 (行数: 1,000,000)...
2025-10-21 13:40:21,275 - INFO - チャンク 57/147 処理完了 (4.04秒)。 1,000,000行を追記。
2025-10-21 13:40:22,162 - INFO - チャンク 58/147 を処理中 (行数: 1,000,000)...
2025-10-21 13:40:26,188 - INFO - チャンク 58/147 処理完了 (4.03秒)。 1,000,000行を追記。
2025-10-21 13:40:26,987 - INFO - チャンク 59/147 を処理中 (行数: 1,000,000)...
2025-10-21 13:40:30,842 - INFO - チャンク 59/147 処理完了 (3.85秒)。 1,000,000行を追記。
2025-10-21 13:40:31,508 - INFO - チャンク 60/147 を処理中 (行数: 1,000,000)...
2025-10-21 13:40:35,335 - INFO - チャンク 60/147 処理完了 (3.83秒)。 1,000,000行を追記。
2025-10-21 13:40:36,121 - INFO - チャンク 61/147 を処理中 (行数: 1,000,000)...
2025-10-21 13:40:40,018 - INFO - チャンク 61/147 処理完了 (3.90秒)。 1,000,000行を追記。
2025-10-21 13:40:40,835 - INFO - チャンク 62/147 を処理中 (行数: 1,000,000)...
2025-10-21 13:40:44,878 - INFO - チャンク 62/147 処理完了 (4.04秒)。 1,000,000行を追記。
2025-10-21 13:40:45,695 - INFO - チャンク 63/147 を処理中 (行数: 1,000,000)...
2025-10-21 13:40:49,767 - INFO - チャンク 63/147 処理完了 (4.07秒)。 1,000,000行を追記。
2025-10-21 13:40:50,623 - INFO - チャンク 64/147 を処理中 (行数: 1,000,000)...
2025-10-21 13:40:54,705 - INFO - チャンク 64/147 処理完了 (4.08秒)。 1,000,000行を追記。
2025-10-21 13:40:55,340 - INFO - チャンク 65/147 を処理中 (行数: 1,000,000)...
2025-10-21 13:40:59,302 - INFO - チャンク 65/147 処理完了 (3.96秒)。 1,000,000行を追記。
2025-10-21 13:41:00,076 - INFO - チャンク 66/147 を処理中 (行数: 1,000,000)...
2025-10-21 13:41:04,029 - INFO - チャンク 66/147 処理完了 (3.95秒)。 1,000,000行を追記。
2025-10-21 13:41:04,822 - INFO - チャンク 67/147 を処理中 (行数: 1,000,000)...
2025-10-21 13:41:08,900 - INFO - チャンク 67/147 処理完了 (4.08秒)。 1,000,000行を追記。
2025-10-21 13:41:09,711 - INFO - チャンク 68/147 を処理中 (行数: 1,000,000)...
2025-10-21 13:41:13,729 - INFO - チャンク 68/147 処理完了 (4.02秒)。 1,000,000行を追記。
2025-10-21 13:41:14,553 - INFO - チャンク 69/147 を処理中 (行数: 1,000,000)...
2025-10-21 13:41:18,557 - INFO - チャンク 69/147 処理完了 (4.00秒)。 1,000,000行を追記。
2025-10-21 13:41:19,141 - INFO - チャンク 70/147 を処理中 (行数: 1,000,000)...
2025-10-21 13:41:22,939 - INFO - チャンク 70/147 処理完了 (3.80秒)。 1,000,000行を追記。
2025-10-21 13:41:23,715 - INFO - チャンク 71/147 を処理中 (行数: 1,000,000)...
2025-10-21 13:41:27,620 - INFO - チャンク 71/147 処理完了 (3.91秒)。 1,000,000行を追記。
2025-10-21 13:41:28,462 - INFO - チャンク 72/147 を処理中 (行数: 1,000,000)...
2025-10-21 13:41:32,480 - INFO - チャンク 72/147 処理完了 (4.02秒)。 1,000,000行を追記。
2025-10-21 13:41:33,336 - INFO - チャンク 73/147 を処理中 (行数: 1,000,000)...
2025-10-21 13:41:37,403 - INFO - チャンク 73/147 処理完了 (4.07秒)。 1,000,000行を追記。
2025-10-21 13:41:38,272 - INFO - チャンク 74/147 を処理中 (行数: 1,000,000)...
2025-10-21 13:41:42,250 - INFO - チャンク 74/147 処理完了 (3.98秒)。 1,000,000行を追記。
2025-10-21 13:41:42,890 - INFO - チャンク 75/147 を処理中 (行数: 1,000,000)...
2025-10-21 13:41:46,826 - INFO - チャンク 75/147 処理完了 (3.94秒)。 1,000,000行を追記。
2025-10-21 13:41:47,662 - INFO - チャンク 76/147 を処理中 (行数: 1,000,000)...
2025-10-21 13:41:51,566 - INFO - チャンク 76/147 処理完了 (3.90秒)。 1,000,000行を追記。
2025-10-21 13:41:52,395 - INFO - チャンク 77/147 を処理中 (行数: 1,000,000)...
2025-10-21 13:41:56,271 - INFO - チャンク 77/147 処理完了 (3.88秒)。 1,000,000行を追記。
2025-10-21 13:41:57,105 - INFO - チャンク 78/147 を処理中 (行数: 1,000,000)...
2025-10-21 13:42:01,028 - INFO - チャンク 78/147 処理完了 (3.92秒)。 1,000,000行を追記。
2025-10-21 13:42:01,843 - INFO - チャンク 79/147 を処理中 (行数: 1,000,000)...
2025-10-21 13:42:05,746 - INFO - チャンク 79/147 処理完了 (3.90秒)。 1,000,000行を追記。
2025-10-21 13:42:06,357 - INFO - チャンク 80/147 を処理中 (行数: 1,000,000)...
2025-10-21 13:42:10,212 - INFO - チャンク 80/147 処理完了 (3.86秒)。 1,000,000行を追記。
2025-10-21 13:42:10,977 - INFO - チャンク 81/147 を処理中 (行数: 1,000,000)...
2025-10-21 13:42:14,790 - INFO - チャンク 81/147 処理完了 (3.81秒)。 1,000,000行を追記。
2025-10-21 13:42:15,646 - INFO - チャンク 82/147 を処理中 (行数: 1,000,000)...
2025-10-21 13:42:19,646 - INFO - チャンク 82/147 処理完了 (4.00秒)。 1,000,000行を追記。
2025-10-21 13:42:20,458 - INFO - チャンク 83/147 を処理中 (行数: 1,000,000)...
2025-10-21 13:42:24,376 - INFO - チャンク 83/147 処理完了 (3.92秒)。 1,000,000行を追記。
2025-10-21 13:42:25,275 - INFO - チャンク 84/147 を処理中 (行数: 1,000,000)...
2025-10-21 13:42:29,363 - INFO - チャンク 84/147 処理完了 (4.09秒)。 1,000,000行を追記。
2025-10-21 13:42:30,028 - INFO - チャンク 85/147 を処理中 (行数: 1,000,000)...
2025-10-21 13:42:34,172 - INFO - チャンク 85/147 処理完了 (4.14秒)。 1,000,000行を追記。
2025-10-21 13:42:34,971 - INFO - チャンク 86/147 を処理中 (行数: 1,000,000)...
2025-10-21 13:42:39,126 - INFO - チャンク 86/147 処理完了 (4.15秒)。 1,000,000行を追記。
2025-10-21 13:42:40,093 - INFO - チャンク 87/147 を処理中 (行数: 1,000,000)...
2025-10-21 13:42:44,337 - INFO - チャンク 87/147 処理完了 (4.24秒)。 1,000,000行を追記。
2025-10-21 13:42:45,310 - INFO - チャンク 88/147 を処理中 (行数: 1,000,000)...
2025-10-21 13:42:49,783 - INFO - チャンク 88/147 処理完了 (4.47秒)。 1,000,000行を追記。
2025-10-21 13:42:50,857 - INFO - チャンク 89/147 を処理中 (行数: 1,000,000)...
2025-10-21 13:42:55,588 - INFO - チャンク 89/147 処理完了 (4.73秒)。 1,000,000行を追記。
2025-10-21 13:42:56,363 - INFO - チャンク 90/147 を処理中 (行数: 1,000,000)...
2025-10-21 13:43:00,957 - INFO - チャンク 90/147 処理完了 (4.59秒)。 1,000,000行を追記。
2025-10-21 13:43:01,983 - INFO - チャンク 91/147 を処理中 (行数: 1,000,000)...
2025-10-21 13:43:06,074 - INFO - チャンク 91/147 処理完了 (4.09秒)。 1,000,000行を追記。
2025-10-21 13:43:06,974 - INFO - チャンク 92/147 を処理中 (行数: 1,000,000)...
2025-10-21 13:43:11,077 - INFO - チャンク 92/147 処理完了 (4.10秒)。 1,000,000行を追記。
2025-10-21 13:43:11,950 - INFO - チャンク 93/147 を処理中 (行数: 1,000,000)...
2025-10-21 13:43:15,979 - INFO - チャンク 93/147 処理完了 (4.03秒)。 1,000,000行を追記。
2025-10-21 13:43:16,859 - INFO - チャンク 94/147 を処理中 (行数: 1,000,000)...
2025-10-21 13:43:20,955 - INFO - チャンク 94/147 処理完了 (4.10秒)。 1,000,000行を追記。
2025-10-21 13:43:21,577 - INFO - チャンク 95/147 を処理中 (行数: 1,000,000)...
2025-10-21 13:43:25,637 - INFO - チャンク 95/147 処理完了 (4.06秒)。 1,000,000行を追記。
2025-10-21 13:43:26,478 - INFO - チャンク 96/147 を処理中 (行数: 1,000,000)...
2025-10-21 13:43:30,550 - INFO - チャンク 96/147 処理完了 (4.07秒)。 1,000,000行を追記。
2025-10-21 13:43:31,364 - INFO - チャンク 97/147 を処理中 (行数: 1,000,000)...
2025-10-21 13:43:35,383 - INFO - チャンク 97/147 処理完了 (4.02秒)。 1,000,000行を追記。
2025-10-21 13:43:36,217 - INFO - チャンク 98/147 を処理中 (行数: 1,000,000)...
2025-10-21 13:43:40,301 - INFO - チャンク 98/147 処理完了 (4.08秒)。 1,000,000行を追記。
2025-10-21 13:43:41,144 - INFO - チャンク 99/147 を処理中 (行数: 1,000,000)...
2025-10-21 13:43:45,054 - INFO - チャンク 99/147 処理完了 (3.91秒)。 1,000,000行を追記。
2025-10-21 13:43:45,722 - INFO - チャンク 100/147 を処理中 (行数: 1,000,000)...
2025-10-21 13:43:49,723 - INFO - チャンク 100/147 処理完了 (4.00秒)。 1,000,000行を追記。
2025-10-21 13:43:50,572 - INFO - チャンク 101/147 を処理中 (行数: 1,000,000)...
2025-10-21 13:43:54,578 - INFO - チャンク 101/147 処理完了 (4.01秒)。 1,000,000行を追記。
2025-10-21 13:43:55,454 - INFO - チャンク 102/147 を処理中 (行数: 1,000,000)...
2025-10-21 13:43:59,506 - INFO - チャンク 102/147 処理完了 (4.05秒)。 1,000,000行を追記。
2025-10-21 13:44:00,326 - INFO - チャンク 103/147 を処理中 (行数: 1,000,000)...
2025-10-21 13:44:04,518 - INFO - チャンク 103/147 処理完了 (4.19秒)。 1,000,000行を追記。
2025-10-21 13:44:05,398 - INFO - チャンク 104/147 を処理中 (行数: 1,000,000)...
2025-10-21 13:44:09,410 - INFO - チャンク 104/147 処理完了 (4.01秒)。 1,000,000行を追記。
2025-10-21 13:44:10,092 - INFO - チャンク 105/147 を処理中 (行数: 1,000,000)...
2025-10-21 13:44:14,153 - INFO - チャンク 105/147 処理完了 (4.06秒)。 1,000,000行を追記。
2025-10-21 13:44:14,982 - INFO - チャンク 106/147 を処理中 (行数: 1,000,000)...
2025-10-21 13:44:18,832 - INFO - チャンク 106/147 処理完了 (3.85秒)。 1,000,000行を追記。
2025-10-21 13:44:19,728 - INFO - チャンク 107/147 を処理中 (行数: 1,000,000)...
2025-10-21 13:44:23,783 - INFO - チャンク 107/147 処理完了 (4.05秒)。 1,000,000行を追記。
2025-10-21 13:44:24,605 - INFO - チャンク 108/147 を処理中 (行数: 1,000,000)...
2025-10-21 13:44:28,658 - INFO - チャンク 108/147 処理完了 (4.05秒)。 1,000,000行を追記。
2025-10-21 13:44:29,543 - INFO - チャンク 109/147 を処理中 (行数: 1,000,000)...
2025-10-21 13:44:33,662 - INFO - チャンク 109/147 処理完了 (4.12秒)。 1,000,000行を追記。
2025-10-21 13:44:34,365 - INFO - チャンク 110/147 を処理中 (行数: 1,000,000)...
2025-10-21 13:44:38,259 - INFO - チャンク 110/147 処理完了 (3.89秒)。 1,000,000行を追記。
2025-10-21 13:44:39,157 - INFO - チャンク 111/147 を処理中 (行数: 1,000,000)...
2025-10-21 13:44:43,247 - INFO - チャンク 111/147 処理完了 (4.09秒)。 1,000,000行を追記。
2025-10-21 13:44:44,167 - INFO - チャンク 112/147 を処理中 (行数: 1,000,000)...
2025-10-21 13:44:48,232 - INFO - チャンク 112/147 処理完了 (4.06秒)。 1,000,000行を追記。
2025-10-21 13:44:49,046 - INFO - チャンク 113/147 を処理中 (行数: 1,000,000)...
2025-10-21 13:44:53,079 - INFO - チャンク 113/147 処理完了 (4.03秒)。 1,000,000行を追記。
2025-10-21 13:44:53,957 - INFO - チャンク 114/147 を処理中 (行数: 1,000,000)...
2025-10-21 13:44:58,057 - INFO - チャンク 114/147 処理完了 (4.10秒)。 1,000,000行を追記。
2025-10-21 13:44:58,786 - INFO - チャンク 115/147 を処理中 (行数: 1,000,000)...
2025-10-21 13:45:03,014 - INFO - チャンク 115/147 処理完了 (4.23秒)。 1,000,000行を追記。
2025-10-21 13:45:03,876 - INFO - チャンク 116/147 を処理中 (行数: 1,000,000)...
2025-10-21 13:45:08,150 - INFO - チャンク 116/147 処理完了 (4.27秒)。 1,000,000行を追記。
2025-10-21 13:45:09,085 - INFO - チャンク 117/147 を処理中 (行数: 1,000,000)...
2025-10-21 13:45:13,265 - INFO - チャンク 117/147 処理完了 (4.18秒)。 1,000,000行を追記。
2025-10-21 13:45:14,244 - INFO - チャンク 118/147 を処理中 (行数: 1,000,000)...
2025-10-21 13:45:18,834 - INFO - チャンク 118/147 処理完了 (4.59秒)。 1,000,000行を追記。
2025-10-21 13:45:19,912 - INFO - チャンク 119/147 を処理中 (行数: 1,000,000)...
2025-10-21 13:45:24,154 - INFO - チャンク 119/147 処理完了 (4.24秒)。 1,000,000行を追記。
2025-10-21 13:45:24,846 - INFO - チャンク 120/147 を処理中 (行数: 1,000,000)...
2025-10-21 13:45:28,947 - INFO - チャンク 120/147 処理完了 (4.10秒)。 1,000,000行を追記。
2025-10-21 13:45:29,846 - INFO - チャンク 121/147 を処理中 (行数: 1,000,000)...
2025-10-21 13:45:33,772 - INFO - チャンク 121/147 処理完了 (3.93秒)。 1,000,000行を追記。
2025-10-21 13:45:34,723 - INFO - チャンク 122/147 を処理中 (行数: 1,000,000)...
2025-10-21 13:45:38,873 - INFO - チャンク 122/147 処理完了 (4.15秒)。 1,000,000行を追記。
2025-10-21 13:45:39,741 - INFO - チャンク 123/147 を処理中 (行数: 1,000,000)...
2025-10-21 13:45:43,827 - INFO - チャンク 123/147 処理完了 (4.09秒)。 1,000,000行を追記。
2025-10-21 13:45:44,726 - INFO - チャンク 124/147 を処理中 (行数: 1,000,000)...
2025-10-21 13:45:48,781 - INFO - チャンク 124/147 処理完了 (4.06秒)。 1,000,000行を追記。
2025-10-21 13:45:49,479 - INFO - チャンク 125/147 を処理中 (行数: 1,000,000)...
2025-10-21 13:45:53,709 - INFO - チャンク 125/147 処理完了 (4.23秒)。 1,000,000行を追記。
2025-10-21 13:45:54,606 - INFO - チャンク 126/147 を処理中 (行数: 1,000,000)...
2025-10-21 13:45:58,712 - INFO - チャンク 126/147 処理完了 (4.11秒)。 1,000,000行を追記。
2025-10-21 13:45:59,665 - INFO - チャンク 127/147 を処理中 (行数: 1,000,000)...
2025-10-21 13:46:03,896 - INFO - チャンク 127/147 処理完了 (4.23秒)。 1,000,000行を追記。
2025-10-21 13:46:04,783 - INFO - チャンク 128/147 を処理中 (行数: 1,000,000)...
2025-10-21 13:46:08,908 - INFO - チャンク 128/147 処理完了 (4.13秒)。 1,000,000行を追記。
2025-10-21 13:46:09,834 - INFO - チャンク 129/147 を処理中 (行数: 1,000,000)...
2025-10-21 13:46:13,975 - INFO - チャンク 129/147 処理完了 (4.14秒)。 1,000,000行を追記。
2025-10-21 13:46:14,644 - INFO - チャンク 130/147 を処理中 (行数: 1,000,000)...
2025-10-21 13:46:18,780 - INFO - チャンク 130/147 処理完了 (4.14秒)。 1,000,000行を追記。
2025-10-21 13:46:19,643 - INFO - チャンク 131/147 を処理中 (行数: 1,000,000)...
2025-10-21 13:46:23,830 - INFO - チャンク 131/147 処理完了 (4.19秒)。 1,000,000行を追記。
2025-10-21 13:46:24,790 - INFO - チャンク 132/147 を処理中 (行数: 1,000,000)...
2025-10-21 13:46:28,936 - INFO - チャンク 132/147 処理完了 (4.15秒)。 1,000,000行を追記。
2025-10-21 13:46:29,846 - INFO - チャンク 133/147 を処理中 (行数: 1,000,000)...
2025-10-21 13:46:34,107 - INFO - チャンク 133/147 処理完了 (4.26秒)。 1,000,000行を追記。
2025-10-21 13:46:35,050 - INFO - チャンク 134/147 を処理中 (行数: 1,000,000)...
2025-10-21 13:46:39,471 - INFO - チャンク 134/147 処理完了 (4.42秒)。 1,000,000行を追記。
2025-10-21 13:46:40,155 - INFO - チャンク 135/147 を処理中 (行数: 1,000,000)...
2025-10-21 13:46:44,150 - INFO - チャンク 135/147 処理完了 (3.99秒)。 1,000,000行を追記。
2025-10-21 13:46:45,023 - INFO - チャンク 136/147 を処理中 (行数: 1,000,000)...
2025-10-21 13:46:49,110 - INFO - チャンク 136/147 処理完了 (4.09秒)。 1,000,000行を追記。
2025-10-21 13:46:50,063 - INFO - チャンク 137/147 を処理中 (行数: 1,000,000)...
2025-10-21 13:46:54,295 - INFO - チャンク 137/147 処理完了 (4.23秒)。 1,000,000行を追記。
2025-10-21 13:46:55,139 - INFO - チャンク 138/147 を処理中 (行数: 1,000,000)...
2025-10-21 13:46:59,284 - INFO - チャンク 138/147 処理完了 (4.14秒)。 1,000,000行を追記。
2025-10-21 13:47:00,205 - INFO - チャンク 139/147 を処理中 (行数: 1,000,000)...
2025-10-21 13:47:04,397 - INFO - チャンク 139/147 処理完了 (4.19秒)。 1,000,000行を追記。
2025-10-21 13:47:05,107 - INFO - チャンク 140/147 を処理中 (行数: 1,000,000)...
2025-10-21 13:47:09,251 - INFO - チャンク 140/147 処理完了 (4.14秒)。 1,000,000行を追記。
2025-10-21 13:47:10,104 - INFO - チャンク 141/147 を処理中 (行数: 1,000,000)...
2025-10-21 13:47:14,194 - INFO - チャンク 141/147 処理完了 (4.09秒)。 1,000,000行を追記。
2025-10-21 13:47:15,088 - INFO - チャンク 142/147 を処理中 (行数: 1,000,000)...
2025-10-21 13:47:19,352 - INFO - チャンク 142/147 処理完了 (4.26秒)。 1,000,000行を追記。
2025-10-21 13:47:20,283 - INFO - チャンク 143/147 を処理中 (行数: 1,000,000)...
2025-10-21 13:47:24,602 - INFO - チャンク 143/147 処理完了 (4.32秒)。 1,000,000行を追記。
2025-10-21 13:47:25,544 - INFO - チャンク 144/147 を処理中 (行数: 1,000,000)...
2025-10-21 13:47:29,747 - INFO - チャンク 144/147 処理完了 (4.20秒)。 1,000,000行を追記。
2025-10-21 13:47:30,430 - INFO - チャンク 145/147 を処理中 (行数: 1,000,000)...
2025-10-21 13:47:34,647 - INFO - チャンク 145/147 処理完了 (4.22秒)。 1,000,000行を追記。
2025-10-21 13:47:35,531 - INFO - チャンク 146/147 を処理中 (行数: 1,000,000)...
2025-10-21 13:47:39,786 - INFO - チャンク 146/147 処理完了 (4.26秒)。 1,000,000行を追記。
2025-10-21 13:47:39,855 - INFO - チャンク 147/147 を処理中 (行数: 112,180)...
2025-10-21 13:47:40,700 - INFO - チャンク 147/147 処理完了 (0.85秒)。 112,180行を追記。
2025-10-21 13:47:40,703 - INFO - 全 147 個のチャンク処理完了。合計 146,112,180 行処理。
2025-10-21 13:47:40,703 - INFO - ParquetWriter を閉じています...
2025-10-21 13:47:40,732 - INFO - ParquetWriter を閉じました。
2025-10-21 13:47:40,749 - INFO - 修復完了: 成功 1件
2025-10-21 13:47:40,750 - INFO - 出力先: /workspace/data/XAUUSD/stratum_2_features_fixed/features_e1c_tick_atr_only_tick_fixed.parquet
