2025-09-08 09:04:43,589 - INFO - GPU memory limit set to 8.0GB
2025-09-08 09:04:43,590 - ERROR - Failed to analyze file: read_table() got an unexpected keyword argument 'nrows'
2025-09-08 09:07:44,800 - INFO - GPU memory limit set to 8.0GB
2025-09-08 09:07:44,800 - ERROR - Failed to analyze file: read_table() got an unexpected keyword argument 'nrows'
2025-09-08 09:13:07,278 - INFO - GPU memory limit set to 8.0GB
2025-09-08 09:13:07,278 - INFO - Analyzing file structure safely...
2025-09-08 09:13:07,313 - WARNING - Chunked reading failed: read_table() got an unexpected keyword argument 'chunksize'
2025-09-08 09:13:07,314 - WARNING - Full reading failed: File too large for full reading
2025-09-08 09:13:07,314 - INFO - Using default file structure
2025-09-08 09:13:07,317 - INFO - File analysis complete:
2025-09-08 09:13:07,317 - INFO -   - Estimated rows: 112,973,324
2025-09-08 09:13:07,317 - INFO -   - Columns: 11
2025-09-08 09:13:07,317 - INFO -   - Size: 2.8GB
2025-09-08 09:13:07,317 - INFO -   - Available columns: ['timestamp', 'open', 'high', 'low', 'close', 'volume', 'timeframe', 'tick_count', 'bid', 'ask', 'spread']
2025-09-08 09:13:07,317 - INFO - Feature engine initialized - GPU available: True
2025-09-08 09:13:07,317 - INFO - === Safe Memory-Efficient Processing Pipeline ===
2025-09-08 09:13:07,317 - INFO - Input: /workspaces/project_forge/data/1_XAUUSD_base_data/XAUUSDmulti_15timeframe_bars_exness.parquet
2025-09-08 09:13:07,317 - INFO - Output: /workspaces/project_forge/data/1_XAUUSD_base_data/XAUUSDmulti_15timeframe_bars_exness_enriched.parquet
2025-09-08 09:13:07,318 - INFO - Initial memory - GPU: 0.0/0.0GB, System: 2.3/15.6GB
2025-09-08 09:13:07,318 - ERROR - Input file read test failed: read_table() got an unexpected keyword argument 'chunksize'
