2026-05-03 13:26:47 - INFO - --- マルチタイムフレームOHLCV生成を開始します ---
2026-05-03 13:26:47 - INFO - 出力ディレクトリを作成しました: /workspace/data/XAUUSD/stratum_1_base/master_multitimeframe
2026-05-03 13:26:47 - INFO - === 処理エンジン: CPU (Polars) ===
2026-05-03 13:26:47 - INFO - ティックデータを読み込み中(Lazy): /workspace/data/XAUUSD/stratum_1_base/master_tick_raw.parquet
2026-05-03 13:26:49 - WARNING - [VOLUME-FALLBACK] volume 列が全 0/None のため tick=1 カウントで代用します。
2026-05-03 13:26:49 - INFO - [tick] バー生成中...
2026-05-03 13:28:32 - INFO - [tick] 完了: 220,520,772 行 (102.33秒)
2026-05-03 13:28:32 - INFO - [M0.5] バー生成中...
2026-05-03 13:28:51 - INFO - [M0.5] 完了: 3,398,074 行 (18.92秒)
2026-05-03 13:28:51 - INFO - [M1] バー生成中...
2026-05-03 13:29:03 - INFO - [M1] 完了: 1,699,402 行 (12.46秒)
2026-05-03 13:29:03 - INFO - [M3] バー生成中...
2026-05-03 13:29:14 - INFO - [M3] 完了: 567,730 行 (10.23秒)
2026-05-03 13:29:14 - INFO - [M5] バー生成中...
2026-05-03 13:29:24 - INFO - [M5] 完了: 340,602 行 (10.61秒)
2026-05-03 13:29:24 - INFO - [M8] バー生成中...
2026-05-03 13:29:34 - INFO - [M8] 完了: 213,577 行 (9.76秒)
2026-05-03 13:29:34 - INFO - [M15] バー生成中...
2026-05-03 13:29:45 - INFO - [M15] 完了: 113,625 行 (10.62秒)
2026-05-03 13:29:45 - INFO - [M30] バー生成中...
2026-05-03 13:29:54 - INFO - [M30] 完了: 56,829 行 (9.86秒)
2026-05-03 13:29:54 - INFO - [H1] バー生成中...
2026-05-03 13:30:05 - INFO - [H1] 完了: 28,433 行 (10.46秒)
2026-05-03 13:30:05 - INFO - [H4] バー生成中...
2026-05-03 13:30:16 - INFO - [H4] 完了: 7,691 行 (11.01秒)
2026-05-03 13:30:16 - INFO - [H6] バー生成中...
2026-05-03 13:30:26 - INFO - [H6] 完了: 5,217 行 (9.92秒)
2026-05-03 13:30:26 - INFO - [H12] バー生成中...
2026-05-03 13:30:36 - INFO - [H12] 完了: 2,736 行 (10.04秒)
2026-05-03 13:30:36 - INFO - [D1] バー生成中...
2026-05-03 13:30:46 - INFO - [D1] 完了: 1,495 行 (10.17秒)
2026-05-03 13:30:46 - INFO - [W1] バー生成中...
2026-05-03 13:30:57 - INFO - [W1] 完了: 251 行 (10.36秒)
2026-05-03 13:30:57 - INFO - [MN] バー生成中...
2026-05-03 13:31:06 - INFO - [MN] 完了: 59 行 (9.73秒)
2026-05-03 13:31:06 - INFO - === 処理完了サマリー ===
2026-05-03 13:31:06 - INFO - 総処理時間: 4.32 分 (259.0 秒)
2026-05-03 13:31:06 - INFO - 時間足別 行数:
2026-05-03 13:31:06 - INFO -   - tick:  220,520,772 行 (102.33秒)
2026-05-03 13:31:06 - INFO -   - M0.5:    3,398,074 行 ( 18.92秒)
2026-05-03 13:31:06 - INFO -   -   M1:    1,699,402 行 ( 12.46秒)
2026-05-03 13:31:06 - INFO -   -   M3:      567,730 行 ( 10.23秒)
2026-05-03 13:31:06 - INFO -   -   M5:      340,602 行 ( 10.61秒)
2026-05-03 13:31:06 - INFO -   -   M8:      213,577 行 (  9.76秒)
2026-05-03 13:31:06 - INFO -   -  M15:      113,625 行 ( 10.62秒)
2026-05-03 13:31:06 - INFO -   -  M30:       56,829 行 (  9.86秒)
2026-05-03 13:31:06 - INFO -   -   H1:       28,433 行 ( 10.46秒)
2026-05-03 13:31:06 - INFO -   -   H4:        7,691 行 ( 11.01秒)
2026-05-03 13:31:06 - INFO -   -   H6:        5,217 行 (  9.92秒)
2026-05-03 13:31:06 - INFO -   -  H12:        2,736 行 ( 10.04秒)
2026-05-03 13:31:06 - INFO -   -   D1:        1,495 行 ( 10.17秒)
2026-05-03 13:31:06 - INFO -   -   W1:          251 行 ( 10.36秒)
2026-05-03 13:31:06 - INFO -   -   MN:           59 行 (  9.73秒)
2026-05-03 13:31:06 - INFO - 合計生成行数: 226,956,493 行
2026-05-03 13:31:06 - INFO - 出力先: /workspace/data/XAUUSD/stratum_1_base/master_multitimeframe
2026-05-03 13:31:06 - INFO - --------------------------------------------------
