2026-05-03 13:37:44,337 - INFO - 検出されたタイムフレーム: 15個

======================================================================
  Engine 1A - Basic Statistical and Robust Statistical (刷新版) 
  Project Forge - 軍資金増大プロジェクト  
======================================================================
🎯 目標: XAU/USD市場の統計的パターン抽出
🤖 AIの頭脳による普遍的法則発見
💰 Project Chimera開発資金調達
🔧 【修正】物理的垂直分割によるメモリ・スラッシング回避
======================================================================

実行タイプを選択してください:
  1. 新規実行
  2. 中断した処理を再開
選択 (1/2): 新規に処理を開始します。

並列処理スレッド数を選択してください:
  1. 自動設定 (推奨)
  2. 手動設定
選択 (1/2): スレッド数を入力 (1-12): スレッド数設定: 12

出力パスを選択してください:
  1. デフォルト (/workspace/data/XAUUSD/stratum_2_features)
  2. カスタムパス
選択 (1/2): 
メモリ制限を選択してください:
  1. デフォルト (55.0GB)
  2. カスタム設定
選択 (1/2): 
実行モードを選択してください:
  1. テストモード（少量データで動作確認）
  2. 本格モード（全データ処理）
選択 (1/2): 
タイムフレームを選択してください:
  0. 全て処理
   1. tick
   2. M0.5
   3. M1
   4. M3
   5. M5
   6. M8
   7. M15
   8. M30
   9. H1
  10. H4
  11. H6
  12. H12
  13. D1
  14. W1
  15. MN
  (例: 1,3,5 または 1-5 カンマ区切り)
選択: 
============================================================
Engine E1A - Engine_1A_Basic_Statistical_Refactored
============================================================
🎯 Project Forge - 軍資金増大プロジェクト
🚀 最終目標: Project Chimera開発・完成のための資金調達
💻 探索対象: マーケットの亡霊（統計的に有意で非ランダムな微細パターン）
🏆 思想的継承: ジム・シモンズ（ルネサンス・テクノロジーズ）
============================================================
入力パス: /workspace/data/XAUUSD/stratum_1_base/master_processed
出力パス: /workspace/data/XAUUSD/stratum_2_features
Tickパーティションパス: /workspace/data/XAUUSD/stratum_1_base/master_tick_partitioned
エンジンID: e1a
並列スレッド数: 12
メモリ制限: 55.0GB

処理対象タイムフレーム (14個):
   1. M0.5
   2. M1
   3. M3
   4. M5
   5. M8
   6. M15
   7. M30
   8. H1
   9. H4
  10. H6
  11. H12
  12. D1
  13. W1
  14. MN

処理内容:
  - 統計的モーメント特徴量
  - ロバスト統計特徴量
  - 高度ロバスト統計特徴量
  - 統計検定・正規性特徴量
  - 基本データ処理特徴量
  - 2段階品質保証システム
  - 【修正】物理的垂直分割（ディスクベース中間ファイル）
  - Polars LazyFrame + Numba JITハイブリッド最適化

処理を開始しますか？ (y/n): 2026-05-03 13:37:44,337 - INFO - 並列処理スレッド数: 12
2026-05-03 13:37:44,337 - INFO - === 通常処理開始: timeframe=M0.5 ===
2026-05-03 13:37:44,338 - INFO - 一時ディレクトリ作成: /tmp/features_e1a_h70np3_z
2026-05-03 13:37:44,339 - INFO - LazyFrame生成開始: timeframe=M0.5
2026-05-03 13:37:44,382 - INFO - 検出されたスキーマ: ['timeframe', 'timestamp', 'open', 'high', 'low', 'close', 'volume', 'disc', 'log_return', 'rolling_volatility', 'rolling_avg_volume', 'price_direction', 'price_momentum', 'volume_ratio']
2026-05-03 13:37:44,382 - INFO - 型変換を適用: 1個のカラム
2026-05-03 13:37:44,382 - INFO - LazyFrame生成完了: timeframe=M0.5
2026-05-03 13:37:44,550 - INFO - データサマリー: {'total_rows': 3398074, 'start_time': datetime.datetime(2021, 7, 12, 0, 0), 'end_time': datetime.datetime(2026, 5, 1, 20, 57, 30), 'avg_price': 2501.596540386609, 'total_volume': 220520772}
2026-05-03 13:37:45,214 - INFO - グループ処理開始: group_1_moments (12個の特徴量)
2026-05-03 13:37:45,215 - INFO - グループ計算開始: group_1_moments
2026-05-03 13:37:45,216 - INFO - 品質保証適用: 12個の特徴量 (timeframe: M0.5)
2026-05-03 13:37:45,217 - INFO - グループ計算完了: group_1_moments - 12個の特徴量
2026-05-03 13:38:05,879 - INFO - グループ処理開始: group_2_skew_kurt (12個の特徴量)
2026-05-03 13:38:05,880 - INFO - グループ計算開始: group_2_skew_kurt
2026-05-03 13:38:05,880 - INFO - 品質保証適用: 12個の特徴量 (timeframe: M0.5)
2026-05-03 13:38:05,881 - INFO - グループ計算完了: group_2_skew_kurt - 12個の特徴量
2026-05-03 13:38:23,121 - INFO - グループ処理開始: group_3_robust (15個の特徴量)
2026-05-03 13:38:23,121 - INFO - グループ計算開始: group_3_robust
2026-05-03 13:38:23,122 - INFO - 品質保証適用: 15個の特徴量 (timeframe: M0.5)
2026-05-03 13:38:23,123 - INFO - グループ計算完了: group_3_robust - 15個の特徴量
2026-05-03 13:42:41,622 - INFO - グループ処理開始: group_4_advanced (3個の特徴量)
2026-05-03 13:42:41,622 - INFO - グループ計算開始: group_4_advanced
2026-05-03 13:42:41,623 - INFO - 品質保証適用: 3個の特徴量 (timeframe: M0.5)
2026-05-03 13:42:41,623 - INFO - グループ計算完了: group_4_advanced - 3個の特徴量
2026-05-03 13:43:12,597 - INFO - グループ処理開始: group_5_tests (4個の特徴量)
2026-05-03 13:43:12,598 - INFO - グループ計算開始: group_5_tests
2026-05-03 13:43:12,598 - INFO - 品質保証適用: 4個の特徴量 (timeframe: M0.5)
2026-05-03 13:43:12,599 - INFO - グループ計算完了: group_5_tests - 4個の特徴量
2026-05-03 13:43:28,670 - INFO - グループ処理開始: group_6_fast (15個の特徴量)
2026-05-03 13:43:28,670 - INFO - グループ計算開始: group_6_fast
2026-05-03 13:43:28,671 - INFO - 品質保証適用: 15個の特徴量 (timeframe: M0.5)
2026-05-03 13:43:28,672 - INFO - グループ計算完了: group_6_fast - 15個の特徴量
2026-05-03 13:43:47,596 - INFO - グループ処理開始: group_7_numba (1個の特徴量)
2026-05-03 13:43:47,596 - INFO - グループ計算開始: group_7_numba
2026-05-03 13:43:47,597 - INFO - 品質保証適用: 1個の特徴量 (timeframe: M0.5)
2026-05-03 13:43:47,597 - INFO - グループ計算完了: group_7_numba - 1個の特徴量
2026-05-03 13:43:49,608 - INFO - グループ処理開始: group_8_qa (2個の特徴量)
2026-05-03 13:43:49,608 - INFO - グループ計算開始: group_8_qa
2026-05-03 13:43:49,609 - INFO - 品質保証適用: 2個の特徴量 (timeframe: M0.5)
2026-05-03 13:43:49,609 - INFO - グループ計算完了: group_8_qa - 2個の特徴量
2026-05-03 13:43:57,336 - INFO - 全グループ計算完了。ファイルの結合を開始します...
2026-05-03 13:43:58,913 - INFO - NaN埋め処理開始
2026-05-03 13:43:58,913 - INFO - NaN埋め処理完了: 64個の特徴量
2026-05-03 13:43:58,914 - INFO - 特徴量保存開始: /workspace/data/XAUUSD/stratum_2_features/feature_value_a_vast_universeA/features_e1a_M0.5.parquet
2026-05-03 13:43:58,919 - INFO - NaN埋め処理開始
2026-05-03 13:43:58,920 - INFO - NaN埋め処理完了: 64個の特徴量
2026-05-03 13:44:08,749 - INFO - 保存完了: 1659.94MB, 9.82秒
2026-05-03 13:44:08,749 - INFO - === 通常処理完了: M0.5 - 384.41秒 ===
2026-05-03 13:44:08,750 - INFO - === 通常処理開始: timeframe=M1 ===
2026-05-03 13:44:08,751 - INFO - 一時ディレクトリ作成: /tmp/features_e1a_brsyf9jk
2026-05-03 13:44:08,751 - INFO - LazyFrame生成開始: timeframe=M1
2026-05-03 13:44:08,796 - INFO - 検出されたスキーマ: ['timeframe', 'timestamp', 'open', 'high', 'low', 'close', 'volume', 'disc', 'log_return', 'rolling_volatility', 'rolling_avg_volume', 'price_direction', 'price_momentum', 'volume_ratio']
2026-05-03 13:44:08,796 - INFO - 型変換を適用: 1個のカラム
2026-05-03 13:44:08,796 - INFO - LazyFrame生成完了: timeframe=M1
2026-05-03 13:44:08,921 - INFO - データサマリー: {'total_rows': 1699402, 'start_time': datetime.datetime(2021, 7, 12, 0, 0), 'end_time': datetime.datetime(2026, 5, 1, 20, 57), 'avg_price': 2501.5528949516483, 'total_volume': 220520772}
2026-05-03 13:44:09,362 - INFO - グループ処理開始: group_1_moments (12個の特徴量)
2026-05-03 13:44:09,362 - INFO - グループ計算開始: group_1_moments
2026-05-03 13:44:09,363 - INFO - 品質保証適用: 12個の特徴量 (timeframe: M1)
2026-05-03 13:44:09,364 - INFO - グループ計算完了: group_1_moments - 12個の特徴量
2026-05-03 13:44:17,244 - INFO - グループ処理開始: group_2_skew_kurt (12個の特徴量)
2026-05-03 13:44:17,244 - INFO - グループ計算開始: group_2_skew_kurt
2026-05-03 13:44:17,245 - INFO - 品質保証適用: 12個の特徴量 (timeframe: M1)
2026-05-03 13:44:17,246 - INFO - グループ計算完了: group_2_skew_kurt - 12個の特徴量
2026-05-03 13:44:25,415 - INFO - グループ処理開始: group_3_robust (15個の特徴量)
2026-05-03 13:44:25,415 - INFO - グループ計算開始: group_3_robust
2026-05-03 13:44:25,416 - INFO - 品質保証適用: 15個の特徴量 (timeframe: M1)
2026-05-03 13:44:25,416 - INFO - グループ計算完了: group_3_robust - 15個の特徴量
2026-05-03 13:46:34,810 - INFO - グループ処理開始: group_4_advanced (3個の特徴量)
2026-05-03 13:46:34,811 - INFO - グループ計算開始: group_4_advanced
2026-05-03 13:46:34,811 - INFO - 品質保証適用: 3個の特徴量 (timeframe: M1)
2026-05-03 13:46:34,811 - INFO - グループ計算完了: group_4_advanced - 3個の特徴量
2026-05-03 13:46:49,656 - INFO - グループ処理開始: group_5_tests (4個の特徴量)
2026-05-03 13:46:49,656 - INFO - グループ計算開始: group_5_tests
2026-05-03 13:46:49,656 - INFO - 品質保証適用: 4個の特徴量 (timeframe: M1)
2026-05-03 13:46:49,657 - INFO - グループ計算完了: group_5_tests - 4個の特徴量
2026-05-03 13:46:57,801 - INFO - グループ処理開始: group_6_fast (15個の特徴量)
2026-05-03 13:46:57,801 - INFO - グループ計算開始: group_6_fast
2026-05-03 13:46:57,802 - INFO - 品質保証適用: 15個の特徴量 (timeframe: M1)
2026-05-03 13:46:57,802 - INFO - グループ計算完了: group_6_fast - 15個の特徴量
2026-05-03 13:47:07,370 - INFO - グループ処理開始: group_7_numba (1個の特徴量)
2026-05-03 13:47:07,370 - INFO - グループ計算開始: group_7_numba
2026-05-03 13:47:07,371 - INFO - 品質保証適用: 1個の特徴量 (timeframe: M1)
2026-05-03 13:47:07,371 - INFO - グループ計算完了: group_7_numba - 1個の特徴量
2026-05-03 13:47:08,374 - INFO - グループ処理開始: group_8_qa (2個の特徴量)
2026-05-03 13:47:08,374 - INFO - グループ計算開始: group_8_qa
2026-05-03 13:47:08,375 - INFO - 品質保証適用: 2個の特徴量 (timeframe: M1)
2026-05-03 13:47:08,375 - INFO - グループ計算完了: group_8_qa - 2個の特徴量
2026-05-03 13:47:12,206 - INFO - 全グループ計算完了。ファイルの結合を開始します...
2026-05-03 13:47:13,228 - INFO - NaN埋め処理開始
2026-05-03 13:47:13,229 - INFO - NaN埋め処理完了: 64個の特徴量
2026-05-03 13:47:13,229 - INFO - 特徴量保存開始: /workspace/data/XAUUSD/stratum_2_features/feature_value_a_vast_universeA/features_e1a_M1.parquet
2026-05-03 13:47:13,235 - INFO - NaN埋め処理開始
2026-05-03 13:47:13,236 - INFO - NaN埋め処理完了: 64個の特徴量
2026-05-03 13:47:17,922 - INFO - 保存完了: 829.42MB, 4.68秒
2026-05-03 13:47:17,922 - INFO - === 通常処理完了: M1 - 189.17秒 ===
2026-05-03 13:47:17,922 - INFO - === 通常処理開始: timeframe=M3 ===
2026-05-03 13:47:17,924 - INFO - 一時ディレクトリ作成: /tmp/features_e1a_n7mej4_n
2026-05-03 13:47:17,925 - INFO - LazyFrame生成開始: timeframe=M3
2026-05-03 13:47:17,965 - INFO - 検出されたスキーマ: ['timeframe', 'timestamp', 'open', 'high', 'low', 'close', 'volume', 'disc', 'log_return', 'rolling_volatility', 'rolling_avg_volume', 'price_direction', 'price_momentum', 'volume_ratio']
2026-05-03 13:47:17,965 - INFO - 型変換を適用: 1個のカラム
2026-05-03 13:47:17,965 - INFO - LazyFrame生成完了: timeframe=M3
2026-05-03 13:47:18,029 - INFO - データサマリー: {'total_rows': 567730, 'start_time': datetime.datetime(2021, 7, 12, 0, 0), 'end_time': datetime.datetime(2026, 5, 1, 20, 57), 'avg_price': 2501.6155532900075, 'total_volume': 220520772}
2026-05-03 13:47:18,256 - INFO - グループ処理開始: group_1_moments (12個の特徴量)
2026-05-03 13:47:18,256 - INFO - グループ計算開始: group_1_moments
2026-05-03 13:47:18,256 - INFO - 品質保証適用: 12個の特徴量 (timeframe: M3)
2026-05-03 13:47:18,257 - INFO - グループ計算完了: group_1_moments - 12個の特徴量
2026-05-03 13:47:21,548 - INFO - グループ処理開始: group_2_skew_kurt (12個の特徴量)
2026-05-03 13:47:21,548 - INFO - グループ計算開始: group_2_skew_kurt
2026-05-03 13:47:21,549 - INFO - 品質保証適用: 12個の特徴量 (timeframe: M3)
2026-05-03 13:47:21,550 - INFO - グループ計算完了: group_2_skew_kurt - 12個の特徴量
2026-05-03 13:47:24,523 - INFO - グループ処理開始: group_3_robust (15個の特徴量)
2026-05-03 13:47:24,523 - INFO - グループ計算開始: group_3_robust
2026-05-03 13:47:24,524 - INFO - 品質保証適用: 15個の特徴量 (timeframe: M3)
2026-05-03 13:47:24,524 - INFO - グループ計算完了: group_3_robust - 15個の特徴量
2026-05-03 13:48:08,435 - INFO - グループ処理開始: group_4_advanced (3個の特徴量)
2026-05-03 13:48:08,435 - INFO - グループ計算開始: group_4_advanced
2026-05-03 13:48:08,435 - INFO - 品質保証適用: 3個の特徴量 (timeframe: M3)
2026-05-03 13:48:08,436 - INFO - グループ計算完了: group_4_advanced - 3個の特徴量
2026-05-03 13:48:13,441 - INFO - グループ処理開始: group_5_tests (4個の特徴量)
2026-05-03 13:48:13,441 - INFO - グループ計算開始: group_5_tests
2026-05-03 13:48:13,442 - INFO - 品質保証適用: 4個の特徴量 (timeframe: M3)
2026-05-03 13:48:13,442 - INFO - グループ計算完了: group_5_tests - 4個の特徴量
2026-05-03 13:48:16,258 - INFO - グループ処理開始: group_6_fast (15個の特徴量)
2026-05-03 13:48:16,258 - INFO - グループ計算開始: group_6_fast
2026-05-03 13:48:16,259 - INFO - 品質保証適用: 15個の特徴量 (timeframe: M3)
2026-05-03 13:48:16,259 - INFO - グループ計算完了: group_6_fast - 15個の特徴量
2026-05-03 13:48:19,656 - INFO - グループ処理開始: group_7_numba (1個の特徴量)
2026-05-03 13:48:19,656 - INFO - グループ計算開始: group_7_numba
2026-05-03 13:48:19,657 - INFO - 品質保証適用: 1個の特徴量 (timeframe: M3)
2026-05-03 13:48:19,657 - INFO - グループ計算完了: group_7_numba - 1個の特徴量
2026-05-03 13:48:20,049 - INFO - グループ処理開始: group_8_qa (2個の特徴量)
2026-05-03 13:48:20,050 - INFO - グループ計算開始: group_8_qa
2026-05-03 13:48:20,050 - INFO - 品質保証適用: 2個の特徴量 (timeframe: M3)
2026-05-03 13:48:20,051 - INFO - グループ計算完了: group_8_qa - 2個の特徴量
2026-05-03 13:48:21,426 - INFO - 全グループ計算完了。ファイルの結合を開始します...
2026-05-03 13:48:22,158 - INFO - NaN埋め処理開始
2026-05-03 13:48:22,158 - INFO - NaN埋め処理完了: 64個の特徴量
2026-05-03 13:48:22,158 - INFO - 特徴量保存開始: /workspace/data/XAUUSD/stratum_2_features/feature_value_a_vast_universeA/features_e1a_M3.parquet
2026-05-03 13:48:22,166 - INFO - NaN埋め処理開始
2026-05-03 13:48:22,167 - INFO - NaN埋め処理完了: 64個の特徴量
2026-05-03 13:48:23,756 - INFO - 保存完了: 277.57MB, 1.58秒
2026-05-03 13:48:23,756 - INFO - === 通常処理完了: M3 - 65.83秒 ===
2026-05-03 13:48:23,756 - INFO - === 通常処理開始: timeframe=M5 ===
2026-05-03 13:48:23,757 - INFO - 一時ディレクトリ作成: /tmp/features_e1a_30hmypu4
2026-05-03 13:48:23,757 - INFO - LazyFrame生成開始: timeframe=M5
2026-05-03 13:48:23,802 - INFO - 検出されたスキーマ: ['timeframe', 'timestamp', 'open', 'high', 'low', 'close', 'volume', 'disc', 'log_return', 'rolling_volatility', 'rolling_avg_volume', 'price_direction', 'price_momentum', 'volume_ratio']
2026-05-03 13:48:23,802 - INFO - 型変換を適用: 1個のカラム
2026-05-03 13:48:23,802 - INFO - LazyFrame生成完了: timeframe=M5
2026-05-03 13:48:23,844 - INFO - データサマリー: {'total_rows': 340602, 'start_time': datetime.datetime(2021, 7, 12, 0, 0), 'end_time': datetime.datetime(2026, 5, 1, 20, 55), 'avg_price': 2501.7083046243993, 'total_volume': 220520772}
2026-05-03 13:48:23,981 - INFO - グループ処理開始: group_1_moments (12個の特徴量)
2026-05-03 13:48:23,981 - INFO - グループ計算開始: group_1_moments
2026-05-03 13:48:23,982 - INFO - 品質保証適用: 12個の特徴量 (timeframe: M5)
2026-05-03 13:48:23,982 - INFO - グループ計算完了: group_1_moments - 12個の特徴量
2026-05-03 13:48:25,798 - INFO - グループ処理開始: group_2_skew_kurt (12個の特徴量)
2026-05-03 13:48:25,798 - INFO - グループ計算開始: group_2_skew_kurt
2026-05-03 13:48:25,799 - INFO - 品質保証適用: 12個の特徴量 (timeframe: M5)
2026-05-03 13:48:25,800 - INFO - グループ計算完了: group_2_skew_kurt - 12個の特徴量
2026-05-03 13:48:27,640 - INFO - グループ処理開始: group_3_robust (15個の特徴量)
2026-05-03 13:48:27,640 - INFO - グループ計算開始: group_3_robust
2026-05-03 13:48:27,641 - INFO - 品質保証適用: 15個の特徴量 (timeframe: M5)
2026-05-03 13:48:27,642 - INFO - グループ計算完了: group_3_robust - 15個の特徴量
2026-05-03 13:48:53,755 - INFO - グループ処理開始: group_4_advanced (3個の特徴量)
2026-05-03 13:48:53,755 - INFO - グループ計算開始: group_4_advanced
2026-05-03 13:48:53,756 - INFO - 品質保証適用: 3個の特徴量 (timeframe: M5)
2026-05-03 13:48:53,756 - INFO - グループ計算完了: group_4_advanced - 3個の特徴量
2026-05-03 13:48:56,864 - INFO - グループ処理開始: group_5_tests (4個の特徴量)
2026-05-03 13:48:56,865 - INFO - グループ計算開始: group_5_tests
2026-05-03 13:48:56,865 - INFO - 品質保証適用: 4個の特徴量 (timeframe: M5)
2026-05-03 13:48:56,866 - INFO - グループ計算完了: group_5_tests - 4個の特徴量
2026-05-03 13:48:58,650 - INFO - グループ処理開始: group_6_fast (15個の特徴量)
2026-05-03 13:48:58,650 - INFO - グループ計算開始: group_6_fast
2026-05-03 13:48:58,651 - INFO - 品質保証適用: 15個の特徴量 (timeframe: M5)
2026-05-03 13:48:58,653 - INFO - グループ計算完了: group_6_fast - 15個の特徴量
2026-05-03 13:49:00,891 - INFO - グループ処理開始: group_7_numba (1個の特徴量)
2026-05-03 13:49:00,891 - INFO - グループ計算開始: group_7_numba
2026-05-03 13:49:00,892 - INFO - 品質保証適用: 1個の特徴量 (timeframe: M5)
2026-05-03 13:49:00,892 - INFO - グループ計算完了: group_7_numba - 1個の特徴量
2026-05-03 13:49:01,186 - INFO - グループ処理開始: group_8_qa (2個の特徴量)
2026-05-03 13:49:01,186 - INFO - グループ計算開始: group_8_qa
2026-05-03 13:49:01,186 - INFO - 品質保証適用: 2個の特徴量 (timeframe: M5)
2026-05-03 13:49:01,187 - INFO - グループ計算完了: group_8_qa - 2個の特徴量
2026-05-03 13:49:02,059 - INFO - 全グループ計算完了。ファイルの結合を開始します...
2026-05-03 13:49:02,742 - INFO - NaN埋め処理開始
2026-05-03 13:49:02,743 - INFO - NaN埋め処理完了: 64個の特徴量
2026-05-03 13:49:02,743 - INFO - 特徴量保存開始: /workspace/data/XAUUSD/stratum_2_features/feature_value_a_vast_universeA/features_e1a_M5.parquet
2026-05-03 13:49:02,748 - INFO - NaN埋め処理開始
2026-05-03 13:49:02,749 - INFO - NaN埋め処理完了: 64個の特徴量
2026-05-03 13:49:03,715 - INFO - 保存完了: 166.69MB, 0.96秒
2026-05-03 13:49:03,715 - INFO - === 通常処理完了: M5 - 39.96秒 ===
2026-05-03 13:49:03,716 - INFO - === 通常処理開始: timeframe=M8 ===
2026-05-03 13:49:03,717 - INFO - 一時ディレクトリ作成: /tmp/features_e1a_uhbb5ycj
2026-05-03 13:49:03,717 - INFO - LazyFrame生成開始: timeframe=M8
2026-05-03 13:49:03,758 - INFO - 検出されたスキーマ: ['timeframe', 'timestamp', 'open', 'high', 'low', 'close', 'volume', 'disc', 'log_return', 'rolling_volatility', 'rolling_avg_volume', 'price_direction', 'price_momentum', 'volume_ratio']
2026-05-03 13:49:03,758 - INFO - 型変換を適用: 1個のカラム
2026-05-03 13:49:03,758 - INFO - LazyFrame生成完了: timeframe=M8
2026-05-03 13:49:03,793 - INFO - データサマリー: {'total_rows': 213577, 'start_time': datetime.datetime(2021, 7, 12, 0, 0), 'end_time': datetime.datetime(2026, 5, 1, 20, 56), 'avg_price': 2501.6966365391136, 'total_volume': 220520772}
2026-05-03 13:49:03,908 - INFO - グループ処理開始: group_1_moments (12個の特徴量)
2026-05-03 13:49:03,908 - INFO - グループ計算開始: group_1_moments
2026-05-03 13:49:03,908 - INFO - 品質保証適用: 12個の特徴量 (timeframe: M8)
2026-05-03 13:49:03,909 - INFO - グループ計算完了: group_1_moments - 12個の特徴量
2026-05-03 13:49:05,125 - INFO - グループ処理開始: group_2_skew_kurt (12個の特徴量)
2026-05-03 13:49:05,126 - INFO - グループ計算開始: group_2_skew_kurt
2026-05-03 13:49:05,126 - INFO - 品質保証適用: 12個の特徴量 (timeframe: M8)
2026-05-03 13:49:05,127 - INFO - グループ計算完了: group_2_skew_kurt - 12個の特徴量
2026-05-03 13:49:06,392 - INFO - グループ処理開始: group_3_robust (15個の特徴量)
2026-05-03 13:49:06,392 - INFO - グループ計算開始: group_3_robust
2026-05-03 13:49:06,393 - INFO - 品質保証適用: 15個の特徴量 (timeframe: M8)
2026-05-03 13:49:06,393 - INFO - グループ計算完了: group_3_robust - 15個の特徴量
2026-05-03 13:49:22,902 - INFO - グループ処理開始: group_4_advanced (3個の特徴量)
2026-05-03 13:49:22,902 - INFO - グループ計算開始: group_4_advanced
2026-05-03 13:49:22,903 - INFO - 品質保証適用: 3個の特徴量 (timeframe: M8)
2026-05-03 13:49:22,903 - INFO - グループ計算完了: group_4_advanced - 3個の特徴量
2026-05-03 13:49:24,907 - INFO - グループ処理開始: group_5_tests (4個の特徴量)
2026-05-03 13:49:24,907 - INFO - グループ計算開始: group_5_tests
2026-05-03 13:49:24,908 - INFO - 品質保証適用: 4個の特徴量 (timeframe: M8)
2026-05-03 13:49:24,908 - INFO - グループ計算完了: group_5_tests - 4個の特徴量
2026-05-03 13:49:26,054 - INFO - グループ処理開始: group_6_fast (15個の特徴量)
2026-05-03 13:49:26,055 - INFO - グループ計算開始: group_6_fast
2026-05-03 13:49:26,055 - INFO - 品質保証適用: 15個の特徴量 (timeframe: M8)
2026-05-03 13:49:26,056 - INFO - グループ計算完了: group_6_fast - 15個の特徴量
2026-05-03 13:49:27,534 - INFO - グループ処理開始: group_7_numba (1個の特徴量)
2026-05-03 13:49:27,534 - INFO - グループ計算開始: group_7_numba
2026-05-03 13:49:27,534 - INFO - 品質保証適用: 1個の特徴量 (timeframe: M8)
2026-05-03 13:49:27,534 - INFO - グループ計算完了: group_7_numba - 1個の特徴量
2026-05-03 13:49:27,739 - INFO - グループ処理開始: group_8_qa (2個の特徴量)
2026-05-03 13:49:27,739 - INFO - グループ計算開始: group_8_qa
2026-05-03 13:49:27,739 - INFO - 品質保証適用: 2個の特徴量 (timeframe: M8)
2026-05-03 13:49:27,740 - INFO - グループ計算完了: group_8_qa - 2個の特徴量
2026-05-03 13:49:28,317 - INFO - 全グループ計算完了。ファイルの結合を開始します...
2026-05-03 13:49:28,951 - INFO - NaN埋め処理開始
2026-05-03 13:49:28,952 - INFO - NaN埋め処理完了: 64個の特徴量
2026-05-03 13:49:28,952 - INFO - 特徴量保存開始: /workspace/data/XAUUSD/stratum_2_features/feature_value_a_vast_universeA/features_e1a_M8.parquet
2026-05-03 13:49:28,959 - INFO - NaN埋め処理開始
2026-05-03 13:49:28,960 - INFO - NaN埋め処理完了: 64個の特徴量
2026-05-03 13:49:29,547 - INFO - 保存完了: 104.63MB, 0.58秒
2026-05-03 13:49:29,547 - INFO - === 通常処理完了: M8 - 25.83秒 ===
2026-05-03 13:49:29,547 - INFO - === 通常処理開始: timeframe=M15 ===
2026-05-03 13:49:29,548 - INFO - 一時ディレクトリ作成: /tmp/features_e1a_xd22b_vz
2026-05-03 13:49:29,549 - INFO - LazyFrame生成開始: timeframe=M15
2026-05-03 13:49:29,588 - INFO - 検出されたスキーマ: ['timeframe', 'timestamp', 'open', 'high', 'low', 'close', 'volume', 'disc', 'log_return', 'rolling_volatility', 'rolling_avg_volume', 'price_direction', 'price_momentum', 'volume_ratio']
2026-05-03 13:49:29,588 - INFO - 型変換を適用: 1個のカラム
2026-05-03 13:49:29,588 - INFO - LazyFrame生成完了: timeframe=M15
2026-05-03 13:49:29,611 - INFO - データサマリー: {'total_rows': 113625, 'start_time': datetime.datetime(2021, 7, 12, 0, 0), 'end_time': datetime.datetime(2026, 5, 1, 20, 45), 'avg_price': 2501.624636705858, 'total_volume': 220520772}
2026-05-03 13:49:29,673 - INFO - グループ処理開始: group_1_moments (12個の特徴量)
2026-05-03 13:49:29,673 - INFO - グループ計算開始: group_1_moments
2026-05-03 13:49:29,674 - INFO - 品質保証適用: 12個の特徴量 (timeframe: M15)
2026-05-03 13:49:29,674 - INFO - グループ計算完了: group_1_moments - 12個の特徴量
2026-05-03 13:49:30,431 - INFO - グループ処理開始: group_2_skew_kurt (12個の特徴量)
2026-05-03 13:49:30,431 - INFO - グループ計算開始: group_2_skew_kurt
2026-05-03 13:49:30,432 - INFO - 品質保証適用: 12個の特徴量 (timeframe: M15)
2026-05-03 13:49:30,432 - INFO - グループ計算完了: group_2_skew_kurt - 12個の特徴量
2026-05-03 13:49:31,214 - INFO - グループ処理開始: group_3_robust (15個の特徴量)
2026-05-03 13:49:31,214 - INFO - グループ計算開始: group_3_robust
2026-05-03 13:49:31,215 - INFO - 品質保証適用: 15個の特徴量 (timeframe: M15)
2026-05-03 13:49:31,215 - INFO - グループ計算完了: group_3_robust - 15個の特徴量
2026-05-03 13:49:40,244 - INFO - グループ処理開始: group_4_advanced (3個の特徴量)
2026-05-03 13:49:40,244 - INFO - グループ計算開始: group_4_advanced
2026-05-03 13:49:40,244 - INFO - 品質保証適用: 3個の特徴量 (timeframe: M15)
2026-05-03 13:49:40,245 - INFO - グループ計算完了: group_4_advanced - 3個の特徴量
2026-05-03 13:49:41,409 - INFO - グループ処理開始: group_5_tests (4個の特徴量)
2026-05-03 13:49:41,409 - INFO - グループ計算開始: group_5_tests
2026-05-03 13:49:41,409 - INFO - 品質保証適用: 4個の特徴量 (timeframe: M15)
2026-05-03 13:49:41,409 - INFO - グループ計算完了: group_5_tests - 4個の特徴量
2026-05-03 13:49:42,110 - INFO - グループ処理開始: group_6_fast (15個の特徴量)
2026-05-03 13:49:42,110 - INFO - グループ計算開始: group_6_fast
2026-05-03 13:49:42,111 - INFO - 品質保証適用: 15個の特徴量 (timeframe: M15)
2026-05-03 13:49:42,111 - INFO - グループ計算完了: group_6_fast - 15個の特徴量
2026-05-03 13:49:43,107 - INFO - グループ処理開始: group_7_numba (1個の特徴量)
2026-05-03 13:49:43,107 - INFO - グループ計算開始: group_7_numba
2026-05-03 13:49:43,108 - INFO - 品質保証適用: 1個の特徴量 (timeframe: M15)
2026-05-03 13:49:43,108 - INFO - グループ計算完了: group_7_numba - 1個の特徴量
2026-05-03 13:49:43,262 - INFO - グループ処理開始: group_8_qa (2個の特徴量)
2026-05-03 13:49:43,262 - INFO - グループ計算開始: group_8_qa
2026-05-03 13:49:43,262 - INFO - 品質保証適用: 2個の特徴量 (timeframe: M15)
2026-05-03 13:49:43,262 - INFO - グループ計算完了: group_8_qa - 2個の特徴量
2026-05-03 13:49:43,617 - INFO - 全グループ計算完了。ファイルの結合を開始します...
2026-05-03 13:49:44,181 - INFO - NaN埋め処理開始
2026-05-03 13:49:44,182 - INFO - NaN埋め処理完了: 64個の特徴量
2026-05-03 13:49:44,182 - INFO - 特徴量保存開始: /workspace/data/XAUUSD/stratum_2_features/feature_value_a_vast_universeA/features_e1a_M15.parquet
2026-05-03 13:49:44,188 - INFO - NaN埋め処理開始
2026-05-03 13:49:44,189 - INFO - NaN埋め処理完了: 64個の特徴量
2026-05-03 13:49:44,503 - INFO - 保存完了: 55.75MB, 0.31秒
2026-05-03 13:49:44,503 - INFO - === 通常処理完了: M15 - 14.96秒 ===
2026-05-03 13:49:44,503 - INFO - === 通常処理開始: timeframe=M30 ===
2026-05-03 13:49:44,504 - INFO - 一時ディレクトリ作成: /tmp/features_e1a_fksj3_0j
2026-05-03 13:49:44,504 - INFO - LazyFrame生成開始: timeframe=M30
2026-05-03 13:49:44,547 - INFO - 検出されたスキーマ: ['timeframe', 'timestamp', 'open', 'high', 'low', 'close', 'volume', 'disc', 'log_return', 'rolling_volatility', 'rolling_avg_volume', 'price_direction', 'price_momentum', 'volume_ratio']
2026-05-03 13:49:44,548 - INFO - 型変換を適用: 1個のカラム
2026-05-03 13:49:44,548 - INFO - LazyFrame生成完了: timeframe=M30
2026-05-03 13:49:44,563 - INFO - データサマリー: {'total_rows': 56829, 'start_time': datetime.datetime(2021, 7, 12, 0, 0), 'end_time': datetime.datetime(2026, 5, 1, 20, 30), 'avg_price': 2501.688120554698, 'total_volume': 220520772}
2026-05-03 13:49:44,600 - INFO - グループ処理開始: group_1_moments (12個の特徴量)
2026-05-03 13:49:44,600 - INFO - グループ計算開始: group_1_moments
2026-05-03 13:49:44,601 - INFO - 品質保証適用: 12個の特徴量 (timeframe: M30)
2026-05-03 13:49:44,601 - INFO - グループ計算完了: group_1_moments - 12個の特徴量
2026-05-03 13:49:45,106 - INFO - グループ処理開始: group_2_skew_kurt (12個の特徴量)
2026-05-03 13:49:45,106 - INFO - グループ計算開始: group_2_skew_kurt
2026-05-03 13:49:45,107 - INFO - 品質保証適用: 12個の特徴量 (timeframe: M30)
2026-05-03 13:49:45,108 - INFO - グループ計算完了: group_2_skew_kurt - 12個の特徴量
2026-05-03 13:49:45,628 - INFO - グループ処理開始: group_3_robust (15個の特徴量)
2026-05-03 13:49:45,628 - INFO - グループ計算開始: group_3_robust
2026-05-03 13:49:45,628 - INFO - 品質保証適用: 15個の特徴量 (timeframe: M30)
2026-05-03 13:49:45,629 - INFO - グループ計算完了: group_3_robust - 15個の特徴量
2026-05-03 13:49:50,266 - INFO - グループ処理開始: group_4_advanced (3個の特徴量)
2026-05-03 13:49:50,266 - INFO - グループ計算開始: group_4_advanced
2026-05-03 13:49:50,267 - INFO - 品質保証適用: 3個の特徴量 (timeframe: M30)
2026-05-03 13:49:50,267 - INFO - グループ計算完了: group_4_advanced - 3個の特徴量
2026-05-03 13:49:50,903 - INFO - グループ処理開始: group_5_tests (4個の特徴量)
2026-05-03 13:49:50,904 - INFO - グループ計算開始: group_5_tests
2026-05-03 13:49:50,904 - INFO - 品質保証適用: 4個の特徴量 (timeframe: M30)
2026-05-03 13:49:50,905 - INFO - グループ計算完了: group_5_tests - 4個の特徴量
2026-05-03 13:49:51,303 - INFO - グループ処理開始: group_6_fast (15個の特徴量)
2026-05-03 13:49:51,304 - INFO - グループ計算開始: group_6_fast
2026-05-03 13:49:51,304 - INFO - 品質保証適用: 15個の特徴量 (timeframe: M30)
2026-05-03 13:49:51,305 - INFO - グループ計算完了: group_6_fast - 15個の特徴量
2026-05-03 13:49:51,922 - INFO - グループ処理開始: group_7_numba (1個の特徴量)
2026-05-03 13:49:51,923 - INFO - グループ計算開始: group_7_numba
2026-05-03 13:49:51,923 - INFO - 品質保証適用: 1個の特徴量 (timeframe: M30)
2026-05-03 13:49:51,923 - INFO - グループ計算完了: group_7_numba - 1個の特徴量
2026-05-03 13:49:52,038 - INFO - グループ処理開始: group_8_qa (2個の特徴量)
2026-05-03 13:49:52,039 - INFO - グループ計算開始: group_8_qa
2026-05-03 13:49:52,039 - INFO - 品質保証適用: 2個の特徴量 (timeframe: M30)
2026-05-03 13:49:52,039 - INFO - グループ計算完了: group_8_qa - 2個の特徴量
2026-05-03 13:49:52,267 - INFO - 全グループ計算完了。ファイルの結合を開始します...
2026-05-03 13:49:52,794 - INFO - NaN埋め処理開始
2026-05-03 13:49:52,795 - INFO - NaN埋め処理完了: 64個の特徴量
2026-05-03 13:49:52,795 - INFO - 特徴量保存開始: /workspace/data/XAUUSD/stratum_2_features/feature_value_a_vast_universeA/features_e1a_M30.parquet
2026-05-03 13:49:52,800 - INFO - NaN埋め処理開始
2026-05-03 13:49:52,801 - INFO - NaN埋め処理完了: 64個の特徴量
2026-05-03 13:49:52,984 - INFO - 保存完了: 27.95MB, 0.18秒
2026-05-03 13:49:52,984 - INFO - === 通常処理完了: M30 - 8.48秒 ===
2026-05-03 13:49:52,984 - INFO - === 通常処理開始: timeframe=H1 ===
2026-05-03 13:49:52,985 - INFO - 一時ディレクトリ作成: /tmp/features_e1a_sov3ldhp
2026-05-03 13:49:52,985 - INFO - LazyFrame生成開始: timeframe=H1
2026-05-03 13:49:53,025 - INFO - 検出されたスキーマ: ['timeframe', 'timestamp', 'open', 'high', 'low', 'close', 'volume', 'disc', 'log_return', 'rolling_volatility', 'rolling_avg_volume', 'price_direction', 'price_momentum', 'volume_ratio']
2026-05-03 13:49:53,025 - INFO - 型変換を適用: 1個のカラム
2026-05-03 13:49:53,025 - INFO - LazyFrame生成完了: timeframe=H1
2026-05-03 13:49:53,036 - INFO - データサマリー: {'total_rows': 28433, 'start_time': datetime.datetime(2021, 7, 12, 0, 0), 'end_time': datetime.datetime(2026, 5, 1, 20, 0), 'avg_price': 2501.7362490259447, 'total_volume': 220520772}
2026-05-03 13:49:53,062 - INFO - グループ処理開始: group_1_moments (12個の特徴量)
2026-05-03 13:49:53,063 - INFO - グループ計算開始: group_1_moments
2026-05-03 13:49:53,063 - INFO - 品質保証適用: 12個の特徴量 (timeframe: H1)
2026-05-03 13:49:53,064 - INFO - グループ計算完了: group_1_moments - 12個の特徴量
2026-05-03 13:49:53,445 - INFO - グループ処理開始: group_2_skew_kurt (12個の特徴量)
2026-05-03 13:49:53,445 - INFO - グループ計算開始: group_2_skew_kurt
2026-05-03 13:49:53,446 - INFO - 品質保証適用: 12個の特徴量 (timeframe: H1)
2026-05-03 13:49:53,446 - INFO - グループ計算完了: group_2_skew_kurt - 12個の特徴量
2026-05-03 13:49:53,825 - INFO - グループ処理開始: group_3_robust (15個の特徴量)
2026-05-03 13:49:53,825 - INFO - グループ計算開始: group_3_robust
2026-05-03 13:49:53,826 - INFO - 品質保証適用: 15個の特徴量 (timeframe: H1)
2026-05-03 13:49:53,826 - INFO - グループ計算完了: group_3_robust - 15個の特徴量
2026-05-03 13:49:56,335 - INFO - グループ処理開始: group_4_advanced (3個の特徴量)
2026-05-03 13:49:56,335 - INFO - グループ計算開始: group_4_advanced
2026-05-03 13:49:56,335 - INFO - 品質保証適用: 3個の特徴量 (timeframe: H1)
2026-05-03 13:49:56,336 - INFO - グループ計算完了: group_4_advanced - 3個の特徴量
2026-05-03 13:49:56,711 - INFO - グループ処理開始: group_5_tests (4個の特徴量)
2026-05-03 13:49:56,711 - INFO - グループ計算開始: group_5_tests
2026-05-03 13:49:56,712 - INFO - 品質保証適用: 4個の特徴量 (timeframe: H1)
2026-05-03 13:49:56,712 - INFO - グループ計算完了: group_5_tests - 4個の特徴量
2026-05-03 13:49:56,979 - INFO - グループ処理開始: group_6_fast (15個の特徴量)
2026-05-03 13:49:56,980 - INFO - グループ計算開始: group_6_fast
2026-05-03 13:49:56,980 - INFO - 品質保証適用: 15個の特徴量 (timeframe: H1)
2026-05-03 13:49:56,981 - INFO - グループ計算完了: group_6_fast - 15個の特徴量
2026-05-03 13:49:57,432 - INFO - グループ処理開始: group_7_numba (1個の特徴量)
2026-05-03 13:49:57,432 - INFO - グループ計算開始: group_7_numba
2026-05-03 13:49:57,433 - INFO - 品質保証適用: 1個の特徴量 (timeframe: H1)
2026-05-03 13:49:57,433 - INFO - グループ計算完了: group_7_numba - 1個の特徴量
2026-05-03 13:49:57,540 - INFO - グループ処理開始: group_8_qa (2個の特徴量)
2026-05-03 13:49:57,540 - INFO - グループ計算開始: group_8_qa
2026-05-03 13:49:57,540 - INFO - 品質保証適用: 2個の特徴量 (timeframe: H1)
2026-05-03 13:49:57,541 - INFO - グループ計算完了: group_8_qa - 2個の特徴量
2026-05-03 13:49:57,704 - INFO - 全グループ計算完了。ファイルの結合を開始します...
2026-05-03 13:49:58,202 - INFO - NaN埋め処理開始
2026-05-03 13:49:58,203 - INFO - NaN埋め処理完了: 64個の特徴量
2026-05-03 13:49:58,203 - INFO - 特徴量保存開始: /workspace/data/XAUUSD/stratum_2_features/feature_value_a_vast_universeA/features_e1a_H1.parquet
2026-05-03 13:49:58,208 - INFO - NaN埋め処理開始
2026-05-03 13:49:58,209 - INFO - NaN埋め処理完了: 64個の特徴量
2026-05-03 13:49:58,317 - INFO - 保存完了: 14.04MB, 0.10秒
2026-05-03 13:49:58,317 - INFO - === 通常処理完了: H1 - 5.33秒 ===
2026-05-03 13:49:58,317 - INFO - === 通常処理開始: timeframe=H4 ===
2026-05-03 13:49:58,319 - INFO - 一時ディレクトリ作成: /tmp/features_e1a_6o1wtjwy
2026-05-03 13:49:58,319 - INFO - LazyFrame生成開始: timeframe=H4
2026-05-03 13:49:58,359 - INFO - 検出されたスキーマ: ['timeframe', 'timestamp', 'open', 'high', 'low', 'close', 'volume', 'disc', 'log_return', 'rolling_volatility', 'rolling_avg_volume', 'price_direction', 'price_momentum', 'volume_ratio']
2026-05-03 13:49:58,359 - INFO - 型変換を適用: 1個のカラム
2026-05-03 13:49:58,359 - INFO - LazyFrame生成完了: timeframe=H4
2026-05-03 13:49:58,368 - INFO - データサマリー: {'total_rows': 7691, 'start_time': datetime.datetime(2021, 7, 12, 0, 0), 'end_time': datetime.datetime(2026, 5, 1, 20, 0), 'avg_price': 2502.1429270832487, 'total_volume': 220520772}
2026-05-03 13:49:58,386 - INFO - グループ処理開始: group_1_moments (12個の特徴量)
2026-05-03 13:49:58,386 - INFO - グループ計算開始: group_1_moments
2026-05-03 13:49:58,387 - INFO - 品質保証適用: 12個の特徴量 (timeframe: H4)
2026-05-03 13:49:58,388 - INFO - グループ計算完了: group_1_moments - 12個の特徴量
2026-05-03 13:49:58,685 - INFO - グループ処理開始: group_2_skew_kurt (12個の特徴量)
2026-05-03 13:49:58,685 - INFO - グループ計算開始: group_2_skew_kurt
2026-05-03 13:49:58,685 - INFO - 品質保証適用: 12個の特徴量 (timeframe: H4)
2026-05-03 13:49:58,686 - INFO - グループ計算完了: group_2_skew_kurt - 12個の特徴量
2026-05-03 13:49:58,980 - INFO - グループ処理開始: group_3_robust (15個の特徴量)
2026-05-03 13:49:58,980 - INFO - グループ計算開始: group_3_robust
2026-05-03 13:49:58,981 - INFO - 品質保証適用: 15個の特徴量 (timeframe: H4)
2026-05-03 13:49:58,981 - INFO - グループ計算完了: group_3_robust - 15個の特徴量
2026-05-03 13:49:59,877 - INFO - グループ処理開始: group_4_advanced (3個の特徴量)
2026-05-03 13:49:59,877 - INFO - グループ計算開始: group_4_advanced
2026-05-03 13:49:59,877 - INFO - 品質保証適用: 3個の特徴量 (timeframe: H4)
2026-05-03 13:49:59,877 - INFO - グループ計算完了: group_4_advanced - 3個の特徴量
2026-05-03 13:50:00,066 - INFO - グループ処理開始: group_5_tests (4個の特徴量)
2026-05-03 13:50:00,066 - INFO - グループ計算開始: group_5_tests
2026-05-03 13:50:00,067 - INFO - 品質保証適用: 4個の特徴量 (timeframe: H4)
2026-05-03 13:50:00,067 - INFO - グループ計算完了: group_5_tests - 4個の特徴量
2026-05-03 13:50:00,235 - INFO - グループ処理開始: group_6_fast (15個の特徴量)
2026-05-03 13:50:00,235 - INFO - グループ計算開始: group_6_fast
2026-05-03 13:50:00,235 - INFO - 品質保証適用: 15個の特徴量 (timeframe: H4)
2026-05-03 13:50:00,236 - INFO - グループ計算完了: group_6_fast - 15個の特徴量
2026-05-03 13:50:00,578 - INFO - グループ処理開始: group_7_numba (1個の特徴量)
2026-05-03 13:50:00,578 - INFO - グループ計算開始: group_7_numba
2026-05-03 13:50:00,578 - INFO - 品質保証適用: 1個の特徴量 (timeframe: H4)
2026-05-03 13:50:00,578 - INFO - グループ計算完了: group_7_numba - 1個の特徴量
2026-05-03 13:50:00,671 - INFO - グループ処理開始: group_8_qa (2個の特徴量)
2026-05-03 13:50:00,671 - INFO - グループ計算開始: group_8_qa
2026-05-03 13:50:00,672 - INFO - 品質保証適用: 2個の特徴量 (timeframe: H4)
2026-05-03 13:50:00,672 - INFO - グループ計算完了: group_8_qa - 2個の特徴量
2026-05-03 13:50:00,790 - INFO - 全グループ計算完了。ファイルの結合を開始します...
2026-05-03 13:50:01,273 - INFO - NaN埋め処理開始
2026-05-03 13:50:01,274 - INFO - NaN埋め処理完了: 64個の特徴量
2026-05-03 13:50:01,274 - INFO - 特徴量保存開始: /workspace/data/XAUUSD/stratum_2_features/feature_value_a_vast_universeA/features_e1a_H4.parquet
2026-05-03 13:50:01,280 - INFO - NaN埋め処理開始
2026-05-03 13:50:01,281 - INFO - NaN埋め処理完了: 64個の特徴量
2026-05-03 13:50:01,338 - INFO - 保存完了: 3.82MB, 0.05秒
2026-05-03 13:50:01,338 - INFO - === 通常処理完了: H4 - 3.02秒 ===
2026-05-03 13:50:01,338 - INFO - === 通常処理開始: timeframe=H6 ===
2026-05-03 13:50:01,339 - INFO - 一時ディレクトリ作成: /tmp/features_e1a_28x2v8wz
2026-05-03 13:50:01,339 - INFO - LazyFrame生成開始: timeframe=H6
2026-05-03 13:50:01,382 - INFO - 検出されたスキーマ: ['timeframe', 'timestamp', 'open', 'high', 'low', 'close', 'volume', 'disc', 'log_return', 'rolling_volatility', 'rolling_avg_volume', 'price_direction', 'price_momentum', 'volume_ratio']
2026-05-03 13:50:01,382 - INFO - 型変換を適用: 1個のカラム
2026-05-03 13:50:01,382 - INFO - LazyFrame生成完了: timeframe=H6
2026-05-03 13:50:01,390 - INFO - データサマリー: {'total_rows': 5217, 'start_time': datetime.datetime(2021, 7, 12, 0, 0), 'end_time': datetime.datetime(2026, 5, 1, 18, 0), 'avg_price': 2502.558648900417, 'total_volume': 220520772}
2026-05-03 13:50:01,404 - INFO - グループ処理開始: group_1_moments (12個の特徴量)
2026-05-03 13:50:01,404 - INFO - グループ計算開始: group_1_moments
2026-05-03 13:50:01,405 - INFO - 品質保証適用: 12個の特徴量 (timeframe: H6)
2026-05-03 13:50:01,405 - INFO - グループ計算完了: group_1_moments - 12個の特徴量
2026-05-03 13:50:01,678 - INFO - グループ処理開始: group_2_skew_kurt (12個の特徴量)
2026-05-03 13:50:01,678 - INFO - グループ計算開始: group_2_skew_kurt
2026-05-03 13:50:01,678 - INFO - 品質保証適用: 12個の特徴量 (timeframe: H6)
2026-05-03 13:50:01,679 - INFO - グループ計算完了: group_2_skew_kurt - 12個の特徴量
2026-05-03 13:50:01,963 - INFO - グループ処理開始: group_3_robust (15個の特徴量)
2026-05-03 13:50:01,963 - INFO - グループ計算開始: group_3_robust
2026-05-03 13:50:01,964 - INFO - 品質保証適用: 15個の特徴量 (timeframe: H6)
2026-05-03 13:50:01,964 - INFO - グループ計算完了: group_3_robust - 15個の特徴量
2026-05-03 13:50:02,681 - INFO - グループ処理開始: group_4_advanced (3個の特徴量)
2026-05-03 13:50:02,681 - INFO - グループ計算開始: group_4_advanced
2026-05-03 13:50:02,682 - INFO - 品質保証適用: 3個の特徴量 (timeframe: H6)
2026-05-03 13:50:02,682 - INFO - グループ計算完了: group_4_advanced - 3個の特徴量
2026-05-03 13:50:02,850 - INFO - グループ処理開始: group_5_tests (4個の特徴量)
2026-05-03 13:50:02,850 - INFO - グループ計算開始: group_5_tests
2026-05-03 13:50:02,851 - INFO - 品質保証適用: 4個の特徴量 (timeframe: H6)
2026-05-03 13:50:02,851 - INFO - グループ計算完了: group_5_tests - 4個の特徴量
2026-05-03 13:50:03,002 - INFO - グループ処理開始: group_6_fast (15個の特徴量)
2026-05-03 13:50:03,003 - INFO - グループ計算開始: group_6_fast
2026-05-03 13:50:03,003 - INFO - 品質保証適用: 15個の特徴量 (timeframe: H6)
2026-05-03 13:50:03,004 - INFO - グループ計算完了: group_6_fast - 15個の特徴量
2026-05-03 13:50:03,327 - INFO - グループ処理開始: group_7_numba (1個の特徴量)
2026-05-03 13:50:03,327 - INFO - グループ計算開始: group_7_numba
2026-05-03 13:50:03,327 - INFO - 品質保証適用: 1個の特徴量 (timeframe: H6)
2026-05-03 13:50:03,327 - INFO - グループ計算完了: group_7_numba - 1個の特徴量
2026-05-03 13:50:03,420 - INFO - グループ処理開始: group_8_qa (2個の特徴量)
2026-05-03 13:50:03,420 - INFO - グループ計算開始: group_8_qa
2026-05-03 13:50:03,420 - INFO - 品質保証適用: 2個の特徴量 (timeframe: H6)
2026-05-03 13:50:03,421 - INFO - グループ計算完了: group_8_qa - 2個の特徴量
2026-05-03 13:50:03,534 - INFO - 全グループ計算完了。ファイルの結合を開始します...
2026-05-03 13:50:04,019 - INFO - NaN埋め処理開始
2026-05-03 13:50:04,020 - INFO - NaN埋め処理完了: 64個の特徴量
2026-05-03 13:50:04,020 - INFO - 特徴量保存開始: /workspace/data/XAUUSD/stratum_2_features/feature_value_a_vast_universeA/features_e1a_H6.parquet
2026-05-03 13:50:04,027 - INFO - NaN埋め処理開始
2026-05-03 13:50:04,028 - INFO - NaN埋め処理完了: 64個の特徴量
2026-05-03 13:50:04,076 - INFO - 保存完了: 2.59MB, 0.04秒
2026-05-03 13:50:04,076 - INFO - === 通常処理完了: H6 - 2.74秒 ===
2026-05-03 13:50:04,077 - INFO - === 通常処理開始: timeframe=H12 ===
2026-05-03 13:50:04,078 - INFO - 一時ディレクトリ作成: /tmp/features_e1a_9urk4da8
2026-05-03 13:50:04,078 - INFO - LazyFrame生成開始: timeframe=H12
2026-05-03 13:50:04,121 - INFO - 検出されたスキーマ: ['timeframe', 'timestamp', 'open', 'high', 'low', 'close', 'volume', 'disc', 'log_return', 'rolling_volatility', 'rolling_avg_volume', 'price_direction', 'price_momentum', 'volume_ratio']
2026-05-03 13:50:04,121 - INFO - 型変換を適用: 1個のカラム
2026-05-03 13:50:04,121 - INFO - LazyFrame生成完了: timeframe=H12
2026-05-03 13:50:04,130 - INFO - データサマリー: {'total_rows': 2736, 'start_time': datetime.datetime(2021, 7, 12, 0, 0), 'end_time': datetime.datetime(2026, 5, 1, 12, 0), 'avg_price': 2503.838708308705, 'total_volume': 220520772}
2026-05-03 13:50:04,144 - INFO - グループ処理開始: group_1_moments (12個の特徴量)
2026-05-03 13:50:04,144 - INFO - グループ計算開始: group_1_moments
2026-05-03 13:50:04,145 - INFO - 品質保証適用: 12個の特徴量 (timeframe: H12)
2026-05-03 13:50:04,145 - INFO - グループ計算完了: group_1_moments - 12個の特徴量
2026-05-03 13:50:04,405 - INFO - グループ処理開始: group_2_skew_kurt (12個の特徴量)
2026-05-03 13:50:04,405 - INFO - グループ計算開始: group_2_skew_kurt
2026-05-03 13:50:04,405 - INFO - 品質保証適用: 12個の特徴量 (timeframe: H12)
2026-05-03 13:50:04,406 - INFO - グループ計算完了: group_2_skew_kurt - 12個の特徴量
2026-05-03 13:50:04,666 - INFO - グループ処理開始: group_3_robust (15個の特徴量)
2026-05-03 13:50:04,666 - INFO - グループ計算開始: group_3_robust
2026-05-03 13:50:04,666 - INFO - 品質保証適用: 15個の特徴量 (timeframe: H12)
2026-05-03 13:50:04,667 - INFO - グループ計算完了: group_3_robust - 15個の特徴量
2026-05-03 13:50:05,180 - INFO - グループ処理開始: group_4_advanced (3個の特徴量)
2026-05-03 13:50:05,180 - INFO - グループ計算開始: group_4_advanced
2026-05-03 13:50:05,180 - INFO - 品質保証適用: 3個の特徴量 (timeframe: H12)
2026-05-03 13:50:05,181 - INFO - グループ計算完了: group_4_advanced - 3個の特徴量
2026-05-03 13:50:05,322 - INFO - グループ処理開始: group_5_tests (4個の特徴量)
2026-05-03 13:50:05,322 - INFO - グループ計算開始: group_5_tests
2026-05-03 13:50:05,323 - INFO - 品質保証適用: 4個の特徴量 (timeframe: H12)
2026-05-03 13:50:05,323 - INFO - グループ計算完了: group_5_tests - 4個の特徴量
2026-05-03 13:50:05,475 - INFO - グループ処理開始: group_6_fast (15個の特徴量)
2026-05-03 13:50:05,475 - INFO - グループ計算開始: group_6_fast
2026-05-03 13:50:05,476 - INFO - 品質保証適用: 15個の特徴量 (timeframe: H12)
2026-05-03 13:50:05,476 - INFO - グループ計算完了: group_6_fast - 15個の特徴量
2026-05-03 13:50:05,791 - INFO - グループ処理開始: group_7_numba (1個の特徴量)
2026-05-03 13:50:05,791 - INFO - グループ計算開始: group_7_numba
2026-05-03 13:50:05,792 - INFO - 品質保証適用: 1個の特徴量 (timeframe: H12)
2026-05-03 13:50:05,792 - INFO - グループ計算完了: group_7_numba - 1個の特徴量
2026-05-03 13:50:05,881 - INFO - グループ処理開始: group_8_qa (2個の特徴量)
2026-05-03 13:50:05,881 - INFO - グループ計算開始: group_8_qa
2026-05-03 13:50:05,882 - INFO - 品質保証適用: 2個の特徴量 (timeframe: H12)
2026-05-03 13:50:05,882 - INFO - グループ計算完了: group_8_qa - 2個の特徴量
2026-05-03 13:50:05,991 - INFO - 全グループ計算完了。ファイルの結合を開始します...
2026-05-03 13:50:06,467 - INFO - NaN埋め処理開始
2026-05-03 13:50:06,468 - INFO - NaN埋め処理完了: 64個の特徴量
2026-05-03 13:50:06,468 - INFO - 特徴量保存開始: /workspace/data/XAUUSD/stratum_2_features/feature_value_a_vast_universeA/features_e1a_H12.parquet
2026-05-03 13:50:06,475 - INFO - NaN埋め処理開始
2026-05-03 13:50:06,476 - INFO - NaN埋め処理完了: 64個の特徴量
2026-05-03 13:50:06,520 - INFO - 保存完了: 1.37MB, 0.04秒
2026-05-03 13:50:06,521 - INFO - === 通常処理完了: H12 - 2.44秒 ===
2026-05-03 13:50:06,521 - INFO - === 通常処理開始: timeframe=D1 ===
2026-05-03 13:50:06,522 - INFO - 一時ディレクトリ作成: /tmp/features_e1a_27zntcq0
2026-05-03 13:50:06,523 - INFO - LazyFrame生成開始: timeframe=D1
2026-05-03 13:50:06,564 - INFO - 検出されたスキーマ: ['timeframe', 'timestamp', 'open', 'high', 'low', 'close', 'volume', 'disc', 'log_return', 'rolling_volatility', 'rolling_avg_volume', 'price_direction', 'price_momentum', 'volume_ratio']
2026-05-03 13:50:06,564 - INFO - 型変換を適用: 1個のカラム
2026-05-03 13:50:06,564 - INFO - LazyFrame生成完了: timeframe=D1
2026-05-03 13:50:06,573 - INFO - データサマリー: {'total_rows': 1495, 'start_time': datetime.datetime(2021, 7, 12, 0, 0), 'end_time': datetime.datetime(2026, 5, 1, 0, 0), 'avg_price': 2505.4262536090355, 'total_volume': 220520772}
2026-05-03 13:50:06,585 - INFO - グループ処理開始: group_1_moments (12個の特徴量)
2026-05-03 13:50:06,586 - INFO - グループ計算開始: group_1_moments
2026-05-03 13:50:06,586 - INFO - 品質保証適用: 12個の特徴量 (timeframe: D1)
2026-05-03 13:50:06,587 - INFO - グループ計算完了: group_1_moments - 12個の特徴量
2026-05-03 13:50:06,844 - INFO - グループ処理開始: group_2_skew_kurt (12個の特徴量)
2026-05-03 13:50:06,844 - INFO - グループ計算開始: group_2_skew_kurt
2026-05-03 13:50:06,845 - INFO - 品質保証適用: 12個の特徴量 (timeframe: D1)
2026-05-03 13:50:06,846 - INFO - グループ計算完了: group_2_skew_kurt - 12個の特徴量
2026-05-03 13:50:07,104 - INFO - グループ処理開始: group_3_robust (15個の特徴量)
2026-05-03 13:50:07,104 - INFO - グループ計算開始: group_3_robust
2026-05-03 13:50:07,105 - INFO - 品質保証適用: 15個の特徴量 (timeframe: D1)
2026-05-03 13:50:07,106 - INFO - グループ計算完了: group_3_robust - 15個の特徴量
2026-05-03 13:50:07,536 - INFO - グループ処理開始: group_4_advanced (3個の特徴量)
2026-05-03 13:50:07,536 - INFO - グループ計算開始: group_4_advanced
2026-05-03 13:50:07,536 - INFO - 品質保証適用: 3個の特徴量 (timeframe: D1)
2026-05-03 13:50:07,537 - INFO - グループ計算完了: group_4_advanced - 3個の特徴量
2026-05-03 13:50:07,671 - INFO - グループ処理開始: group_5_tests (4個の特徴量)
2026-05-03 13:50:07,671 - INFO - グループ計算開始: group_5_tests
2026-05-03 13:50:07,671 - INFO - 品質保証適用: 4個の特徴量 (timeframe: D1)
2026-05-03 13:50:07,671 - INFO - グループ計算完了: group_5_tests - 4個の特徴量
2026-05-03 13:50:07,810 - INFO - グループ処理開始: group_6_fast (15個の特徴量)
2026-05-03 13:50:07,810 - INFO - グループ計算開始: group_6_fast
2026-05-03 13:50:07,811 - INFO - 品質保証適用: 15個の特徴量 (timeframe: D1)
2026-05-03 13:50:07,812 - INFO - グループ計算完了: group_6_fast - 15個の特徴量
2026-05-03 13:50:08,125 - INFO - グループ処理開始: group_7_numba (1個の特徴量)
2026-05-03 13:50:08,125 - INFO - グループ計算開始: group_7_numba
2026-05-03 13:50:08,126 - INFO - 品質保証適用: 1個の特徴量 (timeframe: D1)
2026-05-03 13:50:08,126 - INFO - グループ計算完了: group_7_numba - 1個の特徴量
2026-05-03 13:50:08,215 - INFO - グループ処理開始: group_8_qa (2個の特徴量)
2026-05-03 13:50:08,215 - INFO - グループ計算開始: group_8_qa
2026-05-03 13:50:08,215 - INFO - 品質保証適用: 2個の特徴量 (timeframe: D1)
2026-05-03 13:50:08,216 - INFO - グループ計算完了: group_8_qa - 2個の特徴量
2026-05-03 13:50:08,326 - INFO - 全グループ計算完了。ファイルの結合を開始します...
2026-05-03 13:50:08,810 - INFO - NaN埋め処理開始
2026-05-03 13:50:08,810 - INFO - NaN埋め処理完了: 64個の特徴量
2026-05-03 13:50:08,811 - INFO - 特徴量保存開始: /workspace/data/XAUUSD/stratum_2_features/feature_value_a_vast_universeA/features_e1a_D1.parquet
2026-05-03 13:50:08,817 - INFO - NaN埋め処理開始
2026-05-03 13:50:08,818 - INFO - NaN埋め処理完了: 64個の特徴量
2026-05-03 13:50:08,862 - INFO - 保存完了: 0.75MB, 0.04秒
2026-05-03 13:50:08,862 - INFO - === 通常処理完了: D1 - 2.34秒 ===
2026-05-03 13:50:08,862 - INFO - === 通常処理開始: timeframe=W1 ===
2026-05-03 13:50:08,864 - INFO - 一時ディレクトリ作成: /tmp/features_e1a_tv__b0gq
2026-05-03 13:50:08,864 - INFO - LazyFrame生成開始: timeframe=W1
2026-05-03 13:50:08,907 - INFO - 検出されたスキーマ: ['timeframe', 'timestamp', 'open', 'high', 'low', 'close', 'volume', 'disc', 'log_return', 'rolling_volatility', 'rolling_avg_volume', 'price_direction', 'price_momentum', 'volume_ratio']
2026-05-03 13:50:08,907 - INFO - 型変換を適用: 1個のカラム
2026-05-03 13:50:08,907 - INFO - LazyFrame生成完了: timeframe=W1
2026-05-03 13:50:08,915 - INFO - データサマリー: {'total_rows': 251, 'start_time': datetime.datetime(2021, 7, 12, 0, 0), 'end_time': datetime.datetime(2026, 4, 27, 0, 0), 'avg_price': 2508.222277880665, 'total_volume': 220520772}
2026-05-03 13:50:08,927 - INFO - グループ処理開始: group_1_moments (12個の特徴量)
2026-05-03 13:50:08,927 - INFO - グループ計算開始: group_1_moments
2026-05-03 13:50:08,928 - INFO - 品質保証適用: 12個の特徴量 (timeframe: W1)
2026-05-03 13:50:08,929 - INFO - グループ計算完了: group_1_moments - 12個の特徴量
2026-05-03 13:50:09,180 - INFO - グループ処理開始: group_2_skew_kurt (12個の特徴量)
2026-05-03 13:50:09,180 - INFO - グループ計算開始: group_2_skew_kurt
2026-05-03 13:50:09,181 - INFO - 品質保証適用: 12個の特徴量 (timeframe: W1)
2026-05-03 13:50:09,182 - INFO - グループ計算完了: group_2_skew_kurt - 12個の特徴量
2026-05-03 13:50:09,434 - INFO - グループ処理開始: group_3_robust (15個の特徴量)
2026-05-03 13:50:09,434 - INFO - グループ計算開始: group_3_robust
2026-05-03 13:50:09,435 - INFO - 品質保証適用: 15個の特徴量 (timeframe: W1)
2026-05-03 13:50:09,436 - INFO - グループ計算完了: group_3_robust - 15個の特徴量
2026-05-03 13:50:09,744 - INFO - グループ処理開始: group_4_advanced (3個の特徴量)
2026-05-03 13:50:09,744 - INFO - グループ計算開始: group_4_advanced
2026-05-03 13:50:09,745 - INFO - 品質保証適用: 3個の特徴量 (timeframe: W1)
2026-05-03 13:50:09,745 - INFO - グループ計算完了: group_4_advanced - 3個の特徴量
2026-05-03 13:50:09,863 - INFO - グループ処理開始: group_5_tests (4個の特徴量)
2026-05-03 13:50:09,863 - INFO - グループ計算開始: group_5_tests
2026-05-03 13:50:09,863 - INFO - 品質保証適用: 4個の特徴量 (timeframe: W1)
2026-05-03 13:50:09,864 - INFO - グループ計算完了: group_5_tests - 4個の特徴量
2026-05-03 13:50:10,000 - INFO - グループ処理開始: group_6_fast (15個の特徴量)
2026-05-03 13:50:10,000 - INFO - グループ計算開始: group_6_fast
2026-05-03 13:50:10,000 - INFO - 品質保証適用: 15個の特徴量 (timeframe: W1)
2026-05-03 13:50:10,001 - INFO - グループ計算完了: group_6_fast - 15個の特徴量
2026-05-03 13:50:10,297 - INFO - グループ処理開始: group_7_numba (1個の特徴量)
2026-05-03 13:50:10,297 - INFO - グループ計算開始: group_7_numba
2026-05-03 13:50:10,298 - INFO - 品質保証適用: 1個の特徴量 (timeframe: W1)
2026-05-03 13:50:10,298 - INFO - グループ計算完了: group_7_numba - 1個の特徴量
2026-05-03 13:50:10,384 - INFO - グループ処理開始: group_8_qa (2個の特徴量)
2026-05-03 13:50:10,384 - INFO - グループ計算開始: group_8_qa
2026-05-03 13:50:10,384 - INFO - 品質保証適用: 2個の特徴量 (timeframe: W1)
2026-05-03 13:50:10,384 - INFO - グループ計算完了: group_8_qa - 2個の特徴量
2026-05-03 13:50:10,487 - INFO - 全グループ計算完了。ファイルの結合を開始します...
2026-05-03 13:50:10,964 - INFO - NaN埋め処理開始
2026-05-03 13:50:10,965 - INFO - NaN埋め処理完了: 64個の特徴量
2026-05-03 13:50:10,965 - INFO - 特徴量保存開始: /workspace/data/XAUUSD/stratum_2_features/feature_value_a_vast_universeA/features_e1a_W1.parquet
2026-05-03 13:50:10,970 - INFO - NaN埋め処理開始
2026-05-03 13:50:10,970 - INFO - NaN埋め処理完了: 64個の特徴量
2026-05-03 13:50:10,999 - INFO - 保存完了: 0.14MB, 0.02秒
2026-05-03 13:50:10,999 - INFO - === 通常処理完了: W1 - 2.14秒 ===
2026-05-03 13:50:11,000 - INFO - === 通常処理開始: timeframe=MN ===
2026-05-03 13:50:11,000 - INFO - 一時ディレクトリ作成: /tmp/features_e1a_zgx3qxhb
2026-05-03 13:50:11,001 - INFO - LazyFrame生成開始: timeframe=MN
2026-05-03 13:50:11,045 - INFO - 検出されたスキーマ: ['timeframe', 'timestamp', 'open', 'high', 'low', 'close', 'volume', 'disc', 'log_return', 'rolling_volatility', 'rolling_avg_volume', 'price_direction', 'price_momentum', 'volume_ratio']
2026-05-03 13:50:11,045 - INFO - 型変換を適用: 1個のカラム
2026-05-03 13:50:11,045 - INFO - LazyFrame生成完了: timeframe=MN
2026-05-03 13:50:11,052 - INFO - データサマリー: {'total_rows': 59, 'start_time': datetime.datetime(2021, 7, 1, 0, 0), 'end_time': datetime.datetime(2026, 5, 1, 0, 0), 'avg_price': 2551.342618263374, 'total_volume': 220520772}
2026-05-03 13:50:11,063 - INFO - グループ処理開始: group_1_moments (12個の特徴量)
2026-05-03 13:50:11,063 - INFO - グループ計算開始: group_1_moments
2026-05-03 13:50:11,064 - INFO - 品質保証適用: 12個の特徴量 (timeframe: MN)
2026-05-03 13:50:11,065 - INFO - グループ計算完了: group_1_moments - 12個の特徴量
2026-05-03 13:50:11,315 - INFO - グループ処理開始: group_2_skew_kurt (12個の特徴量)
2026-05-03 13:50:11,315 - INFO - グループ計算開始: group_2_skew_kurt
2026-05-03 13:50:11,316 - INFO - 品質保証適用: 12個の特徴量 (timeframe: MN)
2026-05-03 13:50:11,317 - INFO - グループ計算完了: group_2_skew_kurt - 12個の特徴量
2026-05-03 13:50:11,567 - INFO - グループ処理開始: group_3_robust (15個の特徴量)
2026-05-03 13:50:11,567 - INFO - グループ計算開始: group_3_robust
2026-05-03 13:50:11,567 - INFO - 品質保証適用: 15個の特徴量 (timeframe: MN)
2026-05-03 13:50:11,568 - INFO - グループ計算完了: group_3_robust - 15個の特徴量
2026-05-03 13:50:11,868 - INFO - グループ処理開始: group_4_advanced (3個の特徴量)
2026-05-03 13:50:11,868 - INFO - グループ計算開始: group_4_advanced
2026-05-03 13:50:11,868 - INFO - 品質保証適用: 3個の特徴量 (timeframe: MN)
2026-05-03 13:50:11,868 - INFO - グループ計算完了: group_4_advanced - 3個の特徴量
2026-05-03 13:50:11,998 - INFO - グループ処理開始: group_5_tests (4個の特徴量)
2026-05-03 13:50:11,998 - INFO - グループ計算開始: group_5_tests
2026-05-03 13:50:11,998 - INFO - 品質保証適用: 4個の特徴量 (timeframe: MN)
2026-05-03 13:50:11,998 - INFO - グループ計算完了: group_5_tests - 4個の特徴量
2026-05-03 13:50:12,132 - INFO - グループ処理開始: group_6_fast (15個の特徴量)
2026-05-03 13:50:12,132 - INFO - グループ計算開始: group_6_fast
2026-05-03 13:50:12,133 - INFO - 品質保証適用: 15個の特徴量 (timeframe: MN)
2026-05-03 13:50:12,133 - INFO - グループ計算完了: group_6_fast - 15個の特徴量
2026-05-03 13:50:12,425 - INFO - グループ処理開始: group_7_numba (1個の特徴量)
2026-05-03 13:50:12,426 - INFO - グループ計算開始: group_7_numba
2026-05-03 13:50:12,426 - INFO - 品質保証適用: 1個の特徴量 (timeframe: MN)
2026-05-03 13:50:12,427 - INFO - グループ計算完了: group_7_numba - 1個の特徴量
2026-05-03 13:50:12,515 - INFO - グループ処理開始: group_8_qa (2個の特徴量)
2026-05-03 13:50:12,515 - INFO - グループ計算開始: group_8_qa
2026-05-03 13:50:12,515 - INFO - 品質保証適用: 2個の特徴量 (timeframe: MN)
2026-05-03 13:50:12,515 - INFO - グループ計算完了: group_8_qa - 2個の特徴量
2026-05-03 13:50:12,619 - INFO - 全グループ計算完了。ファイルの結合を開始します...
2026-05-03 13:50:13,099 - INFO - NaN埋め処理開始
2026-05-03 13:50:13,099 - INFO - NaN埋め処理完了: 64個の特徴量
2026-05-03 13:50:13,100 - INFO - 特徴量保存開始: /workspace/data/XAUUSD/stratum_2_features/feature_value_a_vast_universeA/features_e1a_MN.parquet
2026-05-03 13:50:13,104 - INFO - NaN埋め処理開始
2026-05-03 13:50:13,105 - INFO - NaN埋め処理完了: 64個の特徴量
2026-05-03 13:50:13,129 - INFO - 保存完了: 0.04MB, 0.02秒
2026-05-03 13:50:13,129 - INFO - === 通常処理完了: MN - 2.13秒 ===

============================================================
処理開始...
============================================================

全ての要求された処理が完了しました。総処理時間: 748.79秒
