2026-05-03 14:53:00,209 - INFO - 検出されたタイムフレーム: 15個

======================================================================
  Engine 1E - Signal Processing & Frequency Analysis Features  
  Project Forge - 軍資金増大プロジェクト  
======================================================================
🎯 目標: XAU/USD市場の統計的パターン抽出
🤖 AI頭脳による普遍的法則発見
💰 Project Chimera開発資金調達
🔧 【修正】物理的垂直分割によるメモリ・スラッシング回避
======================================================================

実行タイプを選択してください:
  1. 新規実行
  2. 中断した処理を再開
選択 (1/2): 新規に処理を開始します。

並列処理スレッド数を選択してください:
  1. 自動設定 (推奨)
  2. 手動設定
選択 (1/2): スレッド数を入力 (1-12): スレッド数設定: 12

出力パスを選択してください:
  1. デフォルト (/workspace/data/XAUUSD/stratum_2_features)
  2. カスタムパス
選択 (1/2): 
メモリ制限を選択してください:
  1. デフォルト (55.0GB)
  2. カスタム設定
選択 (1/2): 
実行モードを選択してください:
  1. テストモード（少量データで動作確認）
  2. 本格モード（全データ処理）
選択 (1/2): 
タイムフレームを選択してください:
  0. 全て処理
   1. tick
   2. M0.5
   3. M1
   4. M3
   5. M5
   6. M8
   7. M15
   8. M30
   9. H1
  10. H4
  11. H6
  12. H12
  13. D1
  14. W1
  15. MN
  (例: 1,3,5 または 1-5 カンマ区切り)
選択: 
============================================================
Engine E1E - Engine_1E_SignalProcessingFeatures
============================================================
🎯 Project Forge - 軍資金増大プロジェクト
🚀 最終目標: Project Chimera開発・完成のための資金調達
💻 探索対象: マーケットの亡霊（統計的に有意で非ランダムな微細パターン）
🏅 思想的継承: ジム・シモンズ（ルネサンス・テクノロジーズ）
============================================================
入力パス: /workspace/data/XAUUSD/stratum_1_base/master_processed
出力パス: /workspace/data/XAUUSD/stratum_2_features
Tickパーティションパス: /workspace/data/XAUUSD/stratum_1_base/master_tick_partitioned
エンジンID: e1e
並列スレッド数: 12
メモリ制限: 55.0GB

処理対象タイムフレーム (14個):
   1. M0.5
   2. M1
   3. M3
   4. M5
   5. M8
   6. M15
   7. M30
   8. H1
   9. H4
  10. H6
  11. H12
  12. D1
  13. W1
  14. MN

処理内容:
  - スペクトル解析（重心・帯域幅・ロールオフ・フラックス・エントロピー）
  - ウェーブレット解析（Haar DWTエネルギー・エントロピー）
  - ヒルベルト変換（振幅包絡線・瞬時位相・瞬時周波数）
  - 音響特徴量（RMSパワー・ゼロクロッシング周波数）
  - 信号統計（Crest Factor・Peak-to-Peak・相対エネルギー比）
  - 2段階品質保証システム（1日周期 EWM動的5σクリッピング）
  - 【修正】物理的垂直分割（ディスクベース中間ファイル）
  - Polars LazyFrame + Numba JITハイブリッド最適化

処理を開始しますか？ (y/n): 2026-05-03 14:53:00,209 - INFO - 並列処理スレッド数: 12
2026-05-03 14:53:00,210 - INFO - === 通常処理開始: timeframe=M0.5 ===
2026-05-03 14:53:00,210 - INFO - 一時ディレクトリ作成: /tmp/features_e1e_1raci_8z
2026-05-03 14:53:00,211 - INFO - LazyFrame生成開始: timeframe=M0.5
2026-05-03 14:53:00,247 - INFO - 検出されたスキーマ: ['timeframe', 'timestamp', 'open', 'high', 'low', 'close', 'volume', 'disc', 'log_return', 'rolling_volatility', 'rolling_avg_volume', 'price_direction', 'price_momentum', 'volume_ratio']
2026-05-03 14:53:00,247 - INFO - 型変換を適用: 1個のカラム
2026-05-03 14:53:00,248 - INFO - LazyFrame生成完了: timeframe=M0.5
2026-05-03 14:53:00,651 - INFO - データサマリー: {'total_rows': 3398074, 'start_time': datetime.datetime(2021, 7, 12, 0, 0), 'end_time': datetime.datetime(2026, 5, 1, 20, 57, 30), 'avg_price': 2501.596540386609, 'total_volume': 220520772}
2026-05-03 14:53:02,624 - INFO - [Step 10] e1e_sample_weight を calculate_sample_weight (Wilder ATR) で計算・上書きしました。
2026-05-03 14:53:02,624 - INFO - グループ処理開始: spectral (29個の特徴量)
2026-05-03 14:53:02,624 - INFO - グループ計算開始: spectral
2026-05-03 14:53:02,626 - INFO - 品質保証適用: 29個の特徴量
2026-05-03 14:53:02,628 - INFO - グループ計算完了: spectral - 29個の特徴量
2026-05-03 15:02:51,997 - INFO - グループデータ実現化完了: 3398074行
2026-05-03 15:02:53,835 - INFO - グループ処理開始: wavelet (13個の特徴量)
2026-05-03 15:02:53,836 - INFO - グループ計算開始: wavelet
2026-05-03 15:02:53,837 - INFO - 品質保証適用: 13個の特徴量
2026-05-03 15:02:53,838 - INFO - グループ計算完了: wavelet - 13個の特徴量
2026-05-03 15:03:29,559 - INFO - グループデータ実現化完了: 3398074行
2026-05-03 15:03:30,583 - INFO - グループ処理開始: hilbert (11個の特徴量)
2026-05-03 15:03:30,583 - INFO - グループ計算開始: hilbert
2026-05-03 15:03:30,584 - INFO - 品質保証適用: 11個の特徴量
2026-05-03 15:03:30,584 - INFO - グループ計算完了: hilbert - 11個の特徴量
2026-05-03 15:06:03,640 - INFO - グループデータ実現化完了: 3398074行
2026-05-03 15:06:04,601 - INFO - グループ処理開始: acoustic (6個の特徴量)
2026-05-03 15:06:04,601 - INFO - グループ計算開始: acoustic
2026-05-03 15:06:04,602 - INFO - 品質保証適用: 6個の特徴量
2026-05-03 15:06:04,602 - INFO - グループ計算完了: acoustic - 6個の特徴量
2026-05-03 15:06:29,507 - INFO - グループデータ実現化完了: 3398074行
2026-05-03 15:06:30,222 - INFO - グループ処理開始: signal_stats (3個の特徴量)
2026-05-03 15:06:30,222 - INFO - グループ計算開始: signal_stats
2026-05-03 15:06:30,223 - INFO - 品質保証適用: 3個の特徴量
2026-05-03 15:06:30,223 - INFO - グループ計算完了: signal_stats - 3個の特徴量
2026-05-03 15:06:37,260 - INFO - グループデータ実現化完了: 3398074行
2026-05-03 15:06:37,822 - INFO - 全グループ計算完了。ファイルの結合を開始します...
2026-05-03 15:06:38,963 - INFO - NaN埋め処理開始
2026-05-03 15:06:38,963 - INFO - NaN埋め処理完了: 62個の特徴量
2026-05-03 15:06:38,963 - INFO - 特徴量保存開始: /workspace/data/XAUUSD/stratum_2_features/feature_value_a_vast_universeE/features_e1e_M0.5.parquet
2026-05-03 15:06:38,967 - INFO - NaN埋め処理開始
2026-05-03 15:06:38,968 - INFO - NaN埋め処理完了: 62個の特徴量
2026-05-03 15:06:48,581 - INFO - 保存完了: 1540.30MB, 9.61秒
2026-05-03 15:06:48,582 - INFO - === 通常処理完了: M0.5 - 828.37秒 ===
2026-05-03 15:06:48,582 - INFO - 一時ディレクトリ削除: /tmp/features_e1e_1raci_8z
2026-05-03 15:06:48,586 - INFO - === 通常処理開始: timeframe=M1 ===
2026-05-03 15:06:48,587 - INFO - 一時ディレクトリ作成: /tmp/features_e1e_x5e8s2fa
2026-05-03 15:06:48,587 - INFO - LazyFrame生成開始: timeframe=M1
2026-05-03 15:06:48,622 - INFO - 検出されたスキーマ: ['timeframe', 'timestamp', 'open', 'high', 'low', 'close', 'volume', 'disc', 'log_return', 'rolling_volatility', 'rolling_avg_volume', 'price_direction', 'price_momentum', 'volume_ratio']
2026-05-03 15:06:48,622 - INFO - 型変換を適用: 1個のカラム
2026-05-03 15:06:48,623 - INFO - LazyFrame生成完了: timeframe=M1
2026-05-03 15:06:48,732 - INFO - データサマリー: {'total_rows': 1699402, 'start_time': datetime.datetime(2021, 7, 12, 0, 0), 'end_time': datetime.datetime(2026, 5, 1, 20, 57), 'avg_price': 2501.5528949516483, 'total_volume': 220520772}
2026-05-03 15:06:49,505 - INFO - [Step 10] e1e_sample_weight を calculate_sample_weight (Wilder ATR) で計算・上書きしました。
2026-05-03 15:06:49,505 - INFO - グループ処理開始: spectral (29個の特徴量)
2026-05-03 15:06:49,505 - INFO - グループ計算開始: spectral
2026-05-03 15:06:49,506 - INFO - 品質保証適用: 29個の特徴量
2026-05-03 15:06:49,508 - INFO - グループ計算完了: spectral - 29個の特徴量
2026-05-03 15:11:30,626 - INFO - グループデータ実現化完了: 1699402行
2026-05-03 15:11:31,332 - INFO - グループ処理開始: wavelet (13個の特徴量)
2026-05-03 15:11:31,332 - INFO - グループ計算開始: wavelet
2026-05-03 15:11:31,333 - INFO - 品質保証適用: 13個の特徴量
2026-05-03 15:11:31,333 - INFO - グループ計算完了: wavelet - 13個の特徴量
2026-05-03 15:11:49,124 - INFO - グループデータ実現化完了: 1699402行
2026-05-03 15:11:49,618 - INFO - グループ処理開始: hilbert (11個の特徴量)
2026-05-03 15:11:49,618 - INFO - グループ計算開始: hilbert
2026-05-03 15:11:49,619 - INFO - 品質保証適用: 11個の特徴量
2026-05-03 15:11:49,620 - INFO - グループ計算完了: hilbert - 11個の特徴量
2026-05-03 15:13:00,684 - INFO - グループデータ実現化完了: 1699402行
2026-05-03 15:13:01,254 - INFO - グループ処理開始: acoustic (6個の特徴量)
2026-05-03 15:13:01,255 - INFO - グループ計算開始: acoustic
2026-05-03 15:13:01,255 - INFO - 品質保証適用: 6個の特徴量
2026-05-03 15:13:01,256 - INFO - グループ計算完了: acoustic - 6個の特徴量
2026-05-03 15:13:13,926 - INFO - グループデータ実現化完了: 1699402行
2026-05-03 15:13:14,347 - INFO - グループ処理開始: signal_stats (3個の特徴量)
2026-05-03 15:13:14,347 - INFO - グループ計算開始: signal_stats
2026-05-03 15:13:14,348 - INFO - 品質保証適用: 3個の特徴量
2026-05-03 15:13:14,348 - INFO - グループ計算完了: signal_stats - 3個の特徴量
2026-05-03 15:13:18,062 - INFO - グループデータ実現化完了: 1699402行
2026-05-03 15:13:18,374 - INFO - 全グループ計算完了。ファイルの結合を開始します...
2026-05-03 15:13:19,026 - INFO - NaN埋め処理開始
2026-05-03 15:13:19,028 - INFO - NaN埋め処理完了: 62個の特徴量
2026-05-03 15:13:19,028 - INFO - 特徴量保存開始: /workspace/data/XAUUSD/stratum_2_features/feature_value_a_vast_universeE/features_e1e_M1.parquet
2026-05-03 15:13:19,033 - INFO - NaN埋め処理開始
2026-05-03 15:13:19,034 - INFO - NaN埋め処理完了: 62個の特徴量
2026-05-03 15:13:23,879 - INFO - 保存完了: 769.66MB, 4.84秒
2026-05-03 15:13:23,880 - INFO - === 通常処理完了: M1 - 395.29秒 ===
2026-05-03 15:13:23,880 - INFO - 一時ディレクトリ削除: /tmp/features_e1e_x5e8s2fa
2026-05-03 15:13:23,881 - INFO - === 通常処理開始: timeframe=M3 ===
2026-05-03 15:13:23,881 - INFO - 一時ディレクトリ作成: /tmp/features_e1e_ds0if0dk
2026-05-03 15:13:23,882 - INFO - LazyFrame生成開始: timeframe=M3
2026-05-03 15:13:23,916 - INFO - 検出されたスキーマ: ['timeframe', 'timestamp', 'open', 'high', 'low', 'close', 'volume', 'disc', 'log_return', 'rolling_volatility', 'rolling_avg_volume', 'price_direction', 'price_momentum', 'volume_ratio']
2026-05-03 15:13:23,916 - INFO - 型変換を適用: 1個のカラム
2026-05-03 15:13:23,916 - INFO - LazyFrame生成完了: timeframe=M3
2026-05-03 15:13:23,972 - INFO - データサマリー: {'total_rows': 567730, 'start_time': datetime.datetime(2021, 7, 12, 0, 0), 'end_time': datetime.datetime(2026, 5, 1, 20, 57), 'avg_price': 2501.6155532900075, 'total_volume': 220520772}
2026-05-03 15:13:24,248 - INFO - [Step 10] e1e_sample_weight を calculate_sample_weight (Wilder ATR) で計算・上書きしました。
2026-05-03 15:13:24,248 - INFO - グループ処理開始: spectral (29個の特徴量)
2026-05-03 15:13:24,248 - INFO - グループ計算開始: spectral
2026-05-03 15:13:24,249 - INFO - 品質保証適用: 29個の特徴量
2026-05-03 15:13:24,250 - INFO - グループ計算完了: spectral - 29個の特徴量
2026-05-03 15:15:02,327 - INFO - グループデータ実現化完了: 567730行
2026-05-03 15:15:02,685 - INFO - グループ処理開始: wavelet (13個の特徴量)
2026-05-03 15:15:02,685 - INFO - グループ計算開始: wavelet
2026-05-03 15:15:02,686 - INFO - 品質保証適用: 13個の特徴量
2026-05-03 15:15:02,687 - INFO - グループ計算完了: wavelet - 13個の特徴量
2026-05-03 15:15:08,688 - INFO - グループデータ実現化完了: 567730行
2026-05-03 15:15:08,917 - INFO - グループ処理開始: hilbert (11個の特徴量)
2026-05-03 15:15:08,917 - INFO - グループ計算開始: hilbert
2026-05-03 15:15:08,918 - INFO - 品質保証適用: 11個の特徴量
2026-05-03 15:15:08,918 - INFO - グループ計算完了: hilbert - 11個の特徴量
2026-05-03 15:15:33,286 - INFO - グループデータ実現化完了: 567730行
2026-05-03 15:15:33,498 - INFO - グループ処理開始: acoustic (6個の特徴量)
2026-05-03 15:15:33,498 - INFO - グループ計算開始: acoustic
2026-05-03 15:15:33,499 - INFO - 品質保証適用: 6個の特徴量
2026-05-03 15:15:33,499 - INFO - グループ計算完了: acoustic - 6個の特徴量
2026-05-03 15:15:37,653 - INFO - グループデータ実現化完了: 567730行
2026-05-03 15:15:37,821 - INFO - グループ処理開始: signal_stats (3個の特徴量)
2026-05-03 15:15:37,821 - INFO - グループ計算開始: signal_stats
2026-05-03 15:15:37,821 - INFO - 品質保証適用: 3個の特徴量
2026-05-03 15:15:37,821 - INFO - グループ計算完了: signal_stats - 3個の特徴量
2026-05-03 15:15:39,034 - INFO - グループデータ実現化完了: 567730行
2026-05-03 15:15:39,179 - INFO - 全グループ計算完了。ファイルの結合を開始します...
2026-05-03 15:15:39,605 - INFO - NaN埋め処理開始
2026-05-03 15:15:39,606 - INFO - NaN埋め処理完了: 62個の特徴量
2026-05-03 15:15:39,606 - INFO - 特徴量保存開始: /workspace/data/XAUUSD/stratum_2_features/feature_value_a_vast_universeE/features_e1e_M3.parquet
2026-05-03 15:15:39,612 - INFO - NaN埋め処理開始
2026-05-03 15:15:39,613 - INFO - NaN埋め処理完了: 62個の特徴量
2026-05-03 15:15:41,223 - INFO - 保存完了: 257.51MB, 1.61秒
2026-05-03 15:15:41,223 - INFO - === 通常処理完了: M3 - 137.34秒 ===
2026-05-03 15:15:41,224 - INFO - 一時ディレクトリ削除: /tmp/features_e1e_ds0if0dk
2026-05-03 15:15:41,224 - INFO - === 通常処理開始: timeframe=M5 ===
2026-05-03 15:15:41,225 - INFO - 一時ディレクトリ作成: /tmp/features_e1e_c3mkvvxt
2026-05-03 15:15:41,225 - INFO - LazyFrame生成開始: timeframe=M5
2026-05-03 15:15:41,259 - INFO - 検出されたスキーマ: ['timeframe', 'timestamp', 'open', 'high', 'low', 'close', 'volume', 'disc', 'log_return', 'rolling_volatility', 'rolling_avg_volume', 'price_direction', 'price_momentum', 'volume_ratio']
2026-05-03 15:15:41,259 - INFO - 型変換を適用: 1個のカラム
2026-05-03 15:15:41,259 - INFO - LazyFrame生成完了: timeframe=M5
2026-05-03 15:15:41,303 - INFO - データサマリー: {'total_rows': 340602, 'start_time': datetime.datetime(2021, 7, 12, 0, 0), 'end_time': datetime.datetime(2026, 5, 1, 20, 55), 'avg_price': 2501.7083046243993, 'total_volume': 220520772}
2026-05-03 15:15:41,497 - INFO - [Step 10] e1e_sample_weight を calculate_sample_weight (Wilder ATR) で計算・上書きしました。
2026-05-03 15:15:41,497 - INFO - グループ処理開始: spectral (29個の特徴量)
2026-05-03 15:15:41,497 - INFO - グループ計算開始: spectral
2026-05-03 15:15:41,498 - INFO - 品質保証適用: 29個の特徴量
2026-05-03 15:15:41,500 - INFO - グループ計算完了: spectral - 29個の特徴量
2026-05-03 15:16:38,794 - INFO - グループデータ実現化完了: 340602行
2026-05-03 15:16:39,028 - INFO - グループ処理開始: wavelet (13個の特徴量)
2026-05-03 15:16:39,029 - INFO - グループ計算開始: wavelet
2026-05-03 15:16:39,029 - INFO - 品質保証適用: 13個の特徴量
2026-05-03 15:16:39,031 - INFO - グループ計算完了: wavelet - 13個の特徴量
2026-05-03 15:16:42,694 - INFO - グループデータ実現化完了: 340602行
2026-05-03 15:16:42,860 - INFO - グループ処理開始: hilbert (11個の特徴量)
2026-05-03 15:16:42,860 - INFO - グループ計算開始: hilbert
2026-05-03 15:16:42,861 - INFO - 品質保証適用: 11個の特徴量
2026-05-03 15:16:42,861 - INFO - グループ計算完了: hilbert - 11個の特徴量
2026-05-03 15:16:57,632 - INFO - グループデータ実現化完了: 340602行
2026-05-03 15:16:57,802 - INFO - グループ処理開始: acoustic (6個の特徴量)
2026-05-03 15:16:57,802 - INFO - グループ計算開始: acoustic
2026-05-03 15:16:57,802 - INFO - 品質保証適用: 6個の特徴量
2026-05-03 15:16:57,803 - INFO - グループ計算完了: acoustic - 6個の特徴量
2026-05-03 15:17:00,285 - INFO - グループデータ実現化完了: 340602行
2026-05-03 15:17:00,412 - INFO - グループ処理開始: signal_stats (3個の特徴量)
2026-05-03 15:17:00,412 - INFO - グループ計算開始: signal_stats
2026-05-03 15:17:00,412 - INFO - 品質保証適用: 3個の特徴量
2026-05-03 15:17:00,413 - INFO - グループ計算完了: signal_stats - 3個の特徴量
2026-05-03 15:17:01,130 - INFO - グループデータ実現化完了: 340602行
2026-05-03 15:17:01,240 - INFO - 全グループ計算完了。ファイルの結合を開始します...
2026-05-03 15:17:01,682 - INFO - NaN埋め処理開始
2026-05-03 15:17:01,682 - INFO - NaN埋め処理完了: 62個の特徴量
2026-05-03 15:17:01,683 - INFO - 特徴量保存開始: /workspace/data/XAUUSD/stratum_2_features/feature_value_a_vast_universeE/features_e1e_M5.parquet
2026-05-03 15:17:01,689 - INFO - NaN埋め処理開始
2026-05-03 15:17:01,690 - INFO - NaN埋め処理完了: 62個の特徴量
2026-05-03 15:17:02,654 - INFO - 保存完了: 154.59MB, 0.96秒
2026-05-03 15:17:02,654 - INFO - === 通常処理完了: M5 - 81.43秒 ===
2026-05-03 15:17:02,654 - INFO - 一時ディレクトリ削除: /tmp/features_e1e_c3mkvvxt
2026-05-03 15:17:02,655 - INFO - === 通常処理開始: timeframe=M8 ===
2026-05-03 15:17:02,656 - INFO - 一時ディレクトリ作成: /tmp/features_e1e_rwjf6y1a
2026-05-03 15:17:02,656 - INFO - LazyFrame生成開始: timeframe=M8
2026-05-03 15:17:02,693 - INFO - 検出されたスキーマ: ['timeframe', 'timestamp', 'open', 'high', 'low', 'close', 'volume', 'disc', 'log_return', 'rolling_volatility', 'rolling_avg_volume', 'price_direction', 'price_momentum', 'volume_ratio']
2026-05-03 15:17:02,693 - INFO - 型変換を適用: 1個のカラム
2026-05-03 15:17:02,693 - INFO - LazyFrame生成完了: timeframe=M8
2026-05-03 15:17:02,724 - INFO - データサマリー: {'total_rows': 213577, 'start_time': datetime.datetime(2021, 7, 12, 0, 0), 'end_time': datetime.datetime(2026, 5, 1, 20, 56), 'avg_price': 2501.6966365391136, 'total_volume': 220520772}
2026-05-03 15:17:02,851 - INFO - [Step 10] e1e_sample_weight を calculate_sample_weight (Wilder ATR) で計算・上書きしました。
2026-05-03 15:17:02,852 - INFO - グループ処理開始: spectral (29個の特徴量)
2026-05-03 15:17:02,852 - INFO - グループ計算開始: spectral
2026-05-03 15:17:02,853 - INFO - 品質保証適用: 29個の特徴量
2026-05-03 15:17:02,854 - INFO - グループ計算完了: spectral - 29個の特徴量
2026-05-03 15:17:39,660 - INFO - グループデータ実現化完了: 213577行
2026-05-03 15:17:39,830 - INFO - グループ処理開始: wavelet (13個の特徴量)
2026-05-03 15:17:39,830 - INFO - グループ計算開始: wavelet
2026-05-03 15:17:39,830 - INFO - 品質保証適用: 13個の特徴量
2026-05-03 15:17:39,831 - INFO - グループ計算完了: wavelet - 13個の特徴量
2026-05-03 15:17:42,282 - INFO - グループデータ実現化完了: 213577行
2026-05-03 15:17:42,401 - INFO - グループ処理開始: hilbert (11個の特徴量)
2026-05-03 15:17:42,401 - INFO - グループ計算開始: hilbert
2026-05-03 15:17:42,402 - INFO - 品質保証適用: 11個の特徴量
2026-05-03 15:17:42,402 - INFO - グループ計算完了: hilbert - 11個の特徴量
2026-05-03 15:17:51,757 - INFO - グループデータ実現化完了: 213577行
2026-05-03 15:17:51,891 - INFO - グループ処理開始: acoustic (6個の特徴量)
2026-05-03 15:17:51,892 - INFO - グループ計算開始: acoustic
2026-05-03 15:17:51,892 - INFO - 品質保証適用: 6個の特徴量
2026-05-03 15:17:51,893 - INFO - グループ計算完了: acoustic - 6個の特徴量
2026-05-03 15:17:53,481 - INFO - グループデータ実現化完了: 213577行
2026-05-03 15:17:53,580 - INFO - グループ処理開始: signal_stats (3個の特徴量)
2026-05-03 15:17:53,581 - INFO - グループ計算開始: signal_stats
2026-05-03 15:17:53,581 - INFO - 品質保証適用: 3個の特徴量
2026-05-03 15:17:53,581 - INFO - グループ計算完了: signal_stats - 3個の特徴量
2026-05-03 15:17:54,111 - INFO - グループデータ実現化完了: 213577行
2026-05-03 15:17:54,201 - INFO - 全グループ計算完了。ファイルの結合を開始します...
2026-05-03 15:17:54,566 - INFO - NaN埋め処理開始
2026-05-03 15:17:54,567 - INFO - NaN埋め処理完了: 62個の特徴量
2026-05-03 15:17:54,567 - INFO - 特徴量保存開始: /workspace/data/XAUUSD/stratum_2_features/feature_value_a_vast_universeE/features_e1e_M8.parquet
2026-05-03 15:17:54,574 - INFO - NaN埋め処理開始
2026-05-03 15:17:54,575 - INFO - NaN埋め処理完了: 62個の特徴量
2026-05-03 15:17:55,193 - INFO - 保存完了: 96.98MB, 0.61秒
2026-05-03 15:17:55,193 - INFO - === 通常処理完了: M8 - 52.54秒 ===
2026-05-03 15:17:55,193 - INFO - 一時ディレクトリ削除: /tmp/features_e1e_rwjf6y1a
2026-05-03 15:17:55,193 - INFO - === 通常処理開始: timeframe=M15 ===
2026-05-03 15:17:55,194 - INFO - 一時ディレクトリ作成: /tmp/features_e1e__296t0k5
2026-05-03 15:17:55,194 - INFO - LazyFrame生成開始: timeframe=M15
2026-05-03 15:17:55,228 - INFO - 検出されたスキーマ: ['timeframe', 'timestamp', 'open', 'high', 'low', 'close', 'volume', 'disc', 'log_return', 'rolling_volatility', 'rolling_avg_volume', 'price_direction', 'price_momentum', 'volume_ratio']
2026-05-03 15:17:55,228 - INFO - 型変換を適用: 1個のカラム
2026-05-03 15:17:55,228 - INFO - LazyFrame生成完了: timeframe=M15
2026-05-03 15:17:55,252 - INFO - データサマリー: {'total_rows': 113625, 'start_time': datetime.datetime(2021, 7, 12, 0, 0), 'end_time': datetime.datetime(2026, 5, 1, 20, 45), 'avg_price': 2501.624636705858, 'total_volume': 220520772}
2026-05-03 15:17:55,334 - INFO - [Step 10] e1e_sample_weight を calculate_sample_weight (Wilder ATR) で計算・上書きしました。
2026-05-03 15:17:55,334 - INFO - グループ処理開始: spectral (29個の特徴量)
2026-05-03 15:17:55,335 - INFO - グループ計算開始: spectral
2026-05-03 15:17:55,335 - INFO - 品質保証適用: 29個の特徴量
2026-05-03 15:17:55,337 - INFO - グループ計算完了: spectral - 29個の特徴量
2026-05-03 15:18:14,586 - INFO - グループデータ実現化完了: 113625行
2026-05-03 15:18:14,698 - INFO - グループ処理開始: wavelet (13個の特徴量)
2026-05-03 15:18:14,698 - INFO - グループ計算開始: wavelet
2026-05-03 15:18:14,698 - INFO - 品質保証適用: 13個の特徴量
2026-05-03 15:18:14,699 - INFO - グループ計算完了: wavelet - 13個の特徴量
2026-05-03 15:18:16,023 - INFO - グループデータ実現化完了: 113625行
2026-05-03 15:18:16,111 - INFO - グループ処理開始: hilbert (11個の特徴量)
2026-05-03 15:18:16,111 - INFO - グループ計算開始: hilbert
2026-05-03 15:18:16,112 - INFO - 品質保証適用: 11個の特徴量
2026-05-03 15:18:16,113 - INFO - グループ計算完了: hilbert - 11個の特徴量
2026-05-03 15:18:21,002 - INFO - グループデータ実現化完了: 113625行
2026-05-03 15:18:21,092 - INFO - グループ処理開始: acoustic (6個の特徴量)
2026-05-03 15:18:21,092 - INFO - グループ計算開始: acoustic
2026-05-03 15:18:21,092 - INFO - 品質保証適用: 6個の特徴量
2026-05-03 15:18:21,093 - INFO - グループ計算完了: acoustic - 6個の特徴量
2026-05-03 15:18:21,961 - INFO - グループデータ実現化完了: 113625行
2026-05-03 15:18:22,041 - INFO - グループ処理開始: signal_stats (3個の特徴量)
2026-05-03 15:18:22,041 - INFO - グループ計算開始: signal_stats
2026-05-03 15:18:22,041 - INFO - 品質保証適用: 3個の特徴量
2026-05-03 15:18:22,042 - INFO - グループ計算完了: signal_stats - 3個の特徴量
2026-05-03 15:18:22,301 - INFO - グループデータ実現化完了: 113625行
2026-05-03 15:18:22,378 - INFO - 全グループ計算完了。ファイルの結合を開始します...
2026-05-03 15:18:22,669 - INFO - NaN埋め処理開始
2026-05-03 15:18:22,670 - INFO - NaN埋め処理完了: 62個の特徴量
2026-05-03 15:18:22,670 - INFO - 特徴量保存開始: /workspace/data/XAUUSD/stratum_2_features/feature_value_a_vast_universeE/features_e1e_M15.parquet
2026-05-03 15:18:22,677 - INFO - NaN埋め処理開始
2026-05-03 15:18:22,678 - INFO - NaN埋め処理完了: 62個の特徴量
2026-05-03 15:18:23,008 - INFO - 保存完了: 51.65MB, 0.32秒
2026-05-03 15:18:23,008 - INFO - === 通常処理完了: M15 - 27.81秒 ===
2026-05-03 15:18:23,008 - INFO - 一時ディレクトリ削除: /tmp/features_e1e__296t0k5
2026-05-03 15:18:23,009 - INFO - === 通常処理開始: timeframe=M30 ===
2026-05-03 15:18:23,010 - INFO - 一時ディレクトリ作成: /tmp/features_e1e_gd3oovgt
2026-05-03 15:18:23,010 - INFO - LazyFrame生成開始: timeframe=M30
2026-05-03 15:18:23,042 - INFO - 検出されたスキーマ: ['timeframe', 'timestamp', 'open', 'high', 'low', 'close', 'volume', 'disc', 'log_return', 'rolling_volatility', 'rolling_avg_volume', 'price_direction', 'price_momentum', 'volume_ratio']
2026-05-03 15:18:23,043 - INFO - 型変換を適用: 1個のカラム
2026-05-03 15:18:23,043 - INFO - LazyFrame生成完了: timeframe=M30
2026-05-03 15:18:23,058 - INFO - データサマリー: {'total_rows': 56829, 'start_time': datetime.datetime(2021, 7, 12, 0, 0), 'end_time': datetime.datetime(2026, 5, 1, 20, 30), 'avg_price': 2501.688120554698, 'total_volume': 220520772}
2026-05-03 15:18:23,104 - INFO - [Step 10] e1e_sample_weight を calculate_sample_weight (Wilder ATR) で計算・上書きしました。
2026-05-03 15:18:23,104 - INFO - グループ処理開始: spectral (29個の特徴量)
2026-05-03 15:18:23,104 - INFO - グループ計算開始: spectral
2026-05-03 15:18:23,105 - INFO - 品質保証適用: 29個の特徴量
2026-05-03 15:18:23,106 - INFO - グループ計算完了: spectral - 29個の特徴量
2026-05-03 15:18:32,715 - INFO - グループデータ実現化完了: 56829行
2026-05-03 15:18:32,799 - INFO - グループ処理開始: wavelet (13個の特徴量)
2026-05-03 15:18:32,799 - INFO - グループ計算開始: wavelet
2026-05-03 15:18:32,800 - INFO - 品質保証適用: 13個の特徴量
2026-05-03 15:18:32,801 - INFO - グループ計算完了: wavelet - 13個の特徴量
2026-05-03 15:18:33,534 - INFO - グループデータ実現化完了: 56829行
2026-05-03 15:18:33,612 - INFO - グループ処理開始: hilbert (11個の特徴量)
2026-05-03 15:18:33,612 - INFO - グループ計算開始: hilbert
2026-05-03 15:18:33,612 - INFO - 品質保証適用: 11個の特徴量
2026-05-03 15:18:33,613 - INFO - グループ計算完了: hilbert - 11個の特徴量
2026-05-03 15:18:36,180 - INFO - グループデータ実現化完了: 56829行
2026-05-03 15:18:36,249 - INFO - グループ処理開始: acoustic (6個の特徴量)
2026-05-03 15:18:36,249 - INFO - グループ計算開始: acoustic
2026-05-03 15:18:36,250 - INFO - 品質保証適用: 6個の特徴量
2026-05-03 15:18:36,250 - INFO - グループ計算完了: acoustic - 6個の特徴量
2026-05-03 15:18:36,717 - INFO - グループデータ実現化完了: 56829行
2026-05-03 15:18:36,788 - INFO - グループ処理開始: signal_stats (3個の特徴量)
2026-05-03 15:18:36,788 - INFO - グループ計算開始: signal_stats
2026-05-03 15:18:36,789 - INFO - 品質保証適用: 3個の特徴量
2026-05-03 15:18:36,789 - INFO - グループ計算完了: signal_stats - 3個の特徴量
2026-05-03 15:18:36,952 - INFO - グループデータ実現化完了: 56829行
2026-05-03 15:18:37,022 - INFO - 全グループ計算完了。ファイルの結合を開始します...
2026-05-03 15:18:37,280 - INFO - NaN埋め処理開始
2026-05-03 15:18:37,280 - INFO - NaN埋め処理完了: 62個の特徴量
2026-05-03 15:18:37,280 - INFO - 特徴量保存開始: /workspace/data/XAUUSD/stratum_2_features/feature_value_a_vast_universeE/features_e1e_M30.parquet
2026-05-03 15:18:37,286 - INFO - NaN埋め処理開始
2026-05-03 15:18:37,287 - INFO - NaN埋め処理完了: 62個の特徴量
2026-05-03 15:18:37,475 - INFO - 保存完了: 25.86MB, 0.18秒
2026-05-03 15:18:37,475 - INFO - === 通常処理完了: M30 - 14.47秒 ===
2026-05-03 15:18:37,476 - INFO - 一時ディレクトリ削除: /tmp/features_e1e_gd3oovgt
2026-05-03 15:18:37,476 - INFO - === 通常処理開始: timeframe=H1 ===
2026-05-03 15:18:37,477 - INFO - 一時ディレクトリ作成: /tmp/features_e1e_zvx2g_vt
2026-05-03 15:18:37,477 - INFO - LazyFrame生成開始: timeframe=H1
2026-05-03 15:18:37,512 - INFO - 検出されたスキーマ: ['timeframe', 'timestamp', 'open', 'high', 'low', 'close', 'volume', 'disc', 'log_return', 'rolling_volatility', 'rolling_avg_volume', 'price_direction', 'price_momentum', 'volume_ratio']
2026-05-03 15:18:37,512 - INFO - 型変換を適用: 1個のカラム
2026-05-03 15:18:37,512 - INFO - LazyFrame生成完了: timeframe=H1
2026-05-03 15:18:37,524 - INFO - データサマリー: {'total_rows': 28433, 'start_time': datetime.datetime(2021, 7, 12, 0, 0), 'end_time': datetime.datetime(2026, 5, 1, 20, 0), 'avg_price': 2501.7362490259447, 'total_volume': 220520772}
2026-05-03 15:18:37,553 - INFO - [Step 10] e1e_sample_weight を calculate_sample_weight (Wilder ATR) で計算・上書きしました。
2026-05-03 15:18:37,553 - INFO - グループ処理開始: spectral (29個の特徴量)
2026-05-03 15:18:37,553 - INFO - グループ計算開始: spectral
2026-05-03 15:18:37,554 - INFO - 品質保証適用: 29個の特徴量
2026-05-03 15:18:37,556 - INFO - グループ計算完了: spectral - 29個の特徴量
2026-05-03 15:18:42,543 - INFO - グループデータ実現化完了: 28433行
2026-05-03 15:18:42,614 - INFO - グループ処理開始: wavelet (13個の特徴量)
2026-05-03 15:18:42,614 - INFO - グループ計算開始: wavelet
2026-05-03 15:18:42,615 - INFO - 品質保証適用: 13個の特徴量
2026-05-03 15:18:42,616 - INFO - グループ計算完了: wavelet - 13個の特徴量
2026-05-03 15:18:43,068 - INFO - グループデータ実現化完了: 28433行
2026-05-03 15:18:43,130 - INFO - グループ処理開始: hilbert (11個の特徴量)
2026-05-03 15:18:43,130 - INFO - グループ計算開始: hilbert
2026-05-03 15:18:43,131 - INFO - 品質保証適用: 11個の特徴量
2026-05-03 15:18:43,131 - INFO - グループ計算完了: hilbert - 11個の特徴量
2026-05-03 15:18:44,529 - INFO - グループデータ実現化完了: 28433行
2026-05-03 15:18:44,596 - INFO - グループ処理開始: acoustic (6個の特徴量)
2026-05-03 15:18:44,596 - INFO - グループ計算開始: acoustic
2026-05-03 15:18:44,596 - INFO - 品質保証適用: 6個の特徴量
2026-05-03 15:18:44,597 - INFO - グループ計算完了: acoustic - 6個の特徴量
2026-05-03 15:18:44,929 - INFO - グループデータ実現化完了: 28433行
2026-05-03 15:18:44,991 - INFO - グループ処理開始: signal_stats (3個の特徴量)
2026-05-03 15:18:44,992 - INFO - グループ計算開始: signal_stats
2026-05-03 15:18:44,992 - INFO - 品質保証適用: 3個の特徴量
2026-05-03 15:18:44,993 - INFO - グループ計算完了: signal_stats - 3個の特徴量
2026-05-03 15:18:45,090 - INFO - グループデータ実現化完了: 28433行
2026-05-03 15:18:45,150 - INFO - 全グループ計算完了。ファイルの結合を開始します...
2026-05-03 15:18:45,394 - INFO - NaN埋め処理開始
2026-05-03 15:18:45,395 - INFO - NaN埋め処理完了: 62個の特徴量
2026-05-03 15:18:45,395 - INFO - 特徴量保存開始: /workspace/data/XAUUSD/stratum_2_features/feature_value_a_vast_universeE/features_e1e_H1.parquet
2026-05-03 15:18:45,401 - INFO - NaN埋め処理開始
2026-05-03 15:18:45,402 - INFO - NaN埋め処理完了: 62個の特徴量
2026-05-03 15:18:45,513 - INFO - 保存完了: 12.97MB, 0.11秒
2026-05-03 15:18:45,513 - INFO - === 通常処理完了: H1 - 8.04秒 ===
2026-05-03 15:18:45,514 - INFO - 一時ディレクトリ削除: /tmp/features_e1e_zvx2g_vt
2026-05-03 15:18:45,514 - INFO - === 通常処理開始: timeframe=H4 ===
2026-05-03 15:18:45,515 - INFO - 一時ディレクトリ作成: /tmp/features_e1e_sauu3xwd
2026-05-03 15:18:45,515 - INFO - LazyFrame生成開始: timeframe=H4
2026-05-03 15:18:45,549 - INFO - 検出されたスキーマ: ['timeframe', 'timestamp', 'open', 'high', 'low', 'close', 'volume', 'disc', 'log_return', 'rolling_volatility', 'rolling_avg_volume', 'price_direction', 'price_momentum', 'volume_ratio']
2026-05-03 15:18:45,549 - INFO - 型変換を適用: 1個のカラム
2026-05-03 15:18:45,549 - INFO - LazyFrame生成完了: timeframe=H4
2026-05-03 15:18:45,558 - INFO - データサマリー: {'total_rows': 7691, 'start_time': datetime.datetime(2021, 7, 12, 0, 0), 'end_time': datetime.datetime(2026, 5, 1, 20, 0), 'avg_price': 2502.1429270832487, 'total_volume': 220520772}
2026-05-03 15:18:45,575 - INFO - [Step 10] e1e_sample_weight を calculate_sample_weight (Wilder ATR) で計算・上書きしました。
2026-05-03 15:18:45,575 - INFO - グループ処理開始: spectral (29個の特徴量)
2026-05-03 15:18:45,575 - INFO - グループ計算開始: spectral
2026-05-03 15:18:45,576 - INFO - 品質保証適用: 29個の特徴量
2026-05-03 15:18:45,578 - INFO - グループ計算完了: spectral - 29個の特徴量
2026-05-03 15:18:47,186 - INFO - グループデータ実現化完了: 7691行
2026-05-03 15:18:47,247 - INFO - グループ処理開始: wavelet (13個の特徴量)
2026-05-03 15:18:47,248 - INFO - グループ計算開始: wavelet
2026-05-03 15:18:47,248 - INFO - 品質保証適用: 13個の特徴量
2026-05-03 15:18:47,249 - INFO - グループ計算完了: wavelet - 13個の特徴量
2026-05-03 15:18:47,484 - INFO - グループデータ実現化完了: 7691行
2026-05-03 15:18:47,544 - INFO - グループ処理開始: hilbert (11個の特徴量)
2026-05-03 15:18:47,544 - INFO - グループ計算開始: hilbert
2026-05-03 15:18:47,545 - INFO - 品質保証適用: 11個の特徴量
2026-05-03 15:18:47,546 - INFO - グループ計算完了: hilbert - 11個の特徴量
2026-05-03 15:18:48,009 - INFO - グループデータ実現化完了: 7691行
2026-05-03 15:18:48,068 - INFO - グループ処理開始: acoustic (6個の特徴量)
2026-05-03 15:18:48,068 - INFO - グループ計算開始: acoustic
2026-05-03 15:18:48,069 - INFO - 品質保証適用: 6個の特徴量
2026-05-03 15:18:48,069 - INFO - グループ計算完了: acoustic - 6個の特徴量
2026-05-03 15:18:48,194 - INFO - グループデータ実現化完了: 7691行
2026-05-03 15:18:48,251 - INFO - グループ処理開始: signal_stats (3個の特徴量)
2026-05-03 15:18:48,251 - INFO - グループ計算開始: signal_stats
2026-05-03 15:18:48,252 - INFO - 品質保証適用: 3個の特徴量
2026-05-03 15:18:48,252 - INFO - グループ計算完了: signal_stats - 3個の特徴量
2026-05-03 15:18:48,307 - INFO - グループデータ実現化完了: 7691行
2026-05-03 15:18:48,366 - INFO - 全グループ計算完了。ファイルの結合を開始します...
2026-05-03 15:18:48,603 - INFO - NaN埋め処理開始
2026-05-03 15:18:48,604 - INFO - NaN埋め処理完了: 62個の特徴量
2026-05-03 15:18:48,604 - INFO - 特徴量保存開始: /workspace/data/XAUUSD/stratum_2_features/feature_value_a_vast_universeE/features_e1e_H4.parquet
2026-05-03 15:18:48,611 - INFO - NaN埋め処理開始
2026-05-03 15:18:48,612 - INFO - NaN埋め処理完了: 62個の特徴量
2026-05-03 15:18:48,666 - INFO - 保存完了: 3.48MB, 0.05秒
2026-05-03 15:18:48,666 - INFO - === 通常処理完了: H4 - 3.15秒 ===
2026-05-03 15:18:48,666 - INFO - 一時ディレクトリ削除: /tmp/features_e1e_sauu3xwd
2026-05-03 15:18:48,667 - INFO - === 通常処理開始: timeframe=H6 ===
2026-05-03 15:18:48,667 - INFO - 一時ディレクトリ作成: /tmp/features_e1e_ewf7usn1
2026-05-03 15:18:48,668 - INFO - LazyFrame生成開始: timeframe=H6
2026-05-03 15:18:48,702 - INFO - 検出されたスキーマ: ['timeframe', 'timestamp', 'open', 'high', 'low', 'close', 'volume', 'disc', 'log_return', 'rolling_volatility', 'rolling_avg_volume', 'price_direction', 'price_momentum', 'volume_ratio']
2026-05-03 15:18:48,702 - INFO - 型変換を適用: 1個のカラム
2026-05-03 15:18:48,702 - INFO - LazyFrame生成完了: timeframe=H6
2026-05-03 15:18:48,710 - INFO - データサマリー: {'total_rows': 5217, 'start_time': datetime.datetime(2021, 7, 12, 0, 0), 'end_time': datetime.datetime(2026, 5, 1, 18, 0), 'avg_price': 2502.558648900417, 'total_volume': 220520772}
2026-05-03 15:18:48,727 - INFO - [Step 10] e1e_sample_weight を calculate_sample_weight (Wilder ATR) で計算・上書きしました。
2026-05-03 15:18:48,728 - INFO - グループ処理開始: spectral (29個の特徴量)
2026-05-03 15:18:48,728 - INFO - グループ計算開始: spectral
2026-05-03 15:18:48,728 - INFO - 品質保証適用: 29個の特徴量
2026-05-03 15:18:48,730 - INFO - グループ計算完了: spectral - 29個の特徴量
2026-05-03 15:18:49,931 - INFO - グループデータ実現化完了: 5217行
2026-05-03 15:18:49,994 - INFO - グループ処理開始: wavelet (13個の特徴量)
2026-05-03 15:18:49,994 - INFO - グループ計算開始: wavelet
2026-05-03 15:18:49,995 - INFO - 品質保証適用: 13個の特徴量
2026-05-03 15:18:49,996 - INFO - グループ計算完了: wavelet - 13個の特徴量
2026-05-03 15:18:50,207 - INFO - グループデータ実現化完了: 5217行
2026-05-03 15:18:50,263 - INFO - グループ処理開始: hilbert (11個の特徴量)
2026-05-03 15:18:50,263 - INFO - グループ計算開始: hilbert
2026-05-03 15:18:50,264 - INFO - 品質保証適用: 11個の特徴量
2026-05-03 15:18:50,264 - INFO - グループ計算完了: hilbert - 11個の特徴量
2026-05-03 15:18:50,616 - INFO - グループデータ実現化完了: 5217行
2026-05-03 15:18:50,675 - INFO - グループ処理開始: acoustic (6個の特徴量)
2026-05-03 15:18:50,675 - INFO - グループ計算開始: acoustic
2026-05-03 15:18:50,675 - INFO - 品質保証適用: 6個の特徴量
2026-05-03 15:18:50,676 - INFO - グループ計算完了: acoustic - 6個の特徴量
2026-05-03 15:18:50,777 - INFO - グループデータ実現化完了: 5217行
2026-05-03 15:18:50,835 - INFO - グループ処理開始: signal_stats (3個の特徴量)
2026-05-03 15:18:50,835 - INFO - グループ計算開始: signal_stats
2026-05-03 15:18:50,835 - INFO - 品質保証適用: 3個の特徴量
2026-05-03 15:18:50,835 - INFO - グループ計算完了: signal_stats - 3個の特徴量
2026-05-03 15:18:50,884 - INFO - グループデータ実現化完了: 5217行
2026-05-03 15:18:50,945 - INFO - 全グループ計算完了。ファイルの結合を開始します...
2026-05-03 15:18:51,174 - INFO - NaN埋め処理開始
2026-05-03 15:18:51,174 - INFO - NaN埋め処理完了: 62個の特徴量
2026-05-03 15:18:51,174 - INFO - 特徴量保存開始: /workspace/data/XAUUSD/stratum_2_features/feature_value_a_vast_universeE/features_e1e_H6.parquet
2026-05-03 15:18:51,180 - INFO - NaN埋め処理開始
2026-05-03 15:18:51,181 - INFO - NaN埋め処理完了: 62個の特徴量
2026-05-03 15:18:51,231 - INFO - 保存完了: 2.35MB, 0.05秒
2026-05-03 15:18:51,232 - INFO - === 通常処理完了: H6 - 2.56秒 ===
2026-05-03 15:18:51,232 - INFO - 一時ディレクトリ削除: /tmp/features_e1e_ewf7usn1
2026-05-03 15:18:51,232 - INFO - === 通常処理開始: timeframe=H12 ===
2026-05-03 15:18:51,233 - INFO - 一時ディレクトリ作成: /tmp/features_e1e_g6f0h45a
2026-05-03 15:18:51,234 - INFO - LazyFrame生成開始: timeframe=H12
2026-05-03 15:18:51,266 - INFO - 検出されたスキーマ: ['timeframe', 'timestamp', 'open', 'high', 'low', 'close', 'volume', 'disc', 'log_return', 'rolling_volatility', 'rolling_avg_volume', 'price_direction', 'price_momentum', 'volume_ratio']
2026-05-03 15:18:51,266 - INFO - 型変換を適用: 1個のカラム
2026-05-03 15:18:51,266 - INFO - LazyFrame生成完了: timeframe=H12
2026-05-03 15:18:51,274 - INFO - データサマリー: {'total_rows': 2736, 'start_time': datetime.datetime(2021, 7, 12, 0, 0), 'end_time': datetime.datetime(2026, 5, 1, 12, 0), 'avg_price': 2503.838708308705, 'total_volume': 220520772}
2026-05-03 15:18:51,289 - INFO - [Step 10] e1e_sample_weight を calculate_sample_weight (Wilder ATR) で計算・上書きしました。
2026-05-03 15:18:51,289 - INFO - グループ処理開始: spectral (29個の特徴量)
2026-05-03 15:18:51,290 - INFO - グループ計算開始: spectral
2026-05-03 15:18:51,291 - INFO - 品質保証適用: 29個の特徴量
2026-05-03 15:18:51,293 - INFO - グループ計算完了: spectral - 29個の特徴量
2026-05-03 15:18:52,062 - INFO - グループデータ実現化完了: 2736行
2026-05-03 15:18:52,121 - INFO - グループ処理開始: wavelet (13個の特徴量)
2026-05-03 15:18:52,121 - INFO - グループ計算開始: wavelet
2026-05-03 15:18:52,122 - INFO - 品質保証適用: 13個の特徴量
2026-05-03 15:18:52,123 - INFO - グループ計算完了: wavelet - 13個の特徴量
2026-05-03 15:18:52,301 - INFO - グループデータ実現化完了: 2736行
2026-05-03 15:18:52,359 - INFO - グループ処理開始: hilbert (11個の特徴量)
2026-05-03 15:18:52,360 - INFO - グループ計算開始: hilbert
2026-05-03 15:18:52,360 - INFO - 品質保証適用: 11個の特徴量
2026-05-03 15:18:52,361 - INFO - グループ計算完了: hilbert - 11個の特徴量
2026-05-03 15:18:52,600 - INFO - グループデータ実現化完了: 2736行
2026-05-03 15:18:52,659 - INFO - グループ処理開始: acoustic (6個の特徴量)
2026-05-03 15:18:52,659 - INFO - グループ計算開始: acoustic
2026-05-03 15:18:52,660 - INFO - 品質保証適用: 6個の特徴量
2026-05-03 15:18:52,660 - INFO - グループ計算完了: acoustic - 6個の特徴量
2026-05-03 15:18:52,749 - INFO - グループデータ実現化完了: 2736行
2026-05-03 15:18:52,807 - INFO - グループ処理開始: signal_stats (3個の特徴量)
2026-05-03 15:18:52,808 - INFO - グループ計算開始: signal_stats
2026-05-03 15:18:52,808 - INFO - 品質保証適用: 3個の特徴量
2026-05-03 15:18:52,808 - INFO - グループ計算完了: signal_stats - 3個の特徴量
2026-05-03 15:18:52,847 - INFO - グループデータ実現化完了: 2736行
2026-05-03 15:18:52,905 - INFO - 全グループ計算完了。ファイルの結合を開始します...
2026-05-03 15:18:53,135 - INFO - NaN埋め処理開始
2026-05-03 15:18:53,136 - INFO - NaN埋め処理完了: 62個の特徴量
2026-05-03 15:18:53,136 - INFO - 特徴量保存開始: /workspace/data/XAUUSD/stratum_2_features/feature_value_a_vast_universeE/features_e1e_H12.parquet
2026-05-03 15:18:53,143 - INFO - NaN埋め処理開始
2026-05-03 15:18:53,144 - INFO - NaN埋め処理完了: 62個の特徴量
2026-05-03 15:18:53,198 - INFO - 保存完了: 1.21MB, 0.05秒
2026-05-03 15:18:53,198 - INFO - === 通常処理完了: H12 - 1.97秒 ===
2026-05-03 15:18:53,198 - INFO - 一時ディレクトリ削除: /tmp/features_e1e_g6f0h45a
2026-05-03 15:18:53,198 - INFO - === 通常処理開始: timeframe=D1 ===
2026-05-03 15:18:53,199 - INFO - 一時ディレクトリ作成: /tmp/features_e1e_x420l2r1
2026-05-03 15:18:53,199 - INFO - LazyFrame生成開始: timeframe=D1
2026-05-03 15:18:53,234 - INFO - 検出されたスキーマ: ['timeframe', 'timestamp', 'open', 'high', 'low', 'close', 'volume', 'disc', 'log_return', 'rolling_volatility', 'rolling_avg_volume', 'price_direction', 'price_momentum', 'volume_ratio']
2026-05-03 15:18:53,234 - INFO - 型変換を適用: 1個のカラム
2026-05-03 15:18:53,234 - INFO - LazyFrame生成完了: timeframe=D1
2026-05-03 15:18:53,241 - INFO - データサマリー: {'total_rows': 1495, 'start_time': datetime.datetime(2021, 7, 12, 0, 0), 'end_time': datetime.datetime(2026, 5, 1, 0, 0), 'avg_price': 2505.4262536090355, 'total_volume': 220520772}
2026-05-03 15:18:53,254 - INFO - [Step 10] e1e_sample_weight を calculate_sample_weight (Wilder ATR) で計算・上書きしました。
2026-05-03 15:18:53,254 - INFO - グループ処理開始: spectral (29個の特徴量)
2026-05-03 15:18:53,254 - INFO - グループ計算開始: spectral
2026-05-03 15:18:53,255 - INFO - 品質保証適用: 29個の特徴量
2026-05-03 15:18:53,256 - INFO - グループ計算完了: spectral - 29個の特徴量
2026-05-03 15:18:53,814 - INFO - グループデータ実現化完了: 1495行
2026-05-03 15:18:53,874 - INFO - グループ処理開始: wavelet (13個の特徴量)
2026-05-03 15:18:53,875 - INFO - グループ計算開始: wavelet
2026-05-03 15:18:53,875 - INFO - 品質保証適用: 13個の特徴量
2026-05-03 15:18:53,876 - INFO - グループ計算完了: wavelet - 13個の特徴量
2026-05-03 15:18:54,036 - INFO - グループデータ実現化完了: 1495行
2026-05-03 15:18:54,092 - INFO - グループ処理開始: hilbert (11個の特徴量)
2026-05-03 15:18:54,092 - INFO - グループ計算開始: hilbert
2026-05-03 15:18:54,092 - INFO - 品質保証適用: 11個の特徴量
2026-05-03 15:18:54,093 - INFO - グループ計算完了: hilbert - 11個の特徴量
2026-05-03 15:18:54,277 - INFO - グループデータ実現化完了: 1495行
2026-05-03 15:18:54,337 - INFO - グループ処理開始: acoustic (6個の特徴量)
2026-05-03 15:18:54,338 - INFO - グループ計算開始: acoustic
2026-05-03 15:18:54,338 - INFO - 品質保証適用: 6個の特徴量
2026-05-03 15:18:54,339 - INFO - グループ計算完了: acoustic - 6個の特徴量
2026-05-03 15:18:54,409 - INFO - グループデータ実現化完了: 1495行
2026-05-03 15:18:54,466 - INFO - グループ処理開始: signal_stats (3個の特徴量)
2026-05-03 15:18:54,466 - INFO - グループ計算開始: signal_stats
2026-05-03 15:18:54,467 - INFO - 品質保証適用: 3個の特徴量
2026-05-03 15:18:54,467 - INFO - グループ計算完了: signal_stats - 3個の特徴量
2026-05-03 15:18:54,506 - INFO - グループデータ実現化完了: 1495行
2026-05-03 15:18:54,562 - INFO - 全グループ計算完了。ファイルの結合を開始します...
2026-05-03 15:18:54,792 - INFO - NaN埋め処理開始
2026-05-03 15:18:54,793 - INFO - NaN埋め処理完了: 62個の特徴量
2026-05-03 15:18:54,793 - INFO - 特徴量保存開始: /workspace/data/XAUUSD/stratum_2_features/feature_value_a_vast_universeE/features_e1e_D1.parquet
2026-05-03 15:18:54,799 - INFO - NaN埋め処理開始
2026-05-03 15:18:54,800 - INFO - NaN埋め処理完了: 62個の特徴量
2026-05-03 15:18:54,842 - INFO - 保存完了: 0.64MB, 0.04秒
2026-05-03 15:18:54,842 - INFO - === 通常処理完了: D1 - 1.64秒 ===
2026-05-03 15:18:54,842 - INFO - 一時ディレクトリ削除: /tmp/features_e1e_x420l2r1
2026-05-03 15:18:54,842 - INFO - === 通常処理開始: timeframe=W1 ===
2026-05-03 15:18:54,843 - INFO - 一時ディレクトリ作成: /tmp/features_e1e_jjnouswy
2026-05-03 15:18:54,843 - INFO - LazyFrame生成開始: timeframe=W1
2026-05-03 15:18:54,878 - INFO - 検出されたスキーマ: ['timeframe', 'timestamp', 'open', 'high', 'low', 'close', 'volume', 'disc', 'log_return', 'rolling_volatility', 'rolling_avg_volume', 'price_direction', 'price_momentum', 'volume_ratio']
2026-05-03 15:18:54,878 - INFO - 型変換を適用: 1個のカラム
2026-05-03 15:18:54,878 - INFO - LazyFrame生成完了: timeframe=W1
2026-05-03 15:18:54,886 - INFO - データサマリー: {'total_rows': 251, 'start_time': datetime.datetime(2021, 7, 12, 0, 0), 'end_time': datetime.datetime(2026, 4, 27, 0, 0), 'avg_price': 2508.222277880665, 'total_volume': 220520772}
2026-05-03 15:18:54,899 - INFO - [Step 10] e1e_sample_weight を calculate_sample_weight (Wilder ATR) で計算・上書きしました。
2026-05-03 15:18:54,899 - INFO - グループ処理開始: spectral (29個の特徴量)
2026-05-03 15:18:54,899 - INFO - グループ計算開始: spectral
2026-05-03 15:18:54,900 - INFO - 品質保証適用: 29個の特徴量
2026-05-03 15:18:54,902 - INFO - グループ計算完了: spectral - 29個の特徴量
2026-05-03 15:18:55,259 - INFO - グループデータ実現化完了: 251行
2026-05-03 15:18:55,315 - INFO - グループ処理開始: wavelet (13個の特徴量)
2026-05-03 15:18:55,315 - INFO - グループ計算開始: wavelet
2026-05-03 15:18:55,316 - INFO - 品質保証適用: 13個の特徴量
2026-05-03 15:18:55,316 - INFO - グループ計算完了: wavelet - 13個の特徴量
2026-05-03 15:18:55,453 - INFO - グループデータ実現化完了: 251行
2026-05-03 15:18:55,511 - INFO - グループ処理開始: hilbert (11個の特徴量)
2026-05-03 15:18:55,511 - INFO - グループ計算開始: hilbert
2026-05-03 15:18:55,512 - INFO - 品質保証適用: 11個の特徴量
2026-05-03 15:18:55,513 - INFO - グループ計算完了: hilbert - 11個の特徴量
2026-05-03 15:18:55,642 - INFO - グループデータ実現化完了: 251行
2026-05-03 15:18:55,697 - INFO - グループ処理開始: acoustic (6個の特徴量)
2026-05-03 15:18:55,697 - INFO - グループ計算開始: acoustic
2026-05-03 15:18:55,697 - INFO - 品質保証適用: 6個の特徴量
2026-05-03 15:18:55,698 - INFO - グループ計算完了: acoustic - 6個の特徴量
2026-05-03 15:18:55,761 - INFO - グループデータ実現化完了: 251行
2026-05-03 15:18:55,818 - INFO - グループ処理開始: signal_stats (3個の特徴量)
2026-05-03 15:18:55,818 - INFO - グループ計算開始: signal_stats
2026-05-03 15:18:55,819 - INFO - 品質保証適用: 3個の特徴量
2026-05-03 15:18:55,819 - INFO - グループ計算完了: signal_stats - 3個の特徴量
2026-05-03 15:18:55,857 - INFO - グループデータ実現化完了: 251行
2026-05-03 15:18:55,915 - INFO - 全グループ計算完了。ファイルの結合を開始します...
2026-05-03 15:18:56,145 - INFO - NaN埋め処理開始
2026-05-03 15:18:56,145 - INFO - NaN埋め処理完了: 62個の特徴量
2026-05-03 15:18:56,145 - INFO - 特徴量保存開始: /workspace/data/XAUUSD/stratum_2_features/feature_value_a_vast_universeE/features_e1e_W1.parquet
2026-05-03 15:18:56,151 - INFO - NaN埋め処理開始
2026-05-03 15:18:56,152 - INFO - NaN埋め処理完了: 62個の特徴量
2026-05-03 15:18:56,177 - INFO - 保存完了: 0.08MB, 0.02秒
2026-05-03 15:18:56,177 - INFO - === 通常処理完了: W1 - 1.33秒 ===
2026-05-03 15:18:56,178 - INFO - 一時ディレクトリ削除: /tmp/features_e1e_jjnouswy
2026-05-03 15:18:56,178 - INFO - === 通常処理開始: timeframe=MN ===
2026-05-03 15:18:56,179 - INFO - 一時ディレクトリ作成: /tmp/features_e1e_erd2svob
2026-05-03 15:18:56,179 - INFO - LazyFrame生成開始: timeframe=MN
2026-05-03 15:18:56,214 - INFO - 検出されたスキーマ: ['timeframe', 'timestamp', 'open', 'high', 'low', 'close', 'volume', 'disc', 'log_return', 'rolling_volatility', 'rolling_avg_volume', 'price_direction', 'price_momentum', 'volume_ratio']
2026-05-03 15:18:56,214 - INFO - 型変換を適用: 1個のカラム
2026-05-03 15:18:56,214 - INFO - LazyFrame生成完了: timeframe=MN
2026-05-03 15:18:56,222 - INFO - データサマリー: {'total_rows': 59, 'start_time': datetime.datetime(2021, 7, 1, 0, 0), 'end_time': datetime.datetime(2026, 5, 1, 0, 0), 'avg_price': 2551.342618263374, 'total_volume': 220520772}
2026-05-03 15:18:56,234 - INFO - [Step 10] e1e_sample_weight を calculate_sample_weight (Wilder ATR) で計算・上書きしました。
2026-05-03 15:18:56,234 - INFO - グループ処理開始: spectral (29個の特徴量)
2026-05-03 15:18:56,234 - INFO - グループ計算開始: spectral
2026-05-03 15:18:56,234 - INFO - 品質保証適用: 29個の特徴量
2026-05-03 15:18:56,236 - INFO - グループ計算完了: spectral - 29個の特徴量
2026-05-03 15:18:56,599 - INFO - グループデータ実現化完了: 59行
2026-05-03 15:18:56,658 - INFO - グループ処理開始: wavelet (13個の特徴量)
2026-05-03 15:18:56,658 - INFO - グループ計算開始: wavelet
2026-05-03 15:18:56,658 - INFO - 品質保証適用: 13個の特徴量
2026-05-03 15:18:56,659 - INFO - グループ計算完了: wavelet - 13個の特徴量
2026-05-03 15:18:56,814 - INFO - グループデータ実現化完了: 59行
2026-05-03 15:18:56,871 - INFO - グループ処理開始: hilbert (11個の特徴量)
2026-05-03 15:18:56,871 - INFO - グループ計算開始: hilbert
2026-05-03 15:18:56,872 - INFO - 品質保証適用: 11個の特徴量
2026-05-03 15:18:56,873 - INFO - グループ計算完了: hilbert - 11個の特徴量
2026-05-03 15:18:56,995 - INFO - グループデータ実現化完了: 59行
2026-05-03 15:18:57,052 - INFO - グループ処理開始: acoustic (6個の特徴量)
2026-05-03 15:18:57,052 - INFO - グループ計算開始: acoustic
2026-05-03 15:18:57,053 - INFO - 品質保証適用: 6個の特徴量
2026-05-03 15:18:57,053 - INFO - グループ計算完了: acoustic - 6個の特徴量
2026-05-03 15:18:57,117 - INFO - グループデータ実現化完了: 59行
2026-05-03 15:18:57,173 - INFO - グループ処理開始: signal_stats (3個の特徴量)
2026-05-03 15:18:57,173 - INFO - グループ計算開始: signal_stats
2026-05-03 15:18:57,174 - INFO - 品質保証適用: 3個の特徴量
2026-05-03 15:18:57,174 - INFO - グループ計算完了: signal_stats - 3個の特徴量
2026-05-03 15:18:57,208 - INFO - グループデータ実現化完了: 59行
2026-05-03 15:18:57,265 - INFO - 全グループ計算完了。ファイルの結合を開始します...
2026-05-03 15:18:57,492 - INFO - NaN埋め処理開始
2026-05-03 15:18:57,493 - INFO - NaN埋め処理完了: 62個の特徴量
2026-05-03 15:18:57,493 - INFO - 特徴量保存開始: /workspace/data/XAUUSD/stratum_2_features/feature_value_a_vast_universeE/features_e1e_MN.parquet
2026-05-03 15:18:57,499 - INFO - NaN埋め処理開始
2026-05-03 15:18:57,500 - INFO - NaN埋め処理完了: 62個の特徴量
2026-05-03 15:18:57,525 - INFO - 保存完了: 0.03MB, 0.02秒
2026-05-03 15:18:57,525 - INFO - === 通常処理完了: MN - 1.35秒 ===
2026-05-03 15:18:57,525 - INFO - 一時ディレクトリ削除: /tmp/features_e1e_erd2svob

============================================================
処理開始...
============================================================

全ての要求された処理が完了しました。総処理時間: 1557.32秒
