2026-05-03 18:04:25 [INFO] ============================================================
2026-05-03 18:04:25 [INFO] 2_B_statistical_filter.py 開始
2026-05-03 18:04:25 [INFO] ============================================================
2026-05-03 18:04:25 [INFO] 特徴量ソースファイルを探索中: /workspace/data/XAUUSD/stratum_2_features_validated
2026-05-03 18:04:26 [INFO]   発見したソース数: 84
2026-05-03 18:04:28 [INFO] [Phase 6 Filter] 入力段階で sample_weight 系を 56 件除外しました
2026-05-03 18:04:28 [INFO]   発見した特徴量数（サフィックス付き）: 4683
2026-05-03 18:04:28 [INFO] フィルター①: 分散フィルター (threshold=1.00e-06)
2026-05-03 18:05:30 [INFO]   除外: 581 件 / 生存: 4102 件
2026-05-03 18:05:30 [INFO] フィルター②: 欠損率フィルター (threshold=30.0%)
2026-05-03 18:06:18 [INFO]   除外: 0 件 / 生存: 4102 件
2026-05-03 18:06:18 [INFO] フィルター③: 相関フィルター (threshold=0.95, sample_size=200000)
2026-05-03 18:06:18 [INFO]   サンプルデータをロード中...
2026-05-03 18:11:01 [INFO]   相関行列を計算中（4102 特徴量）...
2026-05-03 18:11:01 [INFO]   特徴量数が 2000 を超えるためチャンク処理を実施します。
2026-05-03 18:11:15 [INFO]   チャンク処理（2段階方式）: 4102 特徴量 × 2000 チャンクサイズ
2026-05-03 18:11:40 [INFO]   除外: 1951 件 / 生存: 2151 件
2026-05-03 18:11:40 [INFO] 出力分類を実行中...
2026-05-03 18:11:40 [INFO]   LF 特徴量 → /workspace/data/XAUUSD/stratum_3_artifacts/filtered_lf_features.txt (184 件)
2026-05-03 18:11:40 [INFO]   HF 特徴量 → /workspace/data/XAUUSD/stratum_3_artifacts/filtered_hf_features.txt (1967 件)
2026-05-03 18:11:40 [INFO] ============================================================
2026-05-03 18:11:40 [INFO] フィルター統計サマリー
2026-05-03 18:11:40 [INFO]   初期特徴量数        : 4683
2026-05-03 18:11:40 [INFO]   分散フィルター除外   : 581
2026-05-03 18:11:40 [INFO]   欠損率フィルター除外 : 0
2026-05-03 18:11:40 [INFO]   相関フィルター除外   : 1951
2026-05-03 18:11:40 [INFO]   最終生存数           : 2151
2026-05-03 18:11:40 [INFO]     └ LF : 184
2026-05-03 18:11:40 [INFO]     └ HF : 1967
2026-05-03 18:11:40 [INFO] ============================================================
2026-05-03 18:11:40 [INFO] フィルター統計 JSON を保存しました: /workspace/data/XAUUSD/stratum_3_artifacts/2B_filter_stats.json
2026-05-03 18:11:40 [INFO] 2_B_statistical_filter.py 完了
