2026-05-04 10:31:49,328 - INFO - ### Stage 0: Intermediate Aggregation Script ###
2026-05-04 10:31:49,328 - INFO - Aggregating daily partitioned data into monthly partitions...
2026-05-04 10:31:49,328 - INFO - Input base: /workspace/data/XAUUSD/stratum_6_training/labeled_dataset_partitioned_v2
2026-05-04 10:31:49,328 - INFO - Output directory: /workspace/data/XAUUSD/stratum_6_training/labeled_dataset_monthly_v2
2026-05-04 10:31:49,546 - INFO - Processing 59 months one by one to avoid OOM...
2026-05-04 10:32:10,455 - INFO -   -> Done: 2021-10
2026-05-04 10:32:30,153 - INFO -   -> Done: 2021-11
2026-05-04 10:32:49,485 - INFO -   -> Done: 2021-12
2026-05-04 10:33:02,682 - INFO -   -> Done: 2021-07
2026-05-04 10:33:22,616 - INFO -   -> Done: 2021-08
2026-05-04 10:33:42,081 - INFO -   -> Done: 2021-09
2026-05-04 10:34:01,766 - INFO -   -> Done: 2022-01
2026-05-04 10:34:19,297 - INFO -   -> Done: 2022-10
2026-05-04 10:34:39,605 - INFO -   -> Done: 2022-11
2026-05-04 10:34:56,966 - INFO -   -> Done: 2022-12
2026-05-04 10:35:16,520 - INFO -   -> Done: 2022-02
2026-05-04 10:35:38,005 - INFO -   -> Done: 2022-03
2026-05-04 10:35:57,453 - INFO -   -> Done: 2022-04
2026-05-04 10:36:16,925 - INFO -   -> Done: 2022-05
2026-05-04 10:36:36,540 - INFO -   -> Done: 2022-06
2026-05-04 10:36:53,921 - INFO -   -> Done: 2022-07
2026-05-04 10:37:14,484 - INFO -   -> Done: 2022-08
2026-05-04 10:37:34,512 - INFO -   -> Done: 2022-09
2026-05-04 10:37:53,494 - INFO -   -> Done: 2023-01
2026-05-04 10:38:15,396 - INFO -   -> Done: 2023-10
2026-05-04 10:38:34,367 - INFO -   -> Done: 2023-11
2026-05-04 10:38:52,064 - INFO -   -> Done: 2023-12
2026-05-04 10:39:09,850 - INFO -   -> Done: 2023-02
2026-05-04 10:39:30,667 - INFO -   -> Done: 2023-03
2026-05-04 10:39:48,181 - INFO -   -> Done: 2023-04
2026-05-04 10:40:07,505 - INFO -   -> Done: 2023-05
2026-05-04 10:40:25,338 - INFO -   -> Done: 2023-06
2026-05-04 10:40:42,820 - INFO -   -> Done: 2023-07
2026-05-04 10:41:02,146 - INFO -   -> Done: 2023-08
2026-05-04 10:41:20,117 - INFO -   -> Done: 2023-09
2026-05-04 10:41:40,976 - INFO -   -> Done: 2024-01
2026-05-04 10:42:02,154 - INFO -   -> Done: 2024-10
2026-05-04 10:42:21,348 - INFO -   -> Done: 2024-11
2026-05-04 10:42:41,732 - INFO -   -> Done: 2024-12
2026-05-04 10:43:00,949 - INFO -   -> Done: 2024-02
2026-05-04 10:43:20,207 - INFO -   -> Done: 2024-03
2026-05-04 10:43:41,110 - INFO -   -> Done: 2024-04
2026-05-04 10:44:02,194 - INFO -   -> Done: 2024-05
2026-05-04 10:44:21,472 - INFO -   -> Done: 2024-06
2026-05-04 10:44:42,208 - INFO -   -> Done: 2024-07
2026-05-04 10:45:03,750 - INFO -   -> Done: 2024-08
2026-05-04 10:45:22,718 - INFO -   -> Done: 2024-09
2026-05-04 10:45:43,304 - INFO -   -> Done: 2025-01
2026-05-04 10:46:06,452 - INFO -   -> Done: 2025-10
2026-05-04 10:46:27,686 - INFO -   -> Done: 2025-11
2026-05-04 10:46:48,784 - INFO -   -> Done: 2025-12
2026-05-04 10:47:07,870 - INFO -   -> Done: 2025-02
2026-05-04 10:47:27,977 - INFO -   -> Done: 2025-03
2026-05-04 10:47:48,567 - INFO -   -> Done: 2025-04
2026-05-04 10:48:09,174 - INFO -   -> Done: 2025-05
2026-05-04 10:48:30,172 - INFO -   -> Done: 2025-06
2026-05-04 10:48:52,735 - INFO -   -> Done: 2025-07
2026-05-04 10:49:13,107 - INFO -   -> Done: 2025-08
2026-05-04 10:49:33,719 - INFO -   -> Done: 2025-09
2026-05-04 10:49:54,272 - INFO -   -> Done: 2026-01
2026-05-04 10:50:13,629 - INFO -   -> Done: 2026-02
2026-05-04 10:50:35,988 - INFO -   -> Done: 2026-03
2026-05-04 10:50:57,430 - INFO -   -> Done: 2026-04
2026-05-04 10:50:59,156 - INFO -   -> Done: 2026-05
2026-05-04 10:50:59,158 - INFO - All months processed successfully.
2026-05-04 10:51:05,893 - INFO - DuckDB connection closed.
2026-05-04 10:51:05,893 - INFO - 
============================================================
2026-05-04 10:51:05,893 - INFO - ### Intermediate Aggregation COMPLETED! ###
2026-05-04 10:51:05,893 - INFO - Monthly aggregated data is now ready in: /workspace/data/XAUUSD/stratum_6_training/labeled_dataset_monthly_v2
2026-05-04 10:51:05,893 - INFO - ============================================================
